Architecture:          x86_64
CPU op-mode(s):        32-bit, 64-bit
Byte Order:            Little Endian
CPU(s):                40
On-line CPU(s) list:   0-39
Thread(s) per core:    1
Core(s) per socket:    20
Socket(s):             2
NUMA node(s):          2
Vendor ID:             GenuineIntel
CPU family:            6
Model:                 85
Model name:            Intel(R) Xeon(R) Gold 6138 CPU @ 2.00GHz
Stepping:              4
CPU MHz:               2668.090
CPU max MHz:           3700,0000
CPU min MHz:           1000,0000
BogoMIPS:              4000.00
Virtualization:        VT-x
L1d cache:             32K
L1i cache:             32K
L2 cache:              1024K
L3 cache:              28160K
NUMA node0 CPU(s):     0-19
NUMA node1 CPU(s):     20-39
Flags:                 fpu vme de pse tsc msr pae mce cx8 apic sep mtrr pge mca cmov pat pse36 clflush dts acpi mmx fxsr sse sse2 ss ht tm pbe syscall nx pdpe1gb rdtscp lm constant_tsc art arch_perfmon pebs bts rep_good nopl xtopology nonstop_tsc aperfmperf eagerfpu pni pclmulqdq dtes64 monitor ds_cpl vmx smx est tm2 ssse3 sdbg fma cx16 xtpr pdcm pcid dca sse4_1 sse4_2 x2apic movbe popcnt tsc_deadline_timer aes xsave avx f16c rdrand lahf_lm abm 3dnowprefetch epb cat_l3 cdp_l3 intel_ppin intel_pt ssbd mba ibrs ibpb stibp tpr_shadow vnmi flexpriority ept vpid fsgsbase tsc_adjust bmi1 hle avx2 smep bmi2 erms invpcid rtm cqm mpx rdt_a avx512f avx512dq rdseed adx smap clflushopt clwb avx512cd avx512bw avx512vl xsaveopt xsavec xgetbv1 cqm_llc cqm_occup_llc cqm_mbm_total cqm_mbm_local dtherm ida arat pln pts hwp hwp_act_window hwp_pkg_req pku ospke spec_ctrl intel_stibp flush_l1d
Sun Jul 12 12:00:53 2020       
+-----------------------------------------------------------------------------+
| NVIDIA-SMI 396.44                 Driver Version: 396.44                    |
|-------------------------------+----------------------+----------------------+
| GPU  Name        Persistence-M| Bus-Id        Disp.A | Volatile Uncorr. ECC |
| Fan  Temp  Perf  Pwr:Usage/Cap|         Memory-Usage | GPU-Util  Compute M. |
|===============================+======================+======================|
|   0  Tesla P100-PCIE...  Off  | 00000000:37:00.0 Off |                    0 |
| N/A   40C    P0    27W / 250W |      0MiB / 12198MiB |      0%      Default |
+-------------------------------+----------------------+----------------------+
                                                                               
+-----------------------------------------------------------------------------+
| Processes:                                                       GPU Memory |
|  GPU       PID   Type   Process name                             Usage      |
|=============================================================================|
|  No running processes found                                                 |
+-----------------------------------------------------------------------------+
nvcc main.cpp dgemm.cu dtrsm.cu -o labgpu20.x -O3 -L/usr/X11R6/lib -lm -lpthread -lX11 -lcublas -arch=sm_60
==25920== NVPROF is profiling process 25920, command: ./labgpu20.x 5 4096 4096 --benchmark -numdevices=1
==25920== Profiling application: ./labgpu20.x 5 4096 4096 --benchmark -numdevices=1
==25920== Profiling result:
   Start  Duration            Grid Size      Block Size     Regs*    SSMem*    DSMem*      Size  Throughput  SrcMemType  DstMemType           Device   Context    Stream  Name
324.01ms  31.797ms                    -               -         -         -         -  128.00MB  3.9311GB/s    Pageable      Device  Tesla P100-PCIE         1         7  [CUDA memcpy HtoD]
356.06ms  31.946ms                    -               -         -         -         -  128.00MB  3.9128GB/s    Pageable      Device  Tesla P100-PCIE         1         7  [CUDA memcpy HtoD]
388.03ms  43.968us            (128 1 1)       (32 32 1)        29  16.000KB        0B         -           -           -           -  Tesla P100-PCIE         1         7  dtrsm_32_shared_kernel(double, double*, int, double*, int, int, int) [114]
388.07ms  17.216us            (128 1 1)       (32 32 1)        32  16.000KB        0B         -           -           -           -  Tesla P100-PCIE         1         7  dgemm_shared_kernel(int, double, double*, int, double*, int, double, double*, int, int, int, int) [128]
388.09ms  39.008us            (128 1 1)       (32 32 1)        29  16.000KB        0B         -           -           -           -  Tesla P100-PCIE         1         7  dtrsm_32_shared_kernel(double, double*, int, double*, int, int, int) [137]
388.13ms  44.864us            (128 2 1)       (32 32 1)        32  16.000KB        0B         -           -           -           -  Tesla P100-PCIE         1         7  dgemm_shared_kernel(int, double, double*, int, double*, int, double, double*, int, int, int, int) [151]
388.18ms  40.608us            (128 1 1)       (32 32 1)        29  16.000KB        0B         -           -           -           -  Tesla P100-PCIE         1         7  dtrsm_32_shared_kernel(double, double*, int, double*, int, int, int) [160]
388.22ms  15.136us            (128 1 1)       (32 32 1)        32  16.000KB        0B         -           -           -           -  Tesla P100-PCIE         1         7  dgemm_shared_kernel(int, double, double*, int, double*, int, double, double*, int, int, int, int) [174]
388.24ms  39.424us            (128 1 1)       (32 32 1)        29  16.000KB        0B         -           -           -           -  Tesla P100-PCIE         1         7  dtrsm_32_shared_kernel(double, double*, int, double*, int, int, int) [183]
388.28ms  148.32us            (128 4 1)       (32 32 1)        32  16.000KB        0B         -           -           -           -  Tesla P100-PCIE         1         7  dgemm_shared_kernel(int, double, double*, int, double*, int, double, double*, int, int, int, int) [197]
388.43ms  40.128us            (128 1 1)       (32 32 1)        29  16.000KB        0B         -           -           -           -  Tesla P100-PCIE         1         7  dtrsm_32_shared_kernel(double, double*, int, double*, int, int, int) [206]
388.47ms  17.280us            (128 1 1)       (32 32 1)        32  16.000KB        0B         -           -           -           -  Tesla P100-PCIE         1         7  dgemm_shared_kernel(int, double, double*, int, double*, int, double, double*, int, int, int, int) [220]
388.48ms  38.655us            (128 1 1)       (32 32 1)        29  16.000KB        0B         -           -           -           -  Tesla P100-PCIE         1         7  dtrsm_32_shared_kernel(double, double*, int, double*, int, int, int) [229]
388.52ms  43.872us            (128 2 1)       (32 32 1)        32  16.000KB        0B         -           -           -           -  Tesla P100-PCIE         1         7  dgemm_shared_kernel(int, double, double*, int, double*, int, double, double*, int, int, int, int) [243]
388.57ms  41.312us            (128 1 1)       (32 32 1)        29  16.000KB        0B         -           -           -           -  Tesla P100-PCIE         1         7  dtrsm_32_shared_kernel(double, double*, int, double*, int, int, int) [252]
388.61ms  14.880us            (128 1 1)       (32 32 1)        32  16.000KB        0B         -           -           -           -  Tesla P100-PCIE         1         7  dgemm_shared_kernel(int, double, double*, int, double*, int, double, double*, int, int, int, int) [266]
388.63ms  39.872us            (128 1 1)       (32 32 1)        29  16.000KB        0B         -           -           -           -  Tesla P100-PCIE         1         7  dtrsm_32_shared_kernel(double, double*, int, double*, int, int, int) [275]
388.67ms  529.18us            (128 8 1)       (32 32 1)        32  16.000KB        0B         -           -           -           -  Tesla P100-PCIE         1         7  dgemm_shared_kernel(int, double, double*, int, double*, int, double, double*, int, int, int, int) [289]
389.20ms  40.192us            (128 1 1)       (32 32 1)        29  16.000KB        0B         -           -           -           -  Tesla P100-PCIE         1         7  dtrsm_32_shared_kernel(double, double*, int, double*, int, int, int) [298]
389.24ms  17.728us            (128 1 1)       (32 32 1)        32  16.000KB        0B         -           -           -           -  Tesla P100-PCIE         1         7  dgemm_shared_kernel(int, double, double*, int, double*, int, double, double*, int, int, int, int) [312]
389.26ms  38.976us            (128 1 1)       (32 32 1)        29  16.000KB        0B         -           -           -           -  Tesla P100-PCIE         1         7  dtrsm_32_shared_kernel(double, double*, int, double*, int, int, int) [321]
389.30ms  44.352us            (128 2 1)       (32 32 1)        32  16.000KB        0B         -           -           -           -  Tesla P100-PCIE         1         7  dgemm_shared_kernel(int, double, double*, int, double*, int, double, double*, int, int, int, int) [335]
389.34ms  40.768us            (128 1 1)       (32 32 1)        29  16.000KB        0B         -           -           -           -  Tesla P100-PCIE         1         7  dtrsm_32_shared_kernel(double, double*, int, double*, int, int, int) [344]
389.38ms  14.976us            (128 1 1)       (32 32 1)        32  16.000KB        0B         -           -           -           -  Tesla P100-PCIE         1         7  dgemm_shared_kernel(int, double, double*, int, double*, int, double, double*, int, int, int, int) [358]
389.40ms  38.688us            (128 1 1)       (32 32 1)        29  16.000KB        0B         -           -           -           -  Tesla P100-PCIE         1         7  dtrsm_32_shared_kernel(double, double*, int, double*, int, int, int) [367]
389.44ms  151.04us            (128 4 1)       (32 32 1)        32  16.000KB        0B         -           -           -           -  Tesla P100-PCIE         1         7  dgemm_shared_kernel(int, double, double*, int, double*, int, double, double*, int, int, int, int) [381]
389.59ms  40.576us            (128 1 1)       (32 32 1)        29  16.000KB        0B         -           -           -           -  Tesla P100-PCIE         1         7  dtrsm_32_shared_kernel(double, double*, int, double*, int, int, int) [390]
389.63ms  17.056us            (128 1 1)       (32 32 1)        32  16.000KB        0B         -           -           -           -  Tesla P100-PCIE         1         7  dgemm_shared_kernel(int, double, double*, int, double*, int, double, double*, int, int, int, int) [404]
389.65ms  38.912us            (128 1 1)       (32 32 1)        29  16.000KB        0B         -           -           -           -  Tesla P100-PCIE         1         7  dtrsm_32_shared_kernel(double, double*, int, double*, int, int, int) [413]
389.69ms  44.799us            (128 2 1)       (32 32 1)        32  16.000KB        0B         -           -           -           -  Tesla P100-PCIE         1         7  dgemm_shared_kernel(int, double, double*, int, double*, int, double, double*, int, int, int, int) [427]
389.74ms  40.000us            (128 1 1)       (32 32 1)        29  16.000KB        0B         -           -           -           -  Tesla P100-PCIE         1         7  dtrsm_32_shared_kernel(double, double*, int, double*, int, int, int) [436]
389.78ms  14.816us            (128 1 1)       (32 32 1)        32  16.000KB        0B         -           -           -           -  Tesla P100-PCIE         1         7  dgemm_shared_kernel(int, double, double*, int, double*, int, double, double*, int, int, int, int) [450]
389.79ms  38.592us            (128 1 1)       (32 32 1)        29  16.000KB        0B         -           -           -           -  Tesla P100-PCIE         1         7  dtrsm_32_shared_kernel(double, double*, int, double*, int, int, int) [459]
389.83ms  2.0134ms           (128 16 1)       (32 32 1)        32  16.000KB        0B         -           -           -           -  Tesla P100-PCIE         1         7  dgemm_shared_kernel(int, double, double*, int, double*, int, double, double*, int, int, int, int) [473]
391.85ms  40.288us            (128 1 1)       (32 32 1)        29  16.000KB        0B         -           -           -           -  Tesla P100-PCIE         1         7  dtrsm_32_shared_kernel(double, double*, int, double*, int, int, int) [482]
391.89ms  16.640us            (128 1 1)       (32 32 1)        32  16.000KB        0B         -           -           -           -  Tesla P100-PCIE         1         7  dgemm_shared_kernel(int, double, double*, int, double*, int, double, double*, int, int, int, int) [496]
391.90ms  38.688us            (128 1 1)       (32 32 1)        29  16.000KB        0B         -           -           -           -  Tesla P100-PCIE         1         7  dtrsm_32_shared_kernel(double, double*, int, double*, int, int, int) [505]
391.94ms  43.968us            (128 2 1)       (32 32 1)        32  16.000KB        0B         -           -           -           -  Tesla P100-PCIE         1         7  dgemm_shared_kernel(int, double, double*, int, double*, int, double, double*, int, int, int, int) [519]
391.99ms  40.000us            (128 1 1)       (32 32 1)        29  16.000KB        0B         -           -           -           -  Tesla P100-PCIE         1         7  dtrsm_32_shared_kernel(double, double*, int, double*, int, int, int) [528]
392.03ms  14.784us            (128 1 1)       (32 32 1)        32  16.000KB        0B         -           -           -           -  Tesla P100-PCIE         1         7  dgemm_shared_kernel(int, double, double*, int, double*, int, double, double*, int, int, int, int) [542]
392.05ms  38.720us            (128 1 1)       (32 32 1)        29  16.000KB        0B         -           -           -           -  Tesla P100-PCIE         1         7  dtrsm_32_shared_kernel(double, double*, int, double*, int, int, int) [551]
392.09ms  148.45us            (128 4 1)       (32 32 1)        32  16.000KB        0B         -           -           -           -  Tesla P100-PCIE         1         7  dgemm_shared_kernel(int, double, double*, int, double*, int, double, double*, int, int, int, int) [565]
392.23ms  40.192us            (128 1 1)       (32 32 1)        29  16.000KB        0B         -           -           -           -  Tesla P100-PCIE         1         7  dtrsm_32_shared_kernel(double, double*, int, double*, int, int, int) [574]
392.28ms  17.248us            (128 1 1)       (32 32 1)        32  16.000KB        0B         -           -           -           -  Tesla P100-PCIE         1         7  dgemm_shared_kernel(int, double, double*, int, double*, int, double, double*, int, int, int, int) [588]
392.29ms  38.816us            (128 1 1)       (32 32 1)        29  16.000KB        0B         -           -           -           -  Tesla P100-PCIE         1         7  dtrsm_32_shared_kernel(double, double*, int, double*, int, int, int) [597]
392.33ms  44.288us            (128 2 1)       (32 32 1)        32  16.000KB        0B         -           -           -           -  Tesla P100-PCIE         1         7  dgemm_shared_kernel(int, double, double*, int, double*, int, double, double*, int, int, int, int) [611]
392.38ms  40.032us            (128 1 1)       (32 32 1)        29  16.000KB        0B         -           -           -           -  Tesla P100-PCIE         1         7  dtrsm_32_shared_kernel(double, double*, int, double*, int, int, int) [620]
392.42ms  14.912us            (128 1 1)       (32 32 1)        32  16.000KB        0B         -           -           -           -  Tesla P100-PCIE         1         7  dgemm_shared_kernel(int, double, double*, int, double*, int, double, double*, int, int, int, int) [634]
392.44ms  38.848us            (128 1 1)       (32 32 1)        29  16.000KB        0B         -           -           -           -  Tesla P100-PCIE         1         7  dtrsm_32_shared_kernel(double, double*, int, double*, int, int, int) [643]
392.48ms  530.91us            (128 8 1)       (32 32 1)        32  16.000KB        0B         -           -           -           -  Tesla P100-PCIE         1         7  dgemm_shared_kernel(int, double, double*, int, double*, int, double, double*, int, int, int, int) [657]
393.01ms  40.160us            (128 1 1)       (32 32 1)        29  16.000KB        0B         -           -           -           -  Tesla P100-PCIE         1         7  dtrsm_32_shared_kernel(double, double*, int, double*, int, int, int) [666]
393.05ms  17.344us            (128 1 1)       (32 32 1)        32  16.000KB        0B         -           -           -           -  Tesla P100-PCIE         1         7  dgemm_shared_kernel(int, double, double*, int, double*, int, double, double*, int, int, int, int) [680]
393.07ms  38.720us            (128 1 1)       (32 32 1)        29  16.000KB        0B         -           -           -           -  Tesla P100-PCIE         1         7  dtrsm_32_shared_kernel(double, double*, int, double*, int, int, int) [689]
393.11ms  43.840us            (128 2 1)       (32 32 1)        32  16.000KB        0B         -           -           -           -  Tesla P100-PCIE         1         7  dgemm_shared_kernel(int, double, double*, int, double*, int, double, double*, int, int, int, int) [703]
393.15ms  40.416us            (128 1 1)       (32 32 1)        29  16.000KB        0B         -           -           -           -  Tesla P100-PCIE         1         7  dtrsm_32_shared_kernel(double, double*, int, double*, int, int, int) [712]
393.19ms  14.816us            (128 1 1)       (32 32 1)        32  16.000KB        0B         -           -           -           -  Tesla P100-PCIE         1         7  dgemm_shared_kernel(int, double, double*, int, double*, int, double, double*, int, int, int, int) [726]
393.21ms  38.848us            (128 1 1)       (32 32 1)        29  16.000KB        0B         -           -           -           -  Tesla P100-PCIE         1         7  dtrsm_32_shared_kernel(double, double*, int, double*, int, int, int) [735]
393.25ms  149.12us            (128 4 1)       (32 32 1)        32  16.000KB        0B         -           -           -           -  Tesla P100-PCIE         1         7  dgemm_shared_kernel(int, double, double*, int, double*, int, double, double*, int, int, int, int) [749]
393.40ms  40.863us            (128 1 1)       (32 32 1)        29  16.000KB        0B         -           -           -           -  Tesla P100-PCIE         1         7  dtrsm_32_shared_kernel(double, double*, int, double*, int, int, int) [758]
393.44ms  17.312us            (128 1 1)       (32 32 1)        32  16.000KB        0B         -           -           -           -  Tesla P100-PCIE         1         7  dgemm_shared_kernel(int, double, double*, int, double*, int, double, double*, int, int, int, int) [772]
393.46ms  38.880us            (128 1 1)       (32 32 1)        29  16.000KB        0B         -           -           -           -  Tesla P100-PCIE         1         7  dtrsm_32_shared_kernel(double, double*, int, double*, int, int, int) [781]
393.50ms  43.744us            (128 2 1)       (32 32 1)        32  16.000KB        0B         -           -           -           -  Tesla P100-PCIE         1         7  dgemm_shared_kernel(int, double, double*, int, double*, int, double, double*, int, int, int, int) [795]
393.54ms  40.416us            (128 1 1)       (32 32 1)        29  16.000KB        0B         -           -           -           -  Tesla P100-PCIE         1         7  dtrsm_32_shared_kernel(double, double*, int, double*, int, int, int) [804]
393.58ms  14.880us            (128 1 1)       (32 32 1)        32  16.000KB        0B         -           -           -           -  Tesla P100-PCIE         1         7  dgemm_shared_kernel(int, double, double*, int, double*, int, double, double*, int, int, int, int) [818]
393.60ms  38.624us            (128 1 1)       (32 32 1)        29  16.000KB        0B         -           -           -           -  Tesla P100-PCIE         1         7  dtrsm_32_shared_kernel(double, double*, int, double*, int, int, int) [827]
393.64ms  7.8212ms           (128 32 1)       (32 32 1)        32  16.000KB        0B         -           -           -           -  Tesla P100-PCIE         1         7  dgemm_shared_kernel(int, double, double*, int, double*, int, double, double*, int, int, int, int) [841]
401.46ms  40.032us            (128 1 1)       (32 32 1)        29  16.000KB        0B         -           -           -           -  Tesla P100-PCIE         1         7  dtrsm_32_shared_kernel(double, double*, int, double*, int, int, int) [850]
401.50ms  16.864us            (128 1 1)       (32 32 1)        32  16.000KB        0B         -           -           -           -  Tesla P100-PCIE         1         7  dgemm_shared_kernel(int, double, double*, int, double*, int, double, double*, int, int, int, int) [864]
401.52ms  38.720us            (128 1 1)       (32 32 1)        29  16.000KB        0B         -           -           -           -  Tesla P100-PCIE         1         7  dtrsm_32_shared_kernel(double, double*, int, double*, int, int, int) [873]
401.56ms  44.256us            (128 2 1)       (32 32 1)        32  16.000KB        0B         -           -           -           -  Tesla P100-PCIE         1         7  dgemm_shared_kernel(int, double, double*, int, double*, int, double, double*, int, int, int, int) [887]
401.60ms  40.544us            (128 1 1)       (32 32 1)        29  16.000KB        0B         -           -           -           -  Tesla P100-PCIE         1         7  dtrsm_32_shared_kernel(double, double*, int, double*, int, int, int) [896]
401.64ms  15.008us            (128 1 1)       (32 32 1)        32  16.000KB        0B         -           -           -           -  Tesla P100-PCIE         1         7  dgemm_shared_kernel(int, double, double*, int, double*, int, double, double*, int, int, int, int) [910]
401.66ms  39.136us            (128 1 1)       (32 32 1)        29  16.000KB        0B         -           -           -           -  Tesla P100-PCIE         1         7  dtrsm_32_shared_kernel(double, double*, int, double*, int, int, int) [919]
401.70ms  150.46us            (128 4 1)       (32 32 1)        32  16.000KB        0B         -           -           -           -  Tesla P100-PCIE         1         7  dgemm_shared_kernel(int, double, double*, int, double*, int, double, double*, int, int, int, int) [933]
401.85ms  40.640us            (128 1 1)       (32 32 1)        29  16.000KB        0B         -           -           -           -  Tesla P100-PCIE         1         7  dtrsm_32_shared_kernel(double, double*, int, double*, int, int, int) [942]
401.89ms  16.992us            (128 1 1)       (32 32 1)        32  16.000KB        0B         -           -           -           -  Tesla P100-PCIE         1         7  dgemm_shared_kernel(int, double, double*, int, double*, int, double, double*, int, int, int, int) [956]
401.91ms  38.912us            (128 1 1)       (32 32 1)        29  16.000KB        0B         -           -           -           -  Tesla P100-PCIE         1         7  dtrsm_32_shared_kernel(double, double*, int, double*, int, int, int) [965]
401.95ms  44.640us            (128 2 1)       (32 32 1)        32  16.000KB        0B         -           -           -           -  Tesla P100-PCIE         1         7  dgemm_shared_kernel(int, double, double*, int, double*, int, double, double*, int, int, int, int) [979]
402.00ms  40.607us            (128 1 1)       (32 32 1)        29  16.000KB        0B         -           -           -           -  Tesla P100-PCIE         1         7  dtrsm_32_shared_kernel(double, double*, int, double*, int, int, int) [988]
402.04ms  14.944us            (128 1 1)       (32 32 1)        32  16.000KB        0B         -           -           -           -  Tesla P100-PCIE         1         7  dgemm_shared_kernel(int, double, double*, int, double*, int, double, double*, int, int, int, int) [1002]
402.05ms  38.752us            (128 1 1)       (32 32 1)        29  16.000KB        0B         -           -           -           -  Tesla P100-PCIE         1         7  dtrsm_32_shared_kernel(double, double*, int, double*, int, int, int) [1011]
402.09ms  527.94us            (128 8 1)       (32 32 1)        32  16.000KB        0B         -           -           -           -  Tesla P100-PCIE         1         7  dgemm_shared_kernel(int, double, double*, int, double*, int, double, double*, int, int, int, int) [1025]
402.62ms  40.351us            (128 1 1)       (32 32 1)        29  16.000KB        0B         -           -           -           -  Tesla P100-PCIE         1         7  dtrsm_32_shared_kernel(double, double*, int, double*, int, int, int) [1034]
402.66ms  17.216us            (128 1 1)       (32 32 1)        32  16.000KB        0B         -           -           -           -  Tesla P100-PCIE         1         7  dgemm_shared_kernel(int, double, double*, int, double*, int, double, double*, int, int, int, int) [1048]
402.68ms  38.624us            (128 1 1)       (32 32 1)        29  16.000KB        0B         -           -           -           -  Tesla P100-PCIE         1         7  dtrsm_32_shared_kernel(double, double*, int, double*, int, int, int) [1057]
402.72ms  44.544us            (128 2 1)       (32 32 1)        32  16.000KB        0B         -           -           -           -  Tesla P100-PCIE         1         7  dgemm_shared_kernel(int, double, double*, int, double*, int, double, double*, int, int, int, int) [1071]
402.77ms  40.288us            (128 1 1)       (32 32 1)        29  16.000KB        0B         -           -           -           -  Tesla P100-PCIE         1         7  dtrsm_32_shared_kernel(double, double*, int, double*, int, int, int) [1080]
402.81ms  14.976us            (128 1 1)       (32 32 1)        32  16.000KB        0B         -           -           -           -  Tesla P100-PCIE         1         7  dgemm_shared_kernel(int, double, double*, int, double*, int, double, double*, int, int, int, int) [1094]
402.82ms  38.784us            (128 1 1)       (32 32 1)        29  16.000KB        0B         -           -           -           -  Tesla P100-PCIE         1         7  dtrsm_32_shared_kernel(double, double*, int, double*, int, int, int) [1103]
402.86ms  152.64us            (128 4 1)       (32 32 1)        32  16.000KB        0B         -           -           -           -  Tesla P100-PCIE         1         7  dgemm_shared_kernel(int, double, double*, int, double*, int, double, double*, int, int, int, int) [1117]
403.02ms  40.416us            (128 1 1)       (32 32 1)        29  16.000KB        0B         -           -           -           -  Tesla P100-PCIE         1         7  dtrsm_32_shared_kernel(double, double*, int, double*, int, int, int) [1126]
403.06ms  17.280us            (128 1 1)       (32 32 1)        32  16.000KB        0B         -           -           -           -  Tesla P100-PCIE         1         7  dgemm_shared_kernel(int, double, double*, int, double*, int, double, double*, int, int, int, int) [1140]
403.08ms  39.136us            (128 1 1)       (32 32 1)        29  16.000KB        0B         -           -           -           -  Tesla P100-PCIE         1         7  dtrsm_32_shared_kernel(double, double*, int, double*, int, int, int) [1149]
403.12ms  44.224us            (128 2 1)       (32 32 1)        32  16.000KB        0B         -           -           -           -  Tesla P100-PCIE         1         7  dgemm_shared_kernel(int, double, double*, int, double*, int, double, double*, int, int, int, int) [1163]
403.16ms  40.064us            (128 1 1)       (32 32 1)        29  16.000KB        0B         -           -           -           -  Tesla P100-PCIE         1         7  dtrsm_32_shared_kernel(double, double*, int, double*, int, int, int) [1172]
403.20ms  14.848us            (128 1 1)       (32 32 1)        32  16.000KB        0B         -           -           -           -  Tesla P100-PCIE         1         7  dgemm_shared_kernel(int, double, double*, int, double*, int, double, double*, int, int, int, int) [1186]
403.22ms  38.623us            (128 1 1)       (32 32 1)        29  16.000KB        0B         -           -           -           -  Tesla P100-PCIE         1         7  dtrsm_32_shared_kernel(double, double*, int, double*, int, int, int) [1195]
403.26ms  2.0068ms           (128 16 1)       (32 32 1)        32  16.000KB        0B         -           -           -           -  Tesla P100-PCIE         1         7  dgemm_shared_kernel(int, double, double*, int, double*, int, double, double*, int, int, int, int) [1209]
405.26ms  40.320us            (128 1 1)       (32 32 1)        29  16.000KB        0B         -           -           -           -  Tesla P100-PCIE         1         7  dtrsm_32_shared_kernel(double, double*, int, double*, int, int, int) [1218]
405.31ms  17.184us            (128 1 1)       (32 32 1)        32  16.000KB        0B         -           -           -           -  Tesla P100-PCIE         1         7  dgemm_shared_kernel(int, double, double*, int, double*, int, double, double*, int, int, int, int) [1232]
405.32ms  38.592us            (128 1 1)       (32 32 1)        29  16.000KB        0B         -           -           -           -  Tesla P100-PCIE         1         7  dtrsm_32_shared_kernel(double, double*, int, double*, int, int, int) [1241]
405.36ms  44.448us            (128 2 1)       (32 32 1)        32  16.000KB        0B         -           -           -           -  Tesla P100-PCIE         1         7  dgemm_shared_kernel(int, double, double*, int, double*, int, double, double*, int, int, int, int) [1255]
405.41ms  40.256us            (128 1 1)       (32 32 1)        29  16.000KB        0B         -           -           -           -  Tesla P100-PCIE         1         7  dtrsm_32_shared_kernel(double, double*, int, double*, int, int, int) [1264]
405.45ms  15.104us            (128 1 1)       (32 32 1)        32  16.000KB        0B         -           -           -           -  Tesla P100-PCIE         1         7  dgemm_shared_kernel(int, double, double*, int, double*, int, double, double*, int, int, int, int) [1278]
405.47ms  38.688us            (128 1 1)       (32 32 1)        29  16.000KB        0B         -           -           -           -  Tesla P100-PCIE         1         7  dtrsm_32_shared_kernel(double, double*, int, double*, int, int, int) [1287]
405.50ms  149.95us            (128 4 1)       (32 32 1)        32  16.000KB        0B         -           -           -           -  Tesla P100-PCIE         1         7  dgemm_shared_kernel(int, double, double*, int, double*, int, double, double*, int, int, int, int) [1301]
405.66ms  40.735us            (128 1 1)       (32 32 1)        29  16.000KB        0B         -           -           -           -  Tesla P100-PCIE         1         7  dtrsm_32_shared_kernel(double, double*, int, double*, int, int, int) [1310]
405.70ms  17.312us            (128 1 1)       (32 32 1)        32  16.000KB        0B         -           -           -           -  Tesla P100-PCIE         1         7  dgemm_shared_kernel(int, double, double*, int, double*, int, double, double*, int, int, int, int) [1324]
405.72ms  38.816us            (128 1 1)       (32 32 1)        29  16.000KB        0B         -           -           -           -  Tesla P100-PCIE         1         7  dtrsm_32_shared_kernel(double, double*, int, double*, int, int, int) [1333]
405.75ms  44.448us            (128 2 1)       (32 32 1)        32  16.000KB        0B         -           -           -           -  Tesla P100-PCIE         1         7  dgemm_shared_kernel(int, double, double*, int, double*, int, double, double*, int, int, int, int) [1347]
405.80ms  40.640us            (128 1 1)       (32 32 1)        29  16.000KB        0B         -           -           -           -  Tesla P100-PCIE         1         7  dtrsm_32_shared_kernel(double, double*, int, double*, int, int, int) [1356]
405.84ms  14.912us            (128 1 1)       (32 32 1)        32  16.000KB        0B         -           -           -           -  Tesla P100-PCIE         1         7  dgemm_shared_kernel(int, double, double*, int, double*, int, double, double*, int, int, int, int) [1370]
405.86ms  38.848us            (128 1 1)       (32 32 1)        29  16.000KB        0B         -           -           -           -  Tesla P100-PCIE         1         7  dtrsm_32_shared_kernel(double, double*, int, double*, int, int, int) [1379]
405.90ms  529.57us            (128 8 1)       (32 32 1)        32  16.000KB        0B         -           -           -           -  Tesla P100-PCIE         1         7  dgemm_shared_kernel(int, double, double*, int, double*, int, double, double*, int, int, int, int) [1393]
406.43ms  40.256us            (128 1 1)       (32 32 1)        29  16.000KB        0B         -           -           -           -  Tesla P100-PCIE         1         7  dtrsm_32_shared_kernel(double, double*, int, double*, int, int, int) [1402]
406.47ms  17.344us            (128 1 1)       (32 32 1)        32  16.000KB        0B         -           -           -           -  Tesla P100-PCIE         1         7  dgemm_shared_kernel(int, double, double*, int, double*, int, double, double*, int, int, int, int) [1416]
406.49ms  38.752us            (128 1 1)       (32 32 1)        29  16.000KB        0B         -           -           -           -  Tesla P100-PCIE         1         7  dtrsm_32_shared_kernel(double, double*, int, double*, int, int, int) [1425]
406.53ms  44.448us            (128 2 1)       (32 32 1)        32  16.000KB        0B         -           -           -           -  Tesla P100-PCIE         1         7  dgemm_shared_kernel(int, double, double*, int, double*, int, double, double*, int, int, int, int) [1439]
406.57ms  40.544us            (128 1 1)       (32 32 1)        29  16.000KB        0B         -           -           -           -  Tesla P100-PCIE         1         7  dtrsm_32_shared_kernel(double, double*, int, double*, int, int, int) [1448]
406.61ms  14.944us            (128 1 1)       (32 32 1)        32  16.000KB        0B         -           -           -           -  Tesla P100-PCIE         1         7  dgemm_shared_kernel(int, double, double*, int, double*, int, double, double*, int, int, int, int) [1462]
406.63ms  38.976us            (128 1 1)       (32 32 1)        29  16.000KB        0B         -           -           -           -  Tesla P100-PCIE         1         7  dtrsm_32_shared_kernel(double, double*, int, double*, int, int, int) [1471]
406.67ms  150.08us            (128 4 1)       (32 32 1)        32  16.000KB        0B         -           -           -           -  Tesla P100-PCIE         1         7  dgemm_shared_kernel(int, double, double*, int, double*, int, double, double*, int, int, int, int) [1485]
406.82ms  40.864us            (128 1 1)       (32 32 1)        29  16.000KB        0B         -           -           -           -  Tesla P100-PCIE         1         7  dtrsm_32_shared_kernel(double, double*, int, double*, int, int, int) [1494]
406.86ms  17.184us            (128 1 1)       (32 32 1)        32  16.000KB        0B         -           -           -           -  Tesla P100-PCIE         1         7  dgemm_shared_kernel(int, double, double*, int, double*, int, double, double*, int, int, int, int) [1508]
406.88ms  38.816us            (128 1 1)       (32 32 1)        29  16.000KB        0B         -           -           -           -  Tesla P100-PCIE         1         7  dtrsm_32_shared_kernel(double, double*, int, double*, int, int, int) [1517]
406.92ms  44.191us            (128 2 1)       (32 32 1)        32  16.000KB        0B         -           -           -           -  Tesla P100-PCIE         1         7  dgemm_shared_kernel(int, double, double*, int, double*, int, double, double*, int, int, int, int) [1531]
406.96ms  40.384us            (128 1 1)       (32 32 1)        29  16.000KB        0B         -           -           -           -  Tesla P100-PCIE         1         7  dtrsm_32_shared_kernel(double, double*, int, double*, int, int, int) [1540]
407.00ms  14.720us            (128 1 1)       (32 32 1)        32  16.000KB        0B         -           -           -           -  Tesla P100-PCIE         1         7  dgemm_shared_kernel(int, double, double*, int, double*, int, double, double*, int, int, int, int) [1554]
407.02ms  38.688us            (128 1 1)       (32 32 1)        29  16.000KB        0B         -           -           -           -  Tesla P100-PCIE         1         7  dtrsm_32_shared_kernel(double, double*, int, double*, int, int, int) [1563]
407.06ms  32.861ms           (128 64 1)       (32 32 1)        32  16.000KB        0B         -           -           -           -  Tesla P100-PCIE         1         7  dgemm_shared_kernel(int, double, double*, int, double*, int, double, double*, int, int, int, int) [1577]
439.92ms  44.096us            (128 1 1)       (32 32 1)        29  16.000KB        0B         -           -           -           -  Tesla P100-PCIE         1         7  dtrsm_32_shared_kernel(double, double*, int, double*, int, int, int) [1586]
439.97ms  17.984us            (128 1 1)       (32 32 1)        32  16.000KB        0B         -           -           -           -  Tesla P100-PCIE         1         7  dgemm_shared_kernel(int, double, double*, int, double*, int, double, double*, int, int, int, int) [1600]
439.99ms  42.624us            (128 1 1)       (32 32 1)        29  16.000KB        0B         -           -           -           -  Tesla P100-PCIE         1         7  dtrsm_32_shared_kernel(double, double*, int, double*, int, int, int) [1609]
440.03ms  47.231us            (128 2 1)       (32 32 1)        32  16.000KB        0B         -           -           -           -  Tesla P100-PCIE         1         7  dgemm_shared_kernel(int, double, double*, int, double*, int, double, double*, int, int, int, int) [1623]
440.08ms  43.552us            (128 1 1)       (32 32 1)        29  16.000KB        0B         -           -           -           -  Tesla P100-PCIE         1         7  dtrsm_32_shared_kernel(double, double*, int, double*, int, int, int) [1632]
440.12ms  16.448us            (128 1 1)       (32 32 1)        32  16.000KB        0B         -           -           -           -  Tesla P100-PCIE         1         7  dgemm_shared_kernel(int, double, double*, int, double*, int, double, double*, int, int, int, int) [1646]
440.14ms  42.464us            (128 1 1)       (32 32 1)        29  16.000KB        0B         -           -           -           -  Tesla P100-PCIE         1         7  dtrsm_32_shared_kernel(double, double*, int, double*, int, int, int) [1655]
440.18ms  164.00us            (128 4 1)       (32 32 1)        32  16.000KB        0B         -           -           -           -  Tesla P100-PCIE         1         7  dgemm_shared_kernel(int, double, double*, int, double*, int, double, double*, int, int, int, int) [1669]
440.35ms  43.776us            (128 1 1)       (32 32 1)        29  16.000KB        0B         -           -           -           -  Tesla P100-PCIE         1         7  dtrsm_32_shared_kernel(double, double*, int, double*, int, int, int) [1678]
440.39ms  18.624us            (128 1 1)       (32 32 1)        32  16.000KB        0B         -           -           -           -  Tesla P100-PCIE         1         7  dgemm_shared_kernel(int, double, double*, int, double*, int, double, double*, int, int, int, int) [1692]
440.41ms  43.104us            (128 1 1)       (32 32 1)        29  16.000KB        0B         -           -           -           -  Tesla P100-PCIE         1         7  dtrsm_32_shared_kernel(double, double*, int, double*, int, int, int) [1701]
440.46ms  47.776us            (128 2 1)       (32 32 1)        32  16.000KB        0B         -           -           -           -  Tesla P100-PCIE         1         7  dgemm_shared_kernel(int, double, double*, int, double*, int, double, double*, int, int, int, int) [1715]
440.50ms  44.000us            (128 1 1)       (32 32 1)        29  16.000KB        0B         -           -           -           -  Tesla P100-PCIE         1         7  dtrsm_32_shared_kernel(double, double*, int, double*, int, int, int) [1724]
440.55ms  16.224us            (128 1 1)       (32 32 1)        32  16.000KB        0B         -           -           -           -  Tesla P100-PCIE         1         7  dgemm_shared_kernel(int, double, double*, int, double*, int, double, double*, int, int, int, int) [1738]
440.57ms  42.592us            (128 1 1)       (32 32 1)        29  16.000KB        0B         -           -           -           -  Tesla P100-PCIE         1         7  dtrsm_32_shared_kernel(double, double*, int, double*, int, int, int) [1747]
440.61ms  589.12us            (128 8 1)       (32 32 1)        32  16.000KB        0B         -           -           -           -  Tesla P100-PCIE         1         7  dgemm_shared_kernel(int, double, double*, int, double*, int, double, double*, int, int, int, int) [1761]
441.20ms  44.960us            (128 1 1)       (32 32 1)        29  16.000KB        0B         -           -           -           -  Tesla P100-PCIE         1         7  dtrsm_32_shared_kernel(double, double*, int, double*, int, int, int) [1770]
441.25ms  18.912us            (128 1 1)       (32 32 1)        32  16.000KB        0B         -           -           -           -  Tesla P100-PCIE         1         7  dgemm_shared_kernel(int, double, double*, int, double*, int, double, double*, int, int, int, int) [1784]
441.27ms  43.551us            (128 1 1)       (32 32 1)        29  16.000KB        0B         -           -           -           -  Tesla P100-PCIE         1         7  dtrsm_32_shared_kernel(double, double*, int, double*, int, int, int) [1793]
441.31ms  49.856us            (128 2 1)       (32 32 1)        32  16.000KB        0B         -           -           -           -  Tesla P100-PCIE         1         7  dgemm_shared_kernel(int, double, double*, int, double*, int, double, double*, int, int, int, int) [1807]
441.36ms  45.184us            (128 1 1)       (32 32 1)        29  16.000KB        0B         -           -           -           -  Tesla P100-PCIE         1         7  dtrsm_32_shared_kernel(double, double*, int, double*, int, int, int) [1816]
441.41ms  17.056us            (128 1 1)       (32 32 1)        32  16.000KB        0B         -           -           -           -  Tesla P100-PCIE         1         7  dgemm_shared_kernel(int, double, double*, int, double*, int, double, double*, int, int, int, int) [1830]
441.43ms  43.808us            (128 1 1)       (32 32 1)        29  16.000KB        0B         -           -           -           -  Tesla P100-PCIE         1         7  dtrsm_32_shared_kernel(double, double*, int, double*, int, int, int) [1839]
441.47ms  169.89us            (128 4 1)       (32 32 1)        32  16.000KB        0B         -           -           -           -  Tesla P100-PCIE         1         7  dgemm_shared_kernel(int, double, double*, int, double*, int, double, double*, int, int, int, int) [1853]
441.64ms  45.632us            (128 1 1)       (32 32 1)        29  16.000KB        0B         -           -           -           -  Tesla P100-PCIE         1         7  dtrsm_32_shared_kernel(double, double*, int, double*, int, int, int) [1862]
441.69ms  19.360us            (128 1 1)       (32 32 1)        32  16.000KB        0B         -           -           -           -  Tesla P100-PCIE         1         7  dgemm_shared_kernel(int, double, double*, int, double*, int, double, double*, int, int, int, int) [1876]
441.71ms  44.192us            (128 1 1)       (32 32 1)        29  16.000KB        0B         -           -           -           -  Tesla P100-PCIE         1         7  dtrsm_32_shared_kernel(double, double*, int, double*, int, int, int) [1885]
441.75ms  54.272us            (128 2 1)       (32 32 1)        32  16.000KB        0B         -           -           -           -  Tesla P100-PCIE         1         7  dgemm_shared_kernel(int, double, double*, int, double*, int, double, double*, int, int, int, int) [1899]
441.81ms  49.728us            (128 1 1)       (32 32 1)        29  16.000KB        0B         -           -           -           -  Tesla P100-PCIE         1         7  dtrsm_32_shared_kernel(double, double*, int, double*, int, int, int) [1908]
441.86ms  19.744us            (128 1 1)       (32 32 1)        32  16.000KB        0B         -           -           -           -  Tesla P100-PCIE         1         7  dgemm_shared_kernel(int, double, double*, int, double*, int, double, double*, int, int, int, int) [1922]
441.88ms  49.087us            (128 1 1)       (32 32 1)        29  16.000KB        0B         -           -           -           -  Tesla P100-PCIE         1         7  dtrsm_32_shared_kernel(double, double*, int, double*, int, int, int) [1931]
441.93ms  2.6849ms           (128 16 1)       (32 32 1)        32  16.000KB        0B         -           -           -           -  Tesla P100-PCIE         1         7  dgemm_shared_kernel(int, double, double*, int, double*, int, double, double*, int, int, int, int) [1945]
444.62ms  53.056us            (128 1 1)       (32 32 1)        29  16.000KB        0B         -           -           -           -  Tesla P100-PCIE         1         7  dtrsm_32_shared_kernel(double, double*, int, double*, int, int, int) [1954]
444.67ms  21.568us            (128 1 1)       (32 32 1)        32  16.000KB        0B         -           -           -           -  Tesla P100-PCIE         1         7  dgemm_shared_kernel(int, double, double*, int, double*, int, double, double*, int, int, int, int) [1968]
444.69ms  52.416us            (128 1 1)       (32 32 1)        29  16.000KB        0B         -           -           -           -  Tesla P100-PCIE         1         7  dtrsm_32_shared_kernel(double, double*, int, double*, int, int, int) [1977]
444.75ms  56.864us            (128 2 1)       (32 32 1)        32  16.000KB        0B         -           -           -           -  Tesla P100-PCIE         1         7  dgemm_shared_kernel(int, double, double*, int, double*, int, double, double*, int, int, int, int) [1991]
444.81ms  54.080us            (128 1 1)       (32 32 1)        29  16.000KB        0B         -           -           -           -  Tesla P100-PCIE         1         7  dtrsm_32_shared_kernel(double, double*, int, double*, int, int, int) [2000]
444.86ms  19.744us            (128 1 1)       (32 32 1)        32  16.000KB        0B         -           -           -           -  Tesla P100-PCIE         1         7  dgemm_shared_kernel(int, double, double*, int, double*, int, double, double*, int, int, int, int) [2014]
444.88ms  52.448us            (128 1 1)       (32 32 1)        29  16.000KB        0B         -           -           -           -  Tesla P100-PCIE         1         7  dtrsm_32_shared_kernel(double, double*, int, double*, int, int, int) [2023]
444.94ms  199.07us            (128 4 1)       (32 32 1)        32  16.000KB        0B         -           -           -           -  Tesla P100-PCIE         1         7  dgemm_shared_kernel(int, double, double*, int, double*, int, double, double*, int, int, int, int) [2037]
445.14ms  53.536us            (128 1 1)       (32 32 1)        29  16.000KB        0B         -           -           -           -  Tesla P100-PCIE         1         7  dtrsm_32_shared_kernel(double, double*, int, double*, int, int, int) [2046]
445.19ms  21.888us            (128 1 1)       (32 32 1)        32  16.000KB        0B         -           -           -           -  Tesla P100-PCIE         1         7  dgemm_shared_kernel(int, double, double*, int, double*, int, double, double*, int, int, int, int) [2060]
445.21ms  52.672us            (128 1 1)       (32 32 1)        29  16.000KB        0B         -           -           -           -  Tesla P100-PCIE         1         7  dtrsm_32_shared_kernel(double, double*, int, double*, int, int, int) [2069]
445.27ms  57.088us            (128 2 1)       (32 32 1)        32  16.000KB        0B         -           -           -           -  Tesla P100-PCIE         1         7  dgemm_shared_kernel(int, double, double*, int, double*, int, double, double*, int, int, int, int) [2083]
445.33ms  53.440us            (128 1 1)       (32 32 1)        29  16.000KB        0B         -           -           -           -  Tesla P100-PCIE         1         7  dtrsm_32_shared_kernel(double, double*, int, double*, int, int, int) [2092]
445.38ms  19.584us            (128 1 1)       (32 32 1)        32  16.000KB        0B         -           -           -           -  Tesla P100-PCIE         1         7  dgemm_shared_kernel(int, double, double*, int, double*, int, double, double*, int, int, int, int) [2106]
445.40ms  52.384us            (128 1 1)       (32 32 1)        29  16.000KB        0B         -           -           -           -  Tesla P100-PCIE         1         7  dtrsm_32_shared_kernel(double, double*, int, double*, int, int, int) [2115]
445.45ms  711.55us            (128 8 1)       (32 32 1)        32  16.000KB        0B         -           -           -           -  Tesla P100-PCIE         1         7  dgemm_shared_kernel(int, double, double*, int, double*, int, double, double*, int, int, int, int) [2129]
446.17ms  53.247us            (128 1 1)       (32 32 1)        29  16.000KB        0B         -           -           -           -  Tesla P100-PCIE         1         7  dtrsm_32_shared_kernel(double, double*, int, double*, int, int, int) [2138]
446.22ms  21.568us            (128 1 1)       (32 32 1)        32  16.000KB        0B         -           -           -           -  Tesla P100-PCIE         1         7  dgemm_shared_kernel(int, double, double*, int, double*, int, double, double*, int, int, int, int) [2152]
446.24ms  52.416us            (128 1 1)       (32 32 1)        29  16.000KB        0B         -           -           -           -  Tesla P100-PCIE         1         7  dtrsm_32_shared_kernel(double, double*, int, double*, int, int, int) [2161]
446.30ms  56.672us            (128 2 1)       (32 32 1)        32  16.000KB        0B         -           -           -           -  Tesla P100-PCIE         1         7  dgemm_shared_kernel(int, double, double*, int, double*, int, double, double*, int, int, int, int) [2175]
446.36ms  53.760us            (128 1 1)       (32 32 1)        29  16.000KB        0B         -           -           -           -  Tesla P100-PCIE         1         7  dtrsm_32_shared_kernel(double, double*, int, double*, int, int, int) [2184]
446.41ms  19.712us            (128 1 1)       (32 32 1)        32  16.000KB        0B         -           -           -           -  Tesla P100-PCIE         1         7  dgemm_shared_kernel(int, double, double*, int, double*, int, double, double*, int, int, int, int) [2198]
446.43ms  52.512us            (128 1 1)       (32 32 1)        29  16.000KB        0B         -           -           -           -  Tesla P100-PCIE         1         7  dtrsm_32_shared_kernel(double, double*, int, double*, int, int, int) [2207]
446.48ms  199.42us            (128 4 1)       (32 32 1)        32  16.000KB        0B         -           -           -           -  Tesla P100-PCIE         1         7  dgemm_shared_kernel(int, double, double*, int, double*, int, double, double*, int, int, int, int) [2221]
446.69ms  53.120us            (128 1 1)       (32 32 1)        29  16.000KB        0B         -           -           -           -  Tesla P100-PCIE         1         7  dtrsm_32_shared_kernel(double, double*, int, double*, int, int, int) [2230]
446.74ms  21.696us            (128 1 1)       (32 32 1)        32  16.000KB        0B         -           -           -           -  Tesla P100-PCIE         1         7  dgemm_shared_kernel(int, double, double*, int, double*, int, double, double*, int, int, int, int) [2244]
446.76ms  52.480us            (128 1 1)       (32 32 1)        29  16.000KB        0B         -           -           -           -  Tesla P100-PCIE         1         7  dtrsm_32_shared_kernel(double, double*, int, double*, int, int, int) [2253]
446.82ms  57.151us            (128 2 1)       (32 32 1)        32  16.000KB        0B         -           -           -           -  Tesla P100-PCIE         1         7  dgemm_shared_kernel(int, double, double*, int, double*, int, double, double*, int, int, int, int) [2267]
446.87ms  66.880us            (128 1 1)       (32 32 1)        29  16.000KB        0B         -           -           -           -  Tesla P100-PCIE         1         7  dtrsm_32_shared_kernel(double, double*, int, double*, int, int, int) [2276]
446.94ms  19.488us            (128 1 1)       (32 32 1)        32  16.000KB        0B         -           -           -           -  Tesla P100-PCIE         1         7  dgemm_shared_kernel(int, double, double*, int, double*, int, double, double*, int, int, int, int) [2290]
446.96ms  77.696us            (128 1 1)       (32 32 1)        29  16.000KB        0B         -           -           -           -  Tesla P100-PCIE         1         7  dtrsm_32_shared_kernel(double, double*, int, double*, int, int, int) [2299]
447.04ms  10.551ms           (128 32 1)       (32 32 1)        32  16.000KB        0B         -           -           -           -  Tesla P100-PCIE         1         7  dgemm_shared_kernel(int, double, double*, int, double*, int, double, double*, int, int, int, int) [2313]
457.59ms  74.304us            (128 1 1)       (32 32 1)        29  16.000KB        0B         -           -           -           -  Tesla P100-PCIE         1         7  dtrsm_32_shared_kernel(double, double*, int, double*, int, int, int) [2322]
457.67ms  21.632us            (128 1 1)       (32 32 1)        32  16.000KB        0B         -           -           -           -  Tesla P100-PCIE         1         7  dgemm_shared_kernel(int, double, double*, int, double*, int, double, double*, int, int, int, int) [2336]
457.69ms  73.344us            (128 1 1)       (32 32 1)        29  16.000KB        0B         -           -           -           -  Tesla P100-PCIE         1         7  dtrsm_32_shared_kernel(double, double*, int, double*, int, int, int) [2345]
457.77ms  56.992us            (128 2 1)       (32 32 1)        32  16.000KB        0B         -           -           -           -  Tesla P100-PCIE         1         7  dgemm_shared_kernel(int, double, double*, int, double*, int, double, double*, int, int, int, int) [2359]
457.82ms  74.815us            (128 1 1)       (32 32 1)        29  16.000KB        0B         -           -           -           -  Tesla P100-PCIE         1         7  dtrsm_32_shared_kernel(double, double*, int, double*, int, int, int) [2368]
457.90ms  19.712us            (128 1 1)       (32 32 1)        32  16.000KB        0B         -           -           -           -  Tesla P100-PCIE         1         7  dgemm_shared_kernel(int, double, double*, int, double*, int, double, double*, int, int, int, int) [2382]
457.92ms  73.088us            (128 1 1)       (32 32 1)        29  16.000KB        0B         -           -           -           -  Tesla P100-PCIE         1         7  dtrsm_32_shared_kernel(double, double*, int, double*, int, int, int) [2391]
458.00ms  200.32us            (128 4 1)       (32 32 1)        32  16.000KB        0B         -           -           -           -  Tesla P100-PCIE         1         7  dgemm_shared_kernel(int, double, double*, int, double*, int, double, double*, int, int, int, int) [2405]
458.20ms  74.528us            (128 1 1)       (32 32 1)        29  16.000KB        0B         -           -           -           -  Tesla P100-PCIE         1         7  dtrsm_32_shared_kernel(double, double*, int, double*, int, int, int) [2414]
458.27ms  21.760us            (128 1 1)       (32 32 1)        32  16.000KB        0B         -           -           -           -  Tesla P100-PCIE         1         7  dgemm_shared_kernel(int, double, double*, int, double*, int, double, double*, int, int, int, int) [2428]
458.30ms  73.184us            (128 1 1)       (32 32 1)        29  16.000KB        0B         -           -           -           -  Tesla P100-PCIE         1         7  dtrsm_32_shared_kernel(double, double*, int, double*, int, int, int) [2437]
458.37ms  56.416us            (128 2 1)       (32 32 1)        32  16.000KB        0B         -           -           -           -  Tesla P100-PCIE         1         7  dgemm_shared_kernel(int, double, double*, int, double*, int, double, double*, int, int, int, int) [2451]
458.43ms  74.495us            (128 1 1)       (32 32 1)        29  16.000KB        0B         -           -           -           -  Tesla P100-PCIE         1         7  dtrsm_32_shared_kernel(double, double*, int, double*, int, int, int) [2460]
458.50ms  19.776us            (128 1 1)       (32 32 1)        32  16.000KB        0B         -           -           -           -  Tesla P100-PCIE         1         7  dgemm_shared_kernel(int, double, double*, int, double*, int, double, double*, int, int, int, int) [2474]
458.52ms  73.120us            (128 1 1)       (32 32 1)        29  16.000KB        0B         -           -           -           -  Tesla P100-PCIE         1         7  dtrsm_32_shared_kernel(double, double*, int, double*, int, int, int) [2483]
458.60ms  707.55us            (128 8 1)       (32 32 1)        32  16.000KB        0B         -           -           -           -  Tesla P100-PCIE         1         7  dgemm_shared_kernel(int, double, double*, int, double*, int, double, double*, int, int, int, int) [2497]
459.31ms  74.272us            (128 1 1)       (32 32 1)        29  16.000KB        0B         -           -           -           -  Tesla P100-PCIE         1         7  dtrsm_32_shared_kernel(double, double*, int, double*, int, int, int) [2506]
459.38ms  21.568us            (128 1 1)       (32 32 1)        32  16.000KB        0B         -           -           -           -  Tesla P100-PCIE         1         7  dgemm_shared_kernel(int, double, double*, int, double*, int, double, double*, int, int, int, int) [2520]
459.40ms  73.216us            (128 1 1)       (32 32 1)        29  16.000KB        0B         -           -           -           -  Tesla P100-PCIE         1         7  dtrsm_32_shared_kernel(double, double*, int, double*, int, int, int) [2529]
459.48ms  56.896us            (128 2 1)       (32 32 1)        32  16.000KB        0B         -           -           -           -  Tesla P100-PCIE         1         7  dgemm_shared_kernel(int, double, double*, int, double*, int, double, double*, int, int, int, int) [2543]
459.54ms  73.952us            (128 1 1)       (32 32 1)        29  16.000KB        0B         -           -           -           -  Tesla P100-PCIE         1         7  dtrsm_32_shared_kernel(double, double*, int, double*, int, int, int) [2552]
459.61ms  19.456us            (128 1 1)       (32 32 1)        32  16.000KB        0B         -           -           -           -  Tesla P100-PCIE         1         7  dgemm_shared_kernel(int, double, double*, int, double*, int, double, double*, int, int, int, int) [2566]
459.63ms  73.216us            (128 1 1)       (32 32 1)        29  16.000KB        0B         -           -           -           -  Tesla P100-PCIE         1         7  dtrsm_32_shared_kernel(double, double*, int, double*, int, int, int) [2575]
459.71ms  199.90us            (128 4 1)       (32 32 1)        32  16.000KB        0B         -           -           -           -  Tesla P100-PCIE         1         7  dgemm_shared_kernel(int, double, double*, int, double*, int, double, double*, int, int, int, int) [2589]
459.91ms  74.400us            (128 1 1)       (32 32 1)        29  16.000KB        0B         -           -           -           -  Tesla P100-PCIE         1         7  dtrsm_32_shared_kernel(double, double*, int, double*, int, int, int) [2598]
459.98ms  21.760us            (128 1 1)       (32 32 1)        32  16.000KB        0B         -           -           -           -  Tesla P100-PCIE         1         7  dgemm_shared_kernel(int, double, double*, int, double*, int, double, double*, int, int, int, int) [2612]
460.01ms  73.024us            (128 1 1)       (32 32 1)        29  16.000KB        0B         -           -           -           -  Tesla P100-PCIE         1         7  dtrsm_32_shared_kernel(double, double*, int, double*, int, int, int) [2621]
460.08ms  57.376us            (128 2 1)       (32 32 1)        32  16.000KB        0B         -           -           -           -  Tesla P100-PCIE         1         7  dgemm_shared_kernel(int, double, double*, int, double*, int, double, double*, int, int, int, int) [2635]
460.14ms  73.984us            (128 1 1)       (32 32 1)        29  16.000KB        0B         -           -           -           -  Tesla P100-PCIE         1         7  dtrsm_32_shared_kernel(double, double*, int, double*, int, int, int) [2644]
460.21ms  19.584us            (128 1 1)       (32 32 1)        32  16.000KB        0B         -           -           -           -  Tesla P100-PCIE         1         7  dgemm_shared_kernel(int, double, double*, int, double*, int, double, double*, int, int, int, int) [2658]
460.23ms  73.216us            (128 1 1)       (32 32 1)        29  16.000KB        0B         -           -           -           -  Tesla P100-PCIE         1         7  dtrsm_32_shared_kernel(double, double*, int, double*, int, int, int) [2667]
460.31ms  2.6510ms           (128 16 1)       (32 32 1)        32  16.000KB        0B         -           -           -           -  Tesla P100-PCIE         1         7  dgemm_shared_kernel(int, double, double*, int, double*, int, double, double*, int, int, int, int) [2681]
462.96ms  73.120us            (128 1 1)       (32 32 1)        29  16.000KB        0B         -           -           -           -  Tesla P100-PCIE         1         7  dtrsm_32_shared_kernel(double, double*, int, double*, int, int, int) [2690]
463.04ms  20.992us            (128 1 1)       (32 32 1)        32  16.000KB        0B         -           -           -           -  Tesla P100-PCIE         1         7  dgemm_shared_kernel(int, double, double*, int, double*, int, double, double*, int, int, int, int) [2704]
463.06ms  72.192us            (128 1 1)       (32 32 1)        29  16.000KB        0B         -           -           -           -  Tesla P100-PCIE         1         7  dtrsm_32_shared_kernel(double, double*, int, double*, int, int, int) [2713]
463.13ms  55.936us            (128 2 1)       (32 32 1)        32  16.000KB        0B         -           -           -           -  Tesla P100-PCIE         1         7  dgemm_shared_kernel(int, double, double*, int, double*, int, double, double*, int, int, int, int) [2727]
463.19ms  73.664us            (128 1 1)       (32 32 1)        29  16.000KB        0B         -           -           -           -  Tesla P100-PCIE         1         7  dtrsm_32_shared_kernel(double, double*, int, double*, int, int, int) [2736]
463.26ms  19.616us            (128 1 1)       (32 32 1)        32  16.000KB        0B         -           -           -           -  Tesla P100-PCIE         1         7  dgemm_shared_kernel(int, double, double*, int, double*, int, double, double*, int, int, int, int) [2750]
463.28ms  72.000us            (128 1 1)       (32 32 1)        29  16.000KB        0B         -           -           -           -  Tesla P100-PCIE         1         7  dtrsm_32_shared_kernel(double, double*, int, double*, int, int, int) [2759]
463.36ms  196.03us            (128 4 1)       (32 32 1)        32  16.000KB        0B         -           -           -           -  Tesla P100-PCIE         1         7  dgemm_shared_kernel(int, double, double*, int, double*, int, double, double*, int, int, int, int) [2773]
463.55ms  73.536us            (128 1 1)       (32 32 1)        29  16.000KB        0B         -           -           -           -  Tesla P100-PCIE         1         7  dtrsm_32_shared_kernel(double, double*, int, double*, int, int, int) [2782]
463.63ms  21.760us            (128 1 1)       (32 32 1)        32  16.000KB        0B         -           -           -           -  Tesla P100-PCIE         1         7  dgemm_shared_kernel(int, double, double*, int, double*, int, double, double*, int, int, int, int) [2796]
463.65ms  72.288us            (128 1 1)       (32 32 1)        29  16.000KB        0B         -           -           -           -  Tesla P100-PCIE         1         7  dtrsm_32_shared_kernel(double, double*, int, double*, int, int, int) [2805]
463.73ms  56.192us            (128 2 1)       (32 32 1)        32  16.000KB        0B         -           -           -           -  Tesla P100-PCIE         1         7  dgemm_shared_kernel(int, double, double*, int, double*, int, double, double*, int, int, int, int) [2819]
463.78ms  73.536us            (128 1 1)       (32 32 1)        29  16.000KB        0B         -           -           -           -  Tesla P100-PCIE         1         7  dtrsm_32_shared_kernel(double, double*, int, double*, int, int, int) [2828]
463.86ms  19.392us            (128 1 1)       (32 32 1)        32  16.000KB        0B         -           -           -           -  Tesla P100-PCIE         1         7  dgemm_shared_kernel(int, double, double*, int, double*, int, double, double*, int, int, int, int) [2842]
463.88ms  72.288us            (128 1 1)       (32 32 1)        29  16.000KB        0B         -           -           -           -  Tesla P100-PCIE         1         7  dtrsm_32_shared_kernel(double, double*, int, double*, int, int, int) [2851]
463.95ms  696.32us            (128 8 1)       (32 32 1)        32  16.000KB        0B         -           -           -           -  Tesla P100-PCIE         1         7  dgemm_shared_kernel(int, double, double*, int, double*, int, double, double*, int, int, int, int) [2865]
464.65ms  73.376us            (128 1 1)       (32 32 1)        29  16.000KB        0B         -           -           -           -  Tesla P100-PCIE         1         7  dtrsm_32_shared_kernel(double, double*, int, double*, int, int, int) [2874]
464.72ms  21.696us            (128 1 1)       (32 32 1)        32  16.000KB        0B         -           -           -           -  Tesla P100-PCIE         1         7  dgemm_shared_kernel(int, double, double*, int, double*, int, double, double*, int, int, int, int) [2888]
464.75ms  72.224us            (128 1 1)       (32 32 1)        29  16.000KB        0B         -           -           -           -  Tesla P100-PCIE         1         7  dtrsm_32_shared_kernel(double, double*, int, double*, int, int, int) [2897]
464.82ms  56.384us            (128 2 1)       (32 32 1)        32  16.000KB        0B         -           -           -           -  Tesla P100-PCIE         1         7  dgemm_shared_kernel(int, double, double*, int, double*, int, double, double*, int, int, int, int) [2911]
464.88ms  73.216us            (128 1 1)       (32 32 1)        29  16.000KB        0B         -           -           -           -  Tesla P100-PCIE         1         7  dtrsm_32_shared_kernel(double, double*, int, double*, int, int, int) [2920]
464.95ms  19.424us            (128 1 1)       (32 32 1)        32  16.000KB        0B         -           -           -           -  Tesla P100-PCIE         1         7  dgemm_shared_kernel(int, double, double*, int, double*, int, double, double*, int, int, int, int) [2934]
464.97ms  72.160us            (128 1 1)       (32 32 1)        29  16.000KB        0B         -           -           -           -  Tesla P100-PCIE         1         7  dtrsm_32_shared_kernel(double, double*, int, double*, int, int, int) [2943]
465.04ms  196.99us            (128 4 1)       (32 32 1)        32  16.000KB        0B         -           -           -           -  Tesla P100-PCIE         1         7  dgemm_shared_kernel(int, double, double*, int, double*, int, double, double*, int, int, int, int) [2957]
465.24ms  73.408us            (128 1 1)       (32 32 1)        29  16.000KB        0B         -           -           -           -  Tesla P100-PCIE         1         7  dtrsm_32_shared_kernel(double, double*, int, double*, int, int, int) [2966]
465.32ms  21.408us            (128 1 1)       (32 32 1)        32  16.000KB        0B         -           -           -           -  Tesla P100-PCIE         1         7  dgemm_shared_kernel(int, double, double*, int, double*, int, double, double*, int, int, int, int) [2980]
465.34ms  72.160us            (128 1 1)       (32 32 1)        29  16.000KB        0B         -           -           -           -  Tesla P100-PCIE         1         7  dtrsm_32_shared_kernel(double, double*, int, double*, int, int, int) [2989]
465.41ms  56.480us            (128 2 1)       (32 32 1)        32  16.000KB        0B         -           -           -           -  Tesla P100-PCIE         1         7  dgemm_shared_kernel(int, double, double*, int, double*, int, double, double*, int, int, int, int) [3003]
465.47ms  73.184us            (128 1 1)       (32 32 1)        29  16.000KB        0B         -           -           -           -  Tesla P100-PCIE         1         7  dtrsm_32_shared_kernel(double, double*, int, double*, int, int, int) [3012]
465.54ms  19.520us            (128 1 1)       (32 32 1)        32  16.000KB        0B         -           -           -           -  Tesla P100-PCIE         1         7  dgemm_shared_kernel(int, double, double*, int, double*, int, double, double*, int, int, int, int) [3026]
465.57ms  72.256us            (128 1 1)       (32 32 1)        29  16.000KB        0B         -           -           -           -  Tesla P100-PCIE         1         7  dtrsm_32_shared_kernel(double, double*, int, double*, int, int, int) [3035]
465.67ms  30.546ms                    -               -         -         -         -  128.00MB  4.0922GB/s      Device    Pageable  Tesla P100-PCIE         1         7  [CUDA memcpy DtoH]

Regs: Number of registers used per CUDA thread. This number includes registers used internally by the CUDA driver and/or tools and can be more than what the compiler shows.
SSMem: Static shared memory allocated per CUDA block.
DSMem: Dynamic shared memory allocated per CUDA block.
SrcMemType: The type of source memory accessed by memory operation/copy
DstMemType: The type of destination memory accessed by memory operation/copy
