Architecture:          x86_64
CPU op-mode(s):        32-bit, 64-bit
Byte Order:            Little Endian
CPU(s):                40
On-line CPU(s) list:   0-39
Thread(s) per core:    1
Core(s) per socket:    20
Socket(s):             2
NUMA node(s):          2
Vendor ID:             GenuineIntel
CPU family:            6
Model:                 85
Model name:            Intel(R) Xeon(R) Gold 6138 CPU @ 2.00GHz
Stepping:              4
CPU MHz:               2663.940
CPU max MHz:           3700,0000
CPU min MHz:           1000,0000
BogoMIPS:              4000.00
Virtualization:        VT-x
L1d cache:             32K
L1i cache:             32K
L2 cache:              1024K
L3 cache:              28160K
NUMA node0 CPU(s):     0-19
NUMA node1 CPU(s):     20-39
Flags:                 fpu vme de pse tsc msr pae mce cx8 apic sep mtrr pge mca cmov pat pse36 clflush dts acpi mmx fxsr sse sse2 ss ht tm pbe syscall nx pdpe1gb rdtscp lm constant_tsc art arch_perfmon pebs bts rep_good nopl xtopology nonstop_tsc aperfmperf eagerfpu pni pclmulqdq dtes64 monitor ds_cpl vmx smx est tm2 ssse3 sdbg fma cx16 xtpr pdcm pcid dca sse4_1 sse4_2 x2apic movbe popcnt tsc_deadline_timer aes xsave avx f16c rdrand lahf_lm abm 3dnowprefetch epb cat_l3 cdp_l3 intel_ppin intel_pt ssbd mba ibrs ibpb stibp tpr_shadow vnmi flexpriority ept vpid fsgsbase tsc_adjust bmi1 hle avx2 smep bmi2 erms invpcid rtm cqm mpx rdt_a avx512f avx512dq rdseed adx smap clflushopt clwb avx512cd avx512bw avx512vl xsaveopt xsavec xgetbv1 cqm_llc cqm_occup_llc cqm_mbm_total cqm_mbm_local dtherm ida arat pln pts hwp hwp_act_window hwp_pkg_req pku ospke spec_ctrl intel_stibp flush_l1d
Sun Jul 12 12:00:39 2020       
+-----------------------------------------------------------------------------+
| NVIDIA-SMI 396.44                 Driver Version: 396.44                    |
|-------------------------------+----------------------+----------------------+
| GPU  Name        Persistence-M| Bus-Id        Disp.A | Volatile Uncorr. ECC |
| Fan  Temp  Perf  Pwr:Usage/Cap|         Memory-Usage | GPU-Util  Compute M. |
|===============================+======================+======================|
|   0  Tesla P100-PCIE...  Off  | 00000000:37:00.0 Off |                    0 |
| N/A   41C    P0    27W / 250W |      0MiB / 12198MiB |      0%      Default |
+-------------------------------+----------------------+----------------------+
                                                                               
+-----------------------------------------------------------------------------+
| Processes:                                                       GPU Memory |
|  GPU       PID   Type   Process name                             Usage      |
|=============================================================================|
|  No running processes found                                                 |
+-----------------------------------------------------------------------------+
nvcc main.cpp dgemm.cu dtrsm.cu -o labgpu20.x -O3 -L/usr/X11R6/lib -lm -lpthread -lX11 -lcublas -arch=sm_60
==25803== NVPROF is profiling process 25803, command: ./labgpu20.x 5 4096 512 --benchmark -numdevices=1
==25803== Profiling application: ./labgpu20.x 5 4096 512 --benchmark -numdevices=1
==25803== Profiling result:
   Start  Duration            Grid Size      Block Size     Regs*    SSMem*    DSMem*      Size  Throughput  SrcMemType  DstMemType           Device   Context    Stream  Name
327.42ms  34.612ms                    -               -         -         -         -  128.00MB  3.6114GB/s    Pageable      Device  Tesla P100-PCIE         1         7  [CUDA memcpy HtoD]
362.32ms  4.2355ms                    -               -         -         -         -  16.000MB  3.6890GB/s    Pageable      Device  Tesla P100-PCIE         1         7  [CUDA memcpy HtoD]
366.56ms  18.720us             (16 1 1)       (32 32 1)        29  16.000KB        0B         -           -           -           -  Tesla P100-PCIE         1         7  dtrsm_32_shared_kernel(double, double*, int, double*, int, int, int) [114]
366.59ms  6.7520us             (16 1 1)       (32 32 1)        32  16.000KB        0B         -           -           -           -  Tesla P100-PCIE         1         7  dgemm_shared_kernel(int, double, double*, int, double*, int, double, double*, int, int, int, int) [128]
366.60ms  16.512us             (16 1 1)       (32 32 1)        29  16.000KB        0B         -           -           -           -  Tesla P100-PCIE         1         7  dtrsm_32_shared_kernel(double, double*, int, double*, int, int, int) [137]
366.62ms  11.712us             (16 2 1)       (32 32 1)        32  16.000KB        0B         -           -           -           -  Tesla P100-PCIE         1         7  dgemm_shared_kernel(int, double, double*, int, double*, int, double, double*, int, int, int, int) [151]
366.63ms  16.544us             (16 1 1)       (32 32 1)        29  16.000KB        0B         -           -           -           -  Tesla P100-PCIE         1         7  dtrsm_32_shared_kernel(double, double*, int, double*, int, int, int) [160]
366.65ms  5.8240us             (16 1 1)       (32 32 1)        32  16.000KB        0B         -           -           -           -  Tesla P100-PCIE         1         7  dgemm_shared_kernel(int, double, double*, int, double*, int, double, double*, int, int, int, int) [174]
366.65ms  16.416us             (16 1 1)       (32 32 1)        29  16.000KB        0B         -           -           -           -  Tesla P100-PCIE         1         7  dtrsm_32_shared_kernel(double, double*, int, double*, int, int, int) [183]
366.67ms  31.520us             (16 4 1)       (32 32 1)        32  16.000KB        0B         -           -           -           -  Tesla P100-PCIE         1         7  dgemm_shared_kernel(int, double, double*, int, double*, int, double, double*, int, int, int, int) [197]
366.70ms  16.480us             (16 1 1)       (32 32 1)        29  16.000KB        0B         -           -           -           -  Tesla P100-PCIE         1         7  dtrsm_32_shared_kernel(double, double*, int, double*, int, int, int) [206]
366.72ms  5.8870us             (16 1 1)       (32 32 1)        32  16.000KB        0B         -           -           -           -  Tesla P100-PCIE         1         7  dgemm_shared_kernel(int, double, double*, int, double*, int, double, double*, int, int, int, int) [220]
366.73ms  16.448us             (16 1 1)       (32 32 1)        29  16.000KB        0B         -           -           -           -  Tesla P100-PCIE         1         7  dtrsm_32_shared_kernel(double, double*, int, double*, int, int, int) [229]
366.74ms  10.560us             (16 2 1)       (32 32 1)        32  16.000KB        0B         -           -           -           -  Tesla P100-PCIE         1         7  dgemm_shared_kernel(int, double, double*, int, double*, int, double, double*, int, int, int, int) [243]
366.76ms  16.416us             (16 1 1)       (32 32 1)        29  16.000KB        0B         -           -           -           -  Tesla P100-PCIE         1         7  dtrsm_32_shared_kernel(double, double*, int, double*, int, int, int) [252]
366.77ms  5.9200us             (16 1 1)       (32 32 1)        32  16.000KB        0B         -           -           -           -  Tesla P100-PCIE         1         7  dgemm_shared_kernel(int, double, double*, int, double*, int, double, double*, int, int, int, int) [266]
366.78ms  16.416us             (16 1 1)       (32 32 1)        29  16.000KB        0B         -           -           -           -  Tesla P100-PCIE         1         7  dtrsm_32_shared_kernel(double, double*, int, double*, int, int, int) [275]
366.80ms  87.872us             (16 8 1)       (32 32 1)        32  16.000KB        0B         -           -           -           -  Tesla P100-PCIE         1         7  dgemm_shared_kernel(int, double, double*, int, double*, int, double, double*, int, int, int, int) [289]
366.89ms  16.416us             (16 1 1)       (32 32 1)        29  16.000KB        0B         -           -           -           -  Tesla P100-PCIE         1         7  dtrsm_32_shared_kernel(double, double*, int, double*, int, int, int) [298]
366.90ms  5.8560us             (16 1 1)       (32 32 1)        32  16.000KB        0B         -           -           -           -  Tesla P100-PCIE         1         7  dgemm_shared_kernel(int, double, double*, int, double*, int, double, double*, int, int, int, int) [312]
366.91ms  16.384us             (16 1 1)       (32 32 1)        29  16.000KB        0B         -           -           -           -  Tesla P100-PCIE         1         7  dtrsm_32_shared_kernel(double, double*, int, double*, int, int, int) [321]
366.93ms  10.368us             (16 2 1)       (32 32 1)        32  16.000KB        0B         -           -           -           -  Tesla P100-PCIE         1         7  dgemm_shared_kernel(int, double, double*, int, double*, int, double, double*, int, int, int, int) [335]
366.94ms  16.352us             (16 1 1)       (32 32 1)        29  16.000KB        0B         -           -           -           -  Tesla P100-PCIE         1         7  dtrsm_32_shared_kernel(double, double*, int, double*, int, int, int) [344]
366.96ms  5.8880us             (16 1 1)       (32 32 1)        32  16.000KB        0B         -           -           -           -  Tesla P100-PCIE         1         7  dgemm_shared_kernel(int, double, double*, int, double*, int, double, double*, int, int, int, int) [358]
366.96ms  16.448us             (16 1 1)       (32 32 1)        29  16.000KB        0B         -           -           -           -  Tesla P100-PCIE         1         7  dtrsm_32_shared_kernel(double, double*, int, double*, int, int, int) [367]
366.98ms  30.688us             (16 4 1)       (32 32 1)        32  16.000KB        0B         -           -           -           -  Tesla P100-PCIE         1         7  dgemm_shared_kernel(int, double, double*, int, double*, int, double, double*, int, int, int, int) [381]
367.01ms  16.384us             (16 1 1)       (32 32 1)        29  16.000KB        0B         -           -           -           -  Tesla P100-PCIE         1         7  dtrsm_32_shared_kernel(double, double*, int, double*, int, int, int) [390]
367.03ms  5.8880us             (16 1 1)       (32 32 1)        32  16.000KB        0B         -           -           -           -  Tesla P100-PCIE         1         7  dgemm_shared_kernel(int, double, double*, int, double*, int, double, double*, int, int, int, int) [404]
367.04ms  16.384us             (16 1 1)       (32 32 1)        29  16.000KB        0B         -           -           -           -  Tesla P100-PCIE         1         7  dtrsm_32_shared_kernel(double, double*, int, double*, int, int, int) [413]
367.05ms  10.400us             (16 2 1)       (32 32 1)        32  16.000KB        0B         -           -           -           -  Tesla P100-PCIE         1         7  dgemm_shared_kernel(int, double, double*, int, double*, int, double, double*, int, int, int, int) [427]
367.06ms  16.480us             (16 1 1)       (32 32 1)        29  16.000KB        0B         -           -           -           -  Tesla P100-PCIE         1         7  dtrsm_32_shared_kernel(double, double*, int, double*, int, int, int) [436]
367.08ms  5.9200us             (16 1 1)       (32 32 1)        32  16.000KB        0B         -           -           -           -  Tesla P100-PCIE         1         7  dgemm_shared_kernel(int, double, double*, int, double*, int, double, double*, int, int, int, int) [450]
367.09ms  16.576us             (16 1 1)       (32 32 1)        29  16.000KB        0B         -           -           -           -  Tesla P100-PCIE         1         7  dtrsm_32_shared_kernel(double, double*, int, double*, int, int, int) [459]
367.11ms  320.00us            (16 16 1)       (32 32 1)        32  16.000KB        0B         -           -           -           -  Tesla P100-PCIE         1         7  dgemm_shared_kernel(int, double, double*, int, double*, int, double, double*, int, int, int, int) [473]
367.43ms  17.152us             (16 1 1)       (32 32 1)        29  16.000KB        0B         -           -           -           -  Tesla P100-PCIE         1         7  dtrsm_32_shared_kernel(double, double*, int, double*, int, int, int) [482]
367.44ms  6.4000us             (16 1 1)       (32 32 1)        32  16.000KB        0B         -           -           -           -  Tesla P100-PCIE         1         7  dgemm_shared_kernel(int, double, double*, int, double*, int, double, double*, int, int, int, int) [496]
367.45ms  16.416us             (16 1 1)       (32 32 1)        29  16.000KB        0B         -           -           -           -  Tesla P100-PCIE         1         7  dtrsm_32_shared_kernel(double, double*, int, double*, int, int, int) [505]
367.47ms  11.040us             (16 2 1)       (32 32 1)        32  16.000KB        0B         -           -           -           -  Tesla P100-PCIE         1         7  dgemm_shared_kernel(int, double, double*, int, double*, int, double, double*, int, int, int, int) [519]
367.48ms  16.448us             (16 1 1)       (32 32 1)        29  16.000KB        0B         -           -           -           -  Tesla P100-PCIE         1         7  dtrsm_32_shared_kernel(double, double*, int, double*, int, int, int) [528]
367.50ms  5.8560us             (16 1 1)       (32 32 1)        32  16.000KB        0B         -           -           -           -  Tesla P100-PCIE         1         7  dgemm_shared_kernel(int, double, double*, int, double*, int, double, double*, int, int, int, int) [542]
367.50ms  16.448us             (16 1 1)       (32 32 1)        29  16.000KB        0B         -           -           -           -  Tesla P100-PCIE         1         7  dtrsm_32_shared_kernel(double, double*, int, double*, int, int, int) [551]
367.52ms  31.103us             (16 4 1)       (32 32 1)        32  16.000KB        0B         -           -           -           -  Tesla P100-PCIE         1         7  dgemm_shared_kernel(int, double, double*, int, double*, int, double, double*, int, int, int, int) [565]
367.55ms  16.544us             (16 1 1)       (32 32 1)        29  16.000KB        0B         -           -           -           -  Tesla P100-PCIE         1         7  dtrsm_32_shared_kernel(double, double*, int, double*, int, int, int) [574]
367.57ms  5.9840us             (16 1 1)       (32 32 1)        32  16.000KB        0B         -           -           -           -  Tesla P100-PCIE         1         7  dgemm_shared_kernel(int, double, double*, int, double*, int, double, double*, int, int, int, int) [588]
367.58ms  16.384us             (16 1 1)       (32 32 1)        29  16.000KB        0B         -           -           -           -  Tesla P100-PCIE         1         7  dtrsm_32_shared_kernel(double, double*, int, double*, int, int, int) [597]
367.60ms  10.240us             (16 2 1)       (32 32 1)        32  16.000KB        0B         -           -           -           -  Tesla P100-PCIE         1         7  dgemm_shared_kernel(int, double, double*, int, double*, int, double, double*, int, int, int, int) [611]
367.61ms  16.480us             (16 1 1)       (32 32 1)        29  16.000KB        0B         -           -           -           -  Tesla P100-PCIE         1         7  dtrsm_32_shared_kernel(double, double*, int, double*, int, int, int) [620]
367.62ms  5.8240us             (16 1 1)       (32 32 1)        32  16.000KB        0B         -           -           -           -  Tesla P100-PCIE         1         7  dgemm_shared_kernel(int, double, double*, int, double*, int, double, double*, int, int, int, int) [634]
367.63ms  16.384us             (16 1 1)       (32 32 1)        29  16.000KB        0B         -           -           -           -  Tesla P100-PCIE         1         7  dtrsm_32_shared_kernel(double, double*, int, double*, int, int, int) [643]
367.65ms  88.768us             (16 8 1)       (32 32 1)        32  16.000KB        0B         -           -           -           -  Tesla P100-PCIE         1         7  dgemm_shared_kernel(int, double, double*, int, double*, int, double, double*, int, int, int, int) [657]
367.74ms  16.416us             (16 1 1)       (32 32 1)        29  16.000KB        0B         -           -           -           -  Tesla P100-PCIE         1         7  dtrsm_32_shared_kernel(double, double*, int, double*, int, int, int) [666]
367.75ms  5.9520us             (16 1 1)       (32 32 1)        32  16.000KB        0B         -           -           -           -  Tesla P100-PCIE         1         7  dgemm_shared_kernel(int, double, double*, int, double*, int, double, double*, int, int, int, int) [680]
367.76ms  16.384us             (16 1 1)       (32 32 1)        29  16.000KB        0B         -           -           -           -  Tesla P100-PCIE         1         7  dtrsm_32_shared_kernel(double, double*, int, double*, int, int, int) [689]
367.78ms  10.560us             (16 2 1)       (32 32 1)        32  16.000KB        0B         -           -           -           -  Tesla P100-PCIE         1         7  dgemm_shared_kernel(int, double, double*, int, double*, int, double, double*, int, int, int, int) [703]
367.79ms  16.416us             (16 1 1)       (32 32 1)        29  16.000KB        0B         -           -           -           -  Tesla P100-PCIE         1         7  dtrsm_32_shared_kernel(double, double*, int, double*, int, int, int) [712]
367.81ms  6.0160us             (16 1 1)       (32 32 1)        32  16.000KB        0B         -           -           -           -  Tesla P100-PCIE         1         7  dgemm_shared_kernel(int, double, double*, int, double*, int, double, double*, int, int, int, int) [726]
367.81ms  16.352us             (16 1 1)       (32 32 1)        29  16.000KB        0B         -           -           -           -  Tesla P100-PCIE         1         7  dtrsm_32_shared_kernel(double, double*, int, double*, int, int, int) [735]
367.83ms  30.656us             (16 4 1)       (32 32 1)        32  16.000KB        0B         -           -           -           -  Tesla P100-PCIE         1         7  dgemm_shared_kernel(int, double, double*, int, double*, int, double, double*, int, int, int, int) [749]
367.86ms  16.416us             (16 1 1)       (32 32 1)        29  16.000KB        0B         -           -           -           -  Tesla P100-PCIE         1         7  dtrsm_32_shared_kernel(double, double*, int, double*, int, int, int) [758]
367.88ms  6.0160us             (16 1 1)       (32 32 1)        32  16.000KB        0B         -           -           -           -  Tesla P100-PCIE         1         7  dgemm_shared_kernel(int, double, double*, int, double*, int, double, double*, int, int, int, int) [772]
367.89ms  16.416us             (16 1 1)       (32 32 1)        29  16.000KB        0B         -           -           -           -  Tesla P100-PCIE         1         7  dtrsm_32_shared_kernel(double, double*, int, double*, int, int, int) [781]
367.90ms  10.240us             (16 2 1)       (32 32 1)        32  16.000KB        0B         -           -           -           -  Tesla P100-PCIE         1         7  dgemm_shared_kernel(int, double, double*, int, double*, int, double, double*, int, int, int, int) [795]
367.92ms  16.512us             (16 1 1)       (32 32 1)        29  16.000KB        0B         -           -           -           -  Tesla P100-PCIE         1         7  dtrsm_32_shared_kernel(double, double*, int, double*, int, int, int) [804]
367.93ms  6.0160us             (16 1 1)       (32 32 1)        32  16.000KB        0B         -           -           -           -  Tesla P100-PCIE         1         7  dgemm_shared_kernel(int, double, double*, int, double*, int, double, double*, int, int, int, int) [818]
367.94ms  16.448us             (16 1 1)       (32 32 1)        29  16.000KB        0B         -           -           -           -  Tesla P100-PCIE         1         7  dtrsm_32_shared_kernel(double, double*, int, double*, int, int, int) [827]
367.96ms  1.0556ms            (16 32 1)       (32 32 1)        32  16.000KB        0B         -           -           -           -  Tesla P100-PCIE         1         7  dgemm_shared_kernel(int, double, double*, int, double*, int, double, double*, int, int, int, int) [841]
369.01ms  16.832us             (16 1 1)       (32 32 1)        29  16.000KB        0B         -           -           -           -  Tesla P100-PCIE         1         7  dtrsm_32_shared_kernel(double, double*, int, double*, int, int, int) [850]
369.03ms  6.3040us             (16 1 1)       (32 32 1)        32  16.000KB        0B         -           -           -           -  Tesla P100-PCIE         1         7  dgemm_shared_kernel(int, double, double*, int, double*, int, double, double*, int, int, int, int) [864]
369.04ms  16.448us             (16 1 1)       (32 32 1)        29  16.000KB        0B         -           -           -           -  Tesla P100-PCIE         1         7  dtrsm_32_shared_kernel(double, double*, int, double*, int, int, int) [873]
369.06ms  10.912us             (16 2 1)       (32 32 1)        32  16.000KB        0B         -           -           -           -  Tesla P100-PCIE         1         7  dgemm_shared_kernel(int, double, double*, int, double*, int, double, double*, int, int, int, int) [887]
369.07ms  16.512us             (16 1 1)       (32 32 1)        29  16.000KB        0B         -           -           -           -  Tesla P100-PCIE         1         7  dtrsm_32_shared_kernel(double, double*, int, double*, int, int, int) [896]
369.09ms  5.9200us             (16 1 1)       (32 32 1)        32  16.000KB        0B         -           -           -           -  Tesla P100-PCIE         1         7  dgemm_shared_kernel(int, double, double*, int, double*, int, double, double*, int, int, int, int) [910]
369.09ms  16.544us             (16 1 1)       (32 32 1)        29  16.000KB        0B         -           -           -           -  Tesla P100-PCIE         1         7  dtrsm_32_shared_kernel(double, double*, int, double*, int, int, int) [919]
369.11ms  31.423us             (16 4 1)       (32 32 1)        32  16.000KB        0B         -           -           -           -  Tesla P100-PCIE         1         7  dgemm_shared_kernel(int, double, double*, int, double*, int, double, double*, int, int, int, int) [933]
369.14ms  16.416us             (16 1 1)       (32 32 1)        29  16.000KB        0B         -           -           -           -  Tesla P100-PCIE         1         7  dtrsm_32_shared_kernel(double, double*, int, double*, int, int, int) [942]
369.16ms  5.8560us             (16 1 1)       (32 32 1)        32  16.000KB        0B         -           -           -           -  Tesla P100-PCIE         1         7  dgemm_shared_kernel(int, double, double*, int, double*, int, double, double*, int, int, int, int) [956]
369.17ms  16.480us             (16 1 1)       (32 32 1)        29  16.000KB        0B         -           -           -           -  Tesla P100-PCIE         1         7  dtrsm_32_shared_kernel(double, double*, int, double*, int, int, int) [965]
369.18ms  10.496us             (16 2 1)       (32 32 1)        32  16.000KB        0B         -           -           -           -  Tesla P100-PCIE         1         7  dgemm_shared_kernel(int, double, double*, int, double*, int, double, double*, int, int, int, int) [979]
369.19ms  16.384us             (16 1 1)       (32 32 1)        29  16.000KB        0B         -           -           -           -  Tesla P100-PCIE         1         7  dtrsm_32_shared_kernel(double, double*, int, double*, int, int, int) [988]
369.21ms  5.9840us             (16 1 1)       (32 32 1)        32  16.000KB        0B         -           -           -           -  Tesla P100-PCIE         1         7  dgemm_shared_kernel(int, double, double*, int, double*, int, double, double*, int, int, int, int) [1002]
369.22ms  16.384us             (16 1 1)       (32 32 1)        29  16.000KB        0B         -           -           -           -  Tesla P100-PCIE         1         7  dtrsm_32_shared_kernel(double, double*, int, double*, int, int, int) [1011]
369.24ms  89.536us             (16 8 1)       (32 32 1)        32  16.000KB        0B         -           -           -           -  Tesla P100-PCIE         1         7  dgemm_shared_kernel(int, double, double*, int, double*, int, double, double*, int, int, int, int) [1025]
369.33ms  16.512us             (16 1 1)       (32 32 1)        29  16.000KB        0B         -           -           -           -  Tesla P100-PCIE         1         7  dtrsm_32_shared_kernel(double, double*, int, double*, int, int, int) [1034]
369.34ms  5.8880us             (16 1 1)       (32 32 1)        32  16.000KB        0B         -           -           -           -  Tesla P100-PCIE         1         7  dgemm_shared_kernel(int, double, double*, int, double*, int, double, double*, int, int, int, int) [1048]
369.35ms  16.416us             (16 1 1)       (32 32 1)        29  16.000KB        0B         -           -           -           -  Tesla P100-PCIE         1         7  dtrsm_32_shared_kernel(double, double*, int, double*, int, int, int) [1057]
369.37ms  10.496us             (16 2 1)       (32 32 1)        32  16.000KB        0B         -           -           -           -  Tesla P100-PCIE         1         7  dgemm_shared_kernel(int, double, double*, int, double*, int, double, double*, int, int, int, int) [1071]
369.38ms  16.384us             (16 1 1)       (32 32 1)        29  16.000KB        0B         -           -           -           -  Tesla P100-PCIE         1         7  dtrsm_32_shared_kernel(double, double*, int, double*, int, int, int) [1080]
369.40ms  5.9200us             (16 1 1)       (32 32 1)        32  16.000KB        0B         -           -           -           -  Tesla P100-PCIE         1         7  dgemm_shared_kernel(int, double, double*, int, double*, int, double, double*, int, int, int, int) [1094]
369.40ms  16.448us             (16 1 1)       (32 32 1)        29  16.000KB        0B         -           -           -           -  Tesla P100-PCIE         1         7  dtrsm_32_shared_kernel(double, double*, int, double*, int, int, int) [1103]
369.42ms  30.592us             (16 4 1)       (32 32 1)        32  16.000KB        0B         -           -           -           -  Tesla P100-PCIE         1         7  dgemm_shared_kernel(int, double, double*, int, double*, int, double, double*, int, int, int, int) [1117]
369.45ms  16.416us             (16 1 1)       (32 32 1)        29  16.000KB        0B         -           -           -           -  Tesla P100-PCIE         1         7  dtrsm_32_shared_kernel(double, double*, int, double*, int, int, int) [1126]
369.47ms  5.9200us             (16 1 1)       (32 32 1)        32  16.000KB        0B         -           -           -           -  Tesla P100-PCIE         1         7  dgemm_shared_kernel(int, double, double*, int, double*, int, double, double*, int, int, int, int) [1140]
369.48ms  16.352us             (16 1 1)       (32 32 1)        29  16.000KB        0B         -           -           -           -  Tesla P100-PCIE         1         7  dtrsm_32_shared_kernel(double, double*, int, double*, int, int, int) [1149]
369.49ms  10.528us             (16 2 1)       (32 32 1)        32  16.000KB        0B         -           -           -           -  Tesla P100-PCIE         1         7  dgemm_shared_kernel(int, double, double*, int, double*, int, double, double*, int, int, int, int) [1163]
369.50ms  16.480us             (16 1 1)       (32 32 1)        29  16.000KB        0B         -           -           -           -  Tesla P100-PCIE         1         7  dtrsm_32_shared_kernel(double, double*, int, double*, int, int, int) [1172]
369.52ms  6.0800us             (16 1 1)       (32 32 1)        32  16.000KB        0B         -           -           -           -  Tesla P100-PCIE         1         7  dgemm_shared_kernel(int, double, double*, int, double*, int, double, double*, int, int, int, int) [1186]
369.53ms  16.480us             (16 1 1)       (32 32 1)        29  16.000KB        0B         -           -           -           -  Tesla P100-PCIE         1         7  dtrsm_32_shared_kernel(double, double*, int, double*, int, int, int) [1195]
369.55ms  318.72us            (16 16 1)       (32 32 1)        32  16.000KB        0B         -           -           -           -  Tesla P100-PCIE         1         7  dgemm_shared_kernel(int, double, double*, int, double*, int, double, double*, int, int, int, int) [1209]
369.87ms  16.864us             (16 1 1)       (32 32 1)        29  16.000KB        0B         -           -           -           -  Tesla P100-PCIE         1         7  dtrsm_32_shared_kernel(double, double*, int, double*, int, int, int) [1218]
369.88ms  6.3360us             (16 1 1)       (32 32 1)        32  16.000KB        0B         -           -           -           -  Tesla P100-PCIE         1         7  dgemm_shared_kernel(int, double, double*, int, double*, int, double, double*, int, int, int, int) [1232]
369.89ms  16.608us             (16 1 1)       (32 32 1)        29  16.000KB        0B         -           -           -           -  Tesla P100-PCIE         1         7  dtrsm_32_shared_kernel(double, double*, int, double*, int, int, int) [1241]
369.91ms  10.720us             (16 2 1)       (32 32 1)        32  16.000KB        0B         -           -           -           -  Tesla P100-PCIE         1         7  dgemm_shared_kernel(int, double, double*, int, double*, int, double, double*, int, int, int, int) [1255]
369.92ms  16.447us             (16 1 1)       (32 32 1)        29  16.000KB        0B         -           -           -           -  Tesla P100-PCIE         1         7  dtrsm_32_shared_kernel(double, double*, int, double*, int, int, int) [1264]
369.94ms  5.9200us             (16 1 1)       (32 32 1)        32  16.000KB        0B         -           -           -           -  Tesla P100-PCIE         1         7  dgemm_shared_kernel(int, double, double*, int, double*, int, double, double*, int, int, int, int) [1278]
369.94ms  16.416us             (16 1 1)       (32 32 1)        29  16.000KB        0B         -           -           -           -  Tesla P100-PCIE         1         7  dtrsm_32_shared_kernel(double, double*, int, double*, int, int, int) [1287]
369.96ms  31.552us             (16 4 1)       (32 32 1)        32  16.000KB        0B         -           -           -           -  Tesla P100-PCIE         1         7  dgemm_shared_kernel(int, double, double*, int, double*, int, double, double*, int, int, int, int) [1301]
369.99ms  16.448us             (16 1 1)       (32 32 1)        29  16.000KB        0B         -           -           -           -  Tesla P100-PCIE         1         7  dtrsm_32_shared_kernel(double, double*, int, double*, int, int, int) [1310]
370.01ms  5.9520us             (16 1 1)       (32 32 1)        32  16.000KB        0B         -           -           -           -  Tesla P100-PCIE         1         7  dgemm_shared_kernel(int, double, double*, int, double*, int, double, double*, int, int, int, int) [1324]
370.02ms  16.448us             (16 1 1)       (32 32 1)        29  16.000KB        0B         -           -           -           -  Tesla P100-PCIE         1         7  dtrsm_32_shared_kernel(double, double*, int, double*, int, int, int) [1333]
370.03ms  10.592us             (16 2 1)       (32 32 1)        32  16.000KB        0B         -           -           -           -  Tesla P100-PCIE         1         7  dgemm_shared_kernel(int, double, double*, int, double*, int, double, double*, int, int, int, int) [1347]
370.05ms  16.384us             (16 1 1)       (32 32 1)        29  16.000KB        0B         -           -           -           -  Tesla P100-PCIE         1         7  dtrsm_32_shared_kernel(double, double*, int, double*, int, int, int) [1356]
370.06ms  5.9200us             (16 1 1)       (32 32 1)        32  16.000KB        0B         -           -           -           -  Tesla P100-PCIE         1         7  dgemm_shared_kernel(int, double, double*, int, double*, int, double, double*, int, int, int, int) [1370]
370.07ms  16.416us             (16 1 1)       (32 32 1)        29  16.000KB        0B         -           -           -           -  Tesla P100-PCIE         1         7  dtrsm_32_shared_kernel(double, double*, int, double*, int, int, int) [1379]
370.09ms  84.832us             (16 8 1)       (32 32 1)        32  16.000KB        0B         -           -           -           -  Tesla P100-PCIE         1         7  dgemm_shared_kernel(int, double, double*, int, double*, int, double, double*, int, int, int, int) [1393]
370.17ms  16.384us             (16 1 1)       (32 32 1)        29  16.000KB        0B         -           -           -           -  Tesla P100-PCIE         1         7  dtrsm_32_shared_kernel(double, double*, int, double*, int, int, int) [1402]
370.19ms  5.8880us             (16 1 1)       (32 32 1)        32  16.000KB        0B         -           -           -           -  Tesla P100-PCIE         1         7  dgemm_shared_kernel(int, double, double*, int, double*, int, double, double*, int, int, int, int) [1416]
370.20ms  16.544us             (16 1 1)       (32 32 1)        29  16.000KB        0B         -           -           -           -  Tesla P100-PCIE         1         7  dtrsm_32_shared_kernel(double, double*, int, double*, int, int, int) [1425]
370.21ms  10.336us             (16 2 1)       (32 32 1)        32  16.000KB        0B         -           -           -           -  Tesla P100-PCIE         1         7  dgemm_shared_kernel(int, double, double*, int, double*, int, double, double*, int, int, int, int) [1439]
370.23ms  16.448us             (16 1 1)       (32 32 1)        29  16.000KB        0B         -           -           -           -  Tesla P100-PCIE         1         7  dtrsm_32_shared_kernel(double, double*, int, double*, int, int, int) [1448]
370.24ms  6.1440us             (16 1 1)       (32 32 1)        32  16.000KB        0B         -           -           -           -  Tesla P100-PCIE         1         7  dgemm_shared_kernel(int, double, double*, int, double*, int, double, double*, int, int, int, int) [1462]
370.25ms  16.448us             (16 1 1)       (32 32 1)        29  16.000KB        0B         -           -           -           -  Tesla P100-PCIE         1         7  dtrsm_32_shared_kernel(double, double*, int, double*, int, int, int) [1471]
370.27ms  31.168us             (16 4 1)       (32 32 1)        32  16.000KB        0B         -           -           -           -  Tesla P100-PCIE         1         7  dgemm_shared_kernel(int, double, double*, int, double*, int, double, double*, int, int, int, int) [1485]
370.30ms  16.512us             (16 1 1)       (32 32 1)        29  16.000KB        0B         -           -           -           -  Tesla P100-PCIE         1         7  dtrsm_32_shared_kernel(double, double*, int, double*, int, int, int) [1494]
370.32ms  5.8880us             (16 1 1)       (32 32 1)        32  16.000KB        0B         -           -           -           -  Tesla P100-PCIE         1         7  dgemm_shared_kernel(int, double, double*, int, double*, int, double, double*, int, int, int, int) [1508]
370.32ms  16.448us             (16 1 1)       (32 32 1)        29  16.000KB        0B         -           -           -           -  Tesla P100-PCIE         1         7  dtrsm_32_shared_kernel(double, double*, int, double*, int, int, int) [1517]
370.34ms  10.240us             (16 2 1)       (32 32 1)        32  16.000KB        0B         -           -           -           -  Tesla P100-PCIE         1         7  dgemm_shared_kernel(int, double, double*, int, double*, int, double, double*, int, int, int, int) [1531]
370.35ms  16.448us             (16 1 1)       (32 32 1)        29  16.000KB        0B         -           -           -           -  Tesla P100-PCIE         1         7  dtrsm_32_shared_kernel(double, double*, int, double*, int, int, int) [1540]
370.37ms  5.8880us             (16 1 1)       (32 32 1)        32  16.000KB        0B         -           -           -           -  Tesla P100-PCIE         1         7  dgemm_shared_kernel(int, double, double*, int, double*, int, double, double*, int, int, int, int) [1554]
370.37ms  16.448us             (16 1 1)       (32 32 1)        29  16.000KB        0B         -           -           -           -  Tesla P100-PCIE         1         7  dtrsm_32_shared_kernel(double, double*, int, double*, int, int, int) [1563]
370.39ms  4.0222ms            (16 64 1)       (32 32 1)        32  16.000KB        0B         -           -           -           -  Tesla P100-PCIE         1         7  dgemm_shared_kernel(int, double, double*, int, double*, int, double, double*, int, int, int, int) [1577]
374.42ms  16.832us             (16 1 1)       (32 32 1)        29  16.000KB        0B         -           -           -           -  Tesla P100-PCIE         1         7  dtrsm_32_shared_kernel(double, double*, int, double*, int, int, int) [1586]
374.43ms  6.2080us             (16 1 1)       (32 32 1)        32  16.000KB        0B         -           -           -           -  Tesla P100-PCIE         1         7  dgemm_shared_kernel(int, double, double*, int, double*, int, double, double*, int, int, int, int) [1600]
374.44ms  16.416us             (16 1 1)       (32 32 1)        29  16.000KB        0B         -           -           -           -  Tesla P100-PCIE         1         7  dtrsm_32_shared_kernel(double, double*, int, double*, int, int, int) [1609]
374.46ms  10.688us             (16 2 1)       (32 32 1)        32  16.000KB        0B         -           -           -           -  Tesla P100-PCIE         1         7  dgemm_shared_kernel(int, double, double*, int, double*, int, double, double*, int, int, int, int) [1623]
374.47ms  16.352us             (16 1 1)       (32 32 1)        29  16.000KB        0B         -           -           -           -  Tesla P100-PCIE         1         7  dtrsm_32_shared_kernel(double, double*, int, double*, int, int, int) [1632]
374.49ms  5.8880us             (16 1 1)       (32 32 1)        32  16.000KB        0B         -           -           -           -  Tesla P100-PCIE         1         7  dgemm_shared_kernel(int, double, double*, int, double*, int, double, double*, int, int, int, int) [1646]
374.49ms  16.416us             (16 1 1)       (32 32 1)        29  16.000KB        0B         -           -           -           -  Tesla P100-PCIE         1         7  dtrsm_32_shared_kernel(double, double*, int, double*, int, int, int) [1655]
374.51ms  31.616us             (16 4 1)       (32 32 1)        32  16.000KB        0B         -           -           -           -  Tesla P100-PCIE         1         7  dgemm_shared_kernel(int, double, double*, int, double*, int, double, double*, int, int, int, int) [1669]
374.54ms  16.512us             (16 1 1)       (32 32 1)        29  16.000KB        0B         -           -           -           -  Tesla P100-PCIE         1         7  dtrsm_32_shared_kernel(double, double*, int, double*, int, int, int) [1678]
374.56ms  5.8880us             (16 1 1)       (32 32 1)        32  16.000KB        0B         -           -           -           -  Tesla P100-PCIE         1         7  dgemm_shared_kernel(int, double, double*, int, double*, int, double, double*, int, int, int, int) [1692]
374.57ms  16.512us             (16 1 1)       (32 32 1)        29  16.000KB        0B         -           -           -           -  Tesla P100-PCIE         1         7  dtrsm_32_shared_kernel(double, double*, int, double*, int, int, int) [1701]
374.58ms  10.272us             (16 2 1)       (32 32 1)        32  16.000KB        0B         -           -           -           -  Tesla P100-PCIE         1         7  dgemm_shared_kernel(int, double, double*, int, double*, int, double, double*, int, int, int, int) [1715]
374.59ms  16.448us             (16 1 1)       (32 32 1)        29  16.000KB        0B         -           -           -           -  Tesla P100-PCIE         1         7  dtrsm_32_shared_kernel(double, double*, int, double*, int, int, int) [1724]
374.61ms  5.9200us             (16 1 1)       (32 32 1)        32  16.000KB        0B         -           -           -           -  Tesla P100-PCIE         1         7  dgemm_shared_kernel(int, double, double*, int, double*, int, double, double*, int, int, int, int) [1738]
374.62ms  16.448us             (16 1 1)       (32 32 1)        29  16.000KB        0B         -           -           -           -  Tesla P100-PCIE         1         7  dtrsm_32_shared_kernel(double, double*, int, double*, int, int, int) [1747]
374.64ms  89.408us             (16 8 1)       (32 32 1)        32  16.000KB        0B         -           -           -           -  Tesla P100-PCIE         1         7  dgemm_shared_kernel(int, double, double*, int, double*, int, double, double*, int, int, int, int) [1761]
374.73ms  16.543us             (16 1 1)       (32 32 1)        29  16.000KB        0B         -           -           -           -  Tesla P100-PCIE         1         7  dtrsm_32_shared_kernel(double, double*, int, double*, int, int, int) [1770]
374.74ms  5.9840us             (16 1 1)       (32 32 1)        32  16.000KB        0B         -           -           -           -  Tesla P100-PCIE         1         7  dgemm_shared_kernel(int, double, double*, int, double*, int, double, double*, int, int, int, int) [1784]
374.75ms  16.448us             (16 1 1)       (32 32 1)        29  16.000KB        0B         -           -           -           -  Tesla P100-PCIE         1         7  dtrsm_32_shared_kernel(double, double*, int, double*, int, int, int) [1793]
374.77ms  10.336us             (16 2 1)       (32 32 1)        32  16.000KB        0B         -           -           -           -  Tesla P100-PCIE         1         7  dgemm_shared_kernel(int, double, double*, int, double*, int, double, double*, int, int, int, int) [1807]
374.78ms  16.512us             (16 1 1)       (32 32 1)        29  16.000KB        0B         -           -           -           -  Tesla P100-PCIE         1         7  dtrsm_32_shared_kernel(double, double*, int, double*, int, int, int) [1816]
374.80ms  5.9200us             (16 1 1)       (32 32 1)        32  16.000KB        0B         -           -           -           -  Tesla P100-PCIE         1         7  dgemm_shared_kernel(int, double, double*, int, double*, int, double, double*, int, int, int, int) [1830]
374.80ms  16.480us             (16 1 1)       (32 32 1)        29  16.000KB        0B         -           -           -           -  Tesla P100-PCIE         1         7  dtrsm_32_shared_kernel(double, double*, int, double*, int, int, int) [1839]
374.82ms  30.976us             (16 4 1)       (32 32 1)        32  16.000KB        0B         -           -           -           -  Tesla P100-PCIE         1         7  dgemm_shared_kernel(int, double, double*, int, double*, int, double, double*, int, int, int, int) [1853]
374.85ms  16.352us             (16 1 1)       (32 32 1)        29  16.000KB        0B         -           -           -           -  Tesla P100-PCIE         1         7  dtrsm_32_shared_kernel(double, double*, int, double*, int, int, int) [1862]
374.87ms  5.9200us             (16 1 1)       (32 32 1)        32  16.000KB        0B         -           -           -           -  Tesla P100-PCIE         1         7  dgemm_shared_kernel(int, double, double*, int, double*, int, double, double*, int, int, int, int) [1876]
374.88ms  16.384us             (16 1 1)       (32 32 1)        29  16.000KB        0B         -           -           -           -  Tesla P100-PCIE         1         7  dtrsm_32_shared_kernel(double, double*, int, double*, int, int, int) [1885]
374.89ms  10.560us             (16 2 1)       (32 32 1)        32  16.000KB        0B         -           -           -           -  Tesla P100-PCIE         1         7  dgemm_shared_kernel(int, double, double*, int, double*, int, double, double*, int, int, int, int) [1899]
374.90ms  16.384us             (16 1 1)       (32 32 1)        29  16.000KB        0B         -           -           -           -  Tesla P100-PCIE         1         7  dtrsm_32_shared_kernel(double, double*, int, double*, int, int, int) [1908]
374.92ms  5.9520us             (16 1 1)       (32 32 1)        32  16.000KB        0B         -           -           -           -  Tesla P100-PCIE         1         7  dgemm_shared_kernel(int, double, double*, int, double*, int, double, double*, int, int, int, int) [1922]
374.93ms  16.480us             (16 1 1)       (32 32 1)        29  16.000KB        0B         -           -           -           -  Tesla P100-PCIE         1         7  dtrsm_32_shared_kernel(double, double*, int, double*, int, int, int) [1931]
374.95ms  283.30us            (16 16 1)       (32 32 1)        32  16.000KB        0B         -           -           -           -  Tesla P100-PCIE         1         7  dgemm_shared_kernel(int, double, double*, int, double*, int, double, double*, int, int, int, int) [1945]
375.23ms  17.056us             (16 1 1)       (32 32 1)        29  16.000KB        0B         -           -           -           -  Tesla P100-PCIE         1         7  dtrsm_32_shared_kernel(double, double*, int, double*, int, int, int) [1954]
375.25ms  6.6880us             (16 1 1)       (32 32 1)        32  16.000KB        0B         -           -           -           -  Tesla P100-PCIE         1         7  dgemm_shared_kernel(int, double, double*, int, double*, int, double, double*, int, int, int, int) [1968]
375.26ms  16.416us             (16 1 1)       (32 32 1)        29  16.000KB        0B         -           -           -           -  Tesla P100-PCIE         1         7  dtrsm_32_shared_kernel(double, double*, int, double*, int, int, int) [1977]
375.27ms  11.232us             (16 2 1)       (32 32 1)        32  16.000KB        0B         -           -           -           -  Tesla P100-PCIE         1         7  dgemm_shared_kernel(int, double, double*, int, double*, int, double, double*, int, int, int, int) [1991]
375.28ms  16.512us             (16 1 1)       (32 32 1)        29  16.000KB        0B         -           -           -           -  Tesla P100-PCIE         1         7  dtrsm_32_shared_kernel(double, double*, int, double*, int, int, int) [2000]
375.30ms  5.9200us             (16 1 1)       (32 32 1)        32  16.000KB        0B         -           -           -           -  Tesla P100-PCIE         1         7  dgemm_shared_kernel(int, double, double*, int, double*, int, double, double*, int, int, int, int) [2014]
375.31ms  16.448us             (16 1 1)       (32 32 1)        29  16.000KB        0B         -           -           -           -  Tesla P100-PCIE         1         7  dtrsm_32_shared_kernel(double, double*, int, double*, int, int, int) [2023]
375.33ms  31.424us             (16 4 1)       (32 32 1)        32  16.000KB        0B         -           -           -           -  Tesla P100-PCIE         1         7  dgemm_shared_kernel(int, double, double*, int, double*, int, double, double*, int, int, int, int) [2037]
375.36ms  16.416us             (16 1 1)       (32 32 1)        29  16.000KB        0B         -           -           -           -  Tesla P100-PCIE         1         7  dtrsm_32_shared_kernel(double, double*, int, double*, int, int, int) [2046]
375.38ms  5.8880us             (16 1 1)       (32 32 1)        32  16.000KB        0B         -           -           -           -  Tesla P100-PCIE         1         7  dgemm_shared_kernel(int, double, double*, int, double*, int, double, double*, int, int, int, int) [2060]
375.38ms  16.448us             (16 1 1)       (32 32 1)        29  16.000KB        0B         -           -           -           -  Tesla P100-PCIE         1         7  dtrsm_32_shared_kernel(double, double*, int, double*, int, int, int) [2069]
375.40ms  10.400us             (16 2 1)       (32 32 1)        32  16.000KB        0B         -           -           -           -  Tesla P100-PCIE         1         7  dgemm_shared_kernel(int, double, double*, int, double*, int, double, double*, int, int, int, int) [2083]
375.41ms  16.320us             (16 1 1)       (32 32 1)        29  16.000KB        0B         -           -           -           -  Tesla P100-PCIE         1         7  dtrsm_32_shared_kernel(double, double*, int, double*, int, int, int) [2092]
375.43ms  5.8560us             (16 1 1)       (32 32 1)        32  16.000KB        0B         -           -           -           -  Tesla P100-PCIE         1         7  dgemm_shared_kernel(int, double, double*, int, double*, int, double, double*, int, int, int, int) [2106]
375.43ms  16.352us             (16 1 1)       (32 32 1)        29  16.000KB        0B         -           -           -           -  Tesla P100-PCIE         1         7  dtrsm_32_shared_kernel(double, double*, int, double*, int, int, int) [2115]
375.45ms  87.392us             (16 8 1)       (32 32 1)        32  16.000KB        0B         -           -           -           -  Tesla P100-PCIE         1         7  dgemm_shared_kernel(int, double, double*, int, double*, int, double, double*, int, int, int, int) [2129]
375.54ms  16.416us             (16 1 1)       (32 32 1)        29  16.000KB        0B         -           -           -           -  Tesla P100-PCIE         1         7  dtrsm_32_shared_kernel(double, double*, int, double*, int, int, int) [2138]
375.56ms  5.9200us             (16 1 1)       (32 32 1)        32  16.000KB        0B         -           -           -           -  Tesla P100-PCIE         1         7  dgemm_shared_kernel(int, double, double*, int, double*, int, double, double*, int, int, int, int) [2152]
375.56ms  16.448us             (16 1 1)       (32 32 1)        29  16.000KB        0B         -           -           -           -  Tesla P100-PCIE         1         7  dtrsm_32_shared_kernel(double, double*, int, double*, int, int, int) [2161]
375.58ms  10.112us             (16 2 1)       (32 32 1)        32  16.000KB        0B         -           -           -           -  Tesla P100-PCIE         1         7  dgemm_shared_kernel(int, double, double*, int, double*, int, double, double*, int, int, int, int) [2175]
375.59ms  16.416us             (16 1 1)       (32 32 1)        29  16.000KB        0B         -           -           -           -  Tesla P100-PCIE         1         7  dtrsm_32_shared_kernel(double, double*, int, double*, int, int, int) [2184]
375.61ms  5.9520us             (16 1 1)       (32 32 1)        32  16.000KB        0B         -           -           -           -  Tesla P100-PCIE         1         7  dgemm_shared_kernel(int, double, double*, int, double*, int, double, double*, int, int, int, int) [2198]
375.62ms  16.384us             (16 1 1)       (32 32 1)        29  16.000KB        0B         -           -           -           -  Tesla P100-PCIE         1         7  dtrsm_32_shared_kernel(double, double*, int, double*, int, int, int) [2207]
375.63ms  31.136us             (16 4 1)       (32 32 1)        32  16.000KB        0B         -           -           -           -  Tesla P100-PCIE         1         7  dgemm_shared_kernel(int, double, double*, int, double*, int, double, double*, int, int, int, int) [2221]
375.67ms  16.416us             (16 1 1)       (32 32 1)        29  16.000KB        0B         -           -           -           -  Tesla P100-PCIE         1         7  dtrsm_32_shared_kernel(double, double*, int, double*, int, int, int) [2230]
375.68ms  5.9840us             (16 1 1)       (32 32 1)        32  16.000KB        0B         -           -           -           -  Tesla P100-PCIE         1         7  dgemm_shared_kernel(int, double, double*, int, double*, int, double, double*, int, int, int, int) [2244]
375.69ms  16.320us             (16 1 1)       (32 32 1)        29  16.000KB        0B         -           -           -           -  Tesla P100-PCIE         1         7  dtrsm_32_shared_kernel(double, double*, int, double*, int, int, int) [2253]
375.71ms  10.336us             (16 2 1)       (32 32 1)        32  16.000KB        0B         -           -           -           -  Tesla P100-PCIE         1         7  dgemm_shared_kernel(int, double, double*, int, double*, int, double, double*, int, int, int, int) [2267]
375.72ms  22.432us             (16 1 1)       (32 32 1)        29  16.000KB        0B         -           -           -           -  Tesla P100-PCIE         1         7  dtrsm_32_shared_kernel(double, double*, int, double*, int, int, int) [2276]
375.74ms  5.9200us             (16 1 1)       (32 32 1)        32  16.000KB        0B         -           -           -           -  Tesla P100-PCIE         1         7  dgemm_shared_kernel(int, double, double*, int, double*, int, double, double*, int, int, int, int) [2290]
375.75ms  26.976us             (16 1 1)       (32 32 1)        29  16.000KB        0B         -           -           -           -  Tesla P100-PCIE         1         7  dtrsm_32_shared_kernel(double, double*, int, double*, int, int, int) [2299]
375.78ms  1.0578ms            (16 32 1)       (32 32 1)        32  16.000KB        0B         -           -           -           -  Tesla P100-PCIE         1         7  dgemm_shared_kernel(int, double, double*, int, double*, int, double, double*, int, int, int, int) [2313]
376.83ms  25.024us             (16 1 1)       (32 32 1)        29  16.000KB        0B         -           -           -           -  Tesla P100-PCIE         1         7  dtrsm_32_shared_kernel(double, double*, int, double*, int, int, int) [2322]
376.86ms  6.2720us             (16 1 1)       (32 32 1)        32  16.000KB        0B         -           -           -           -  Tesla P100-PCIE         1         7  dgemm_shared_kernel(int, double, double*, int, double*, int, double, double*, int, int, int, int) [2336]
376.87ms  24.352us             (16 1 1)       (32 32 1)        29  16.000KB        0B         -           -           -           -  Tesla P100-PCIE         1         7  dtrsm_32_shared_kernel(double, double*, int, double*, int, int, int) [2345]
376.89ms  11.008us             (16 2 1)       (32 32 1)        32  16.000KB        0B         -           -           -           -  Tesla P100-PCIE         1         7  dgemm_shared_kernel(int, double, double*, int, double*, int, double, double*, int, int, int, int) [2359]
376.90ms  24.384us             (16 1 1)       (32 32 1)        29  16.000KB        0B         -           -           -           -  Tesla P100-PCIE         1         7  dtrsm_32_shared_kernel(double, double*, int, double*, int, int, int) [2368]
376.93ms  5.8560us             (16 1 1)       (32 32 1)        32  16.000KB        0B         -           -           -           -  Tesla P100-PCIE         1         7  dgemm_shared_kernel(int, double, double*, int, double*, int, double, double*, int, int, int, int) [2382]
376.94ms  24.352us             (16 1 1)       (32 32 1)        29  16.000KB        0B         -           -           -           -  Tesla P100-PCIE         1         7  dtrsm_32_shared_kernel(double, double*, int, double*, int, int, int) [2391]
376.96ms  31.456us             (16 4 1)       (32 32 1)        32  16.000KB        0B         -           -           -           -  Tesla P100-PCIE         1         7  dgemm_shared_kernel(int, double, double*, int, double*, int, double, double*, int, int, int, int) [2405]
376.99ms  24.416us             (16 1 1)       (32 32 1)        29  16.000KB        0B         -           -           -           -  Tesla P100-PCIE         1         7  dtrsm_32_shared_kernel(double, double*, int, double*, int, int, int) [2414]
377.02ms  5.9520us             (16 1 1)       (32 32 1)        32  16.000KB        0B         -           -           -           -  Tesla P100-PCIE         1         7  dgemm_shared_kernel(int, double, double*, int, double*, int, double, double*, int, int, int, int) [2428]
377.03ms  24.384us             (16 1 1)       (32 32 1)        29  16.000KB        0B         -           -           -           -  Tesla P100-PCIE         1         7  dtrsm_32_shared_kernel(double, double*, int, double*, int, int, int) [2437]
377.05ms  10.272us             (16 2 1)       (32 32 1)        32  16.000KB        0B         -           -           -           -  Tesla P100-PCIE         1         7  dgemm_shared_kernel(int, double, double*, int, double*, int, double, double*, int, int, int, int) [2451]
377.06ms  24.448us             (16 1 1)       (32 32 1)        29  16.000KB        0B         -           -           -           -  Tesla P100-PCIE         1         7  dtrsm_32_shared_kernel(double, double*, int, double*, int, int, int) [2460]
377.09ms  5.8880us             (16 1 1)       (32 32 1)        32  16.000KB        0B         -           -           -           -  Tesla P100-PCIE         1         7  dgemm_shared_kernel(int, double, double*, int, double*, int, double, double*, int, int, int, int) [2474]
377.09ms  24.416us             (16 1 1)       (32 32 1)        29  16.000KB        0B         -           -           -           -  Tesla P100-PCIE         1         7  dtrsm_32_shared_kernel(double, double*, int, double*, int, int, int) [2483]
377.12ms  86.111us             (16 8 1)       (32 32 1)        32  16.000KB        0B         -           -           -           -  Tesla P100-PCIE         1         7  dgemm_shared_kernel(int, double, double*, int, double*, int, double, double*, int, int, int, int) [2497]
377.21ms  24.416us             (16 1 1)       (32 32 1)        29  16.000KB        0B         -           -           -           -  Tesla P100-PCIE         1         7  dtrsm_32_shared_kernel(double, double*, int, double*, int, int, int) [2506]
377.23ms  5.9200us             (16 1 1)       (32 32 1)        32  16.000KB        0B         -           -           -           -  Tesla P100-PCIE         1         7  dgemm_shared_kernel(int, double, double*, int, double*, int, double, double*, int, int, int, int) [2520]
377.24ms  24.256us             (16 1 1)       (32 32 1)        29  16.000KB        0B         -           -           -           -  Tesla P100-PCIE         1         7  dtrsm_32_shared_kernel(double, double*, int, double*, int, int, int) [2529]
377.26ms  10.336us             (16 2 1)       (32 32 1)        32  16.000KB        0B         -           -           -           -  Tesla P100-PCIE         1         7  dgemm_shared_kernel(int, double, double*, int, double*, int, double, double*, int, int, int, int) [2543]
377.27ms  24.256us             (16 1 1)       (32 32 1)        29  16.000KB        0B         -           -           -           -  Tesla P100-PCIE         1         7  dtrsm_32_shared_kernel(double, double*, int, double*, int, int, int) [2552]
377.30ms  5.8240us             (16 1 1)       (32 32 1)        32  16.000KB        0B         -           -           -           -  Tesla P100-PCIE         1         7  dgemm_shared_kernel(int, double, double*, int, double*, int, double, double*, int, int, int, int) [2566]
377.31ms  24.352us             (16 1 1)       (32 32 1)        29  16.000KB        0B         -           -           -           -  Tesla P100-PCIE         1         7  dtrsm_32_shared_kernel(double, double*, int, double*, int, int, int) [2575]
377.33ms  31.008us             (16 4 1)       (32 32 1)        32  16.000KB        0B         -           -           -           -  Tesla P100-PCIE         1         7  dgemm_shared_kernel(int, double, double*, int, double*, int, double, double*, int, int, int, int) [2589]
377.36ms  24.256us             (16 1 1)       (32 32 1)        29  16.000KB        0B         -           -           -           -  Tesla P100-PCIE         1         7  dtrsm_32_shared_kernel(double, double*, int, double*, int, int, int) [2598]
377.39ms  5.9200us             (16 1 1)       (32 32 1)        32  16.000KB        0B         -           -           -           -  Tesla P100-PCIE         1         7  dgemm_shared_kernel(int, double, double*, int, double*, int, double, double*, int, int, int, int) [2612]
377.40ms  24.384us             (16 1 1)       (32 32 1)        29  16.000KB        0B         -           -           -           -  Tesla P100-PCIE         1         7  dtrsm_32_shared_kernel(double, double*, int, double*, int, int, int) [2621]
377.42ms  10.176us             (16 2 1)       (32 32 1)        32  16.000KB        0B         -           -           -           -  Tesla P100-PCIE         1         7  dgemm_shared_kernel(int, double, double*, int, double*, int, double, double*, int, int, int, int) [2635]
377.43ms  24.288us             (16 1 1)       (32 32 1)        29  16.000KB        0B         -           -           -           -  Tesla P100-PCIE         1         7  dtrsm_32_shared_kernel(double, double*, int, double*, int, int, int) [2644]
377.46ms  5.8880us             (16 1 1)       (32 32 1)        32  16.000KB        0B         -           -           -           -  Tesla P100-PCIE         1         7  dgemm_shared_kernel(int, double, double*, int, double*, int, double, double*, int, int, int, int) [2658]
377.46ms  24.352us             (16 1 1)       (32 32 1)        29  16.000KB        0B         -           -           -           -  Tesla P100-PCIE         1         7  dtrsm_32_shared_kernel(double, double*, int, double*, int, int, int) [2667]
377.49ms  319.07us            (16 16 1)       (32 32 1)        32  16.000KB        0B         -           -           -           -  Tesla P100-PCIE         1         7  dgemm_shared_kernel(int, double, double*, int, double*, int, double, double*, int, int, int, int) [2681]
377.81ms  25.280us             (16 1 1)       (32 32 1)        29  16.000KB        0B         -           -           -           -  Tesla P100-PCIE         1         7  dtrsm_32_shared_kernel(double, double*, int, double*, int, int, int) [2690]
377.84ms  6.3040us             (16 1 1)       (32 32 1)        32  16.000KB        0B         -           -           -           -  Tesla P100-PCIE         1         7  dgemm_shared_kernel(int, double, double*, int, double*, int, double, double*, int, int, int, int) [2704]
377.84ms  24.384us             (16 1 1)       (32 32 1)        29  16.000KB        0B         -           -           -           -  Tesla P100-PCIE         1         7  dtrsm_32_shared_kernel(double, double*, int, double*, int, int, int) [2713]
377.87ms  10.848us             (16 2 1)       (32 32 1)        32  16.000KB        0B         -           -           -           -  Tesla P100-PCIE         1         7  dgemm_shared_kernel(int, double, double*, int, double*, int, double, double*, int, int, int, int) [2727]
377.88ms  24.320us             (16 1 1)       (32 32 1)        29  16.000KB        0B         -           -           -           -  Tesla P100-PCIE         1         7  dtrsm_32_shared_kernel(double, double*, int, double*, int, int, int) [2736]
377.90ms  5.8560us             (16 1 1)       (32 32 1)        32  16.000KB        0B         -           -           -           -  Tesla P100-PCIE         1         7  dgemm_shared_kernel(int, double, double*, int, double*, int, double, double*, int, int, int, int) [2750]
377.91ms  24.384us             (16 1 1)       (32 32 1)        29  16.000KB        0B         -           -           -           -  Tesla P100-PCIE         1         7  dtrsm_32_shared_kernel(double, double*, int, double*, int, int, int) [2759]
377.94ms  31.519us             (16 4 1)       (32 32 1)        32  16.000KB        0B         -           -           -           -  Tesla P100-PCIE         1         7  dgemm_shared_kernel(int, double, double*, int, double*, int, double, double*, int, int, int, int) [2773]
377.97ms  24.384us             (16 1 1)       (32 32 1)        29  16.000KB        0B         -           -           -           -  Tesla P100-PCIE         1         7  dtrsm_32_shared_kernel(double, double*, int, double*, int, int, int) [2782]
377.99ms  5.9200us             (16 1 1)       (32 32 1)        32  16.000KB        0B         -           -           -           -  Tesla P100-PCIE         1         7  dgemm_shared_kernel(int, double, double*, int, double*, int, double, double*, int, int, int, int) [2796]
378.00ms  24.320us             (16 1 1)       (32 32 1)        29  16.000KB        0B         -           -           -           -  Tesla P100-PCIE         1         7  dtrsm_32_shared_kernel(double, double*, int, double*, int, int, int) [2805]
378.03ms  10.368us             (16 2 1)       (32 32 1)        32  16.000KB        0B         -           -           -           -  Tesla P100-PCIE         1         7  dgemm_shared_kernel(int, double, double*, int, double*, int, double, double*, int, int, int, int) [2819]
378.04ms  24.352us             (16 1 1)       (32 32 1)        29  16.000KB        0B         -           -           -           -  Tesla P100-PCIE         1         7  dtrsm_32_shared_kernel(double, double*, int, double*, int, int, int) [2828]
378.06ms  5.8560us             (16 1 1)       (32 32 1)        32  16.000KB        0B         -           -           -           -  Tesla P100-PCIE         1         7  dgemm_shared_kernel(int, double, double*, int, double*, int, double, double*, int, int, int, int) [2842]
378.07ms  24.384us             (16 1 1)       (32 32 1)        29  16.000KB        0B         -           -           -           -  Tesla P100-PCIE         1         7  dtrsm_32_shared_kernel(double, double*, int, double*, int, int, int) [2851]
378.09ms  86.432us             (16 8 1)       (32 32 1)        32  16.000KB        0B         -           -           -           -  Tesla P100-PCIE         1         7  dgemm_shared_kernel(int, double, double*, int, double*, int, double, double*, int, int, int, int) [2865]
378.18ms  24.288us             (16 1 1)       (32 32 1)        29  16.000KB        0B         -           -           -           -  Tesla P100-PCIE         1         7  dtrsm_32_shared_kernel(double, double*, int, double*, int, int, int) [2874]
378.21ms  5.9200us             (16 1 1)       (32 32 1)        32  16.000KB        0B         -           -           -           -  Tesla P100-PCIE         1         7  dgemm_shared_kernel(int, double, double*, int, double*, int, double, double*, int, int, int, int) [2888]
378.21ms  24.288us             (16 1 1)       (32 32 1)        29  16.000KB        0B         -           -           -           -  Tesla P100-PCIE         1         7  dtrsm_32_shared_kernel(double, double*, int, double*, int, int, int) [2897]
378.24ms  10.432us             (16 2 1)       (32 32 1)        32  16.000KB        0B         -           -           -           -  Tesla P100-PCIE         1         7  dgemm_shared_kernel(int, double, double*, int, double*, int, double, double*, int, int, int, int) [2911]
378.25ms  24.352us             (16 1 1)       (32 32 1)        29  16.000KB        0B         -           -           -           -  Tesla P100-PCIE         1         7  dtrsm_32_shared_kernel(double, double*, int, double*, int, int, int) [2920]
378.28ms  6.0800us             (16 1 1)       (32 32 1)        32  16.000KB        0B         -           -           -           -  Tesla P100-PCIE         1         7  dgemm_shared_kernel(int, double, double*, int, double*, int, double, double*, int, int, int, int) [2934]
378.28ms  24.480us             (16 1 1)       (32 32 1)        29  16.000KB        0B         -           -           -           -  Tesla P100-PCIE         1         7  dtrsm_32_shared_kernel(double, double*, int, double*, int, int, int) [2943]
378.31ms  30.528us             (16 4 1)       (32 32 1)        32  16.000KB        0B         -           -           -           -  Tesla P100-PCIE         1         7  dgemm_shared_kernel(int, double, double*, int, double*, int, double, double*, int, int, int, int) [2957]
378.34ms  24.352us             (16 1 1)       (32 32 1)        29  16.000KB        0B         -           -           -           -  Tesla P100-PCIE         1         7  dtrsm_32_shared_kernel(double, double*, int, double*, int, int, int) [2966]
378.36ms  5.9520us             (16 1 1)       (32 32 1)        32  16.000KB        0B         -           -           -           -  Tesla P100-PCIE         1         7  dgemm_shared_kernel(int, double, double*, int, double*, int, double, double*, int, int, int, int) [2980]
378.37ms  24.384us             (16 1 1)       (32 32 1)        29  16.000KB        0B         -           -           -           -  Tesla P100-PCIE         1         7  dtrsm_32_shared_kernel(double, double*, int, double*, int, int, int) [2989]
378.40ms  10.336us             (16 2 1)       (32 32 1)        32  16.000KB        0B         -           -           -           -  Tesla P100-PCIE         1         7  dgemm_shared_kernel(int, double, double*, int, double*, int, double, double*, int, int, int, int) [3003]
378.41ms  24.288us             (16 1 1)       (32 32 1)        29  16.000KB        0B         -           -           -           -  Tesla P100-PCIE         1         7  dtrsm_32_shared_kernel(double, double*, int, double*, int, int, int) [3012]
378.43ms  5.8880us             (16 1 1)       (32 32 1)        32  16.000KB        0B         -           -           -           -  Tesla P100-PCIE         1         7  dgemm_shared_kernel(int, double, double*, int, double*, int, double, double*, int, int, int, int) [3026]
378.44ms  24.480us             (16 1 1)       (32 32 1)        29  16.000KB        0B         -           -           -           -  Tesla P100-PCIE         1         7  dtrsm_32_shared_kernel(double, double*, int, double*, int, int, int) [3035]
378.49ms  3.1612ms                    -               -         -         -         -  16.000MB  4.9428GB/s      Device    Pageable  Tesla P100-PCIE         1         7  [CUDA memcpy DtoH]

Regs: Number of registers used per CUDA thread. This number includes registers used internally by the CUDA driver and/or tools and can be more than what the compiler shows.
SSMem: Static shared memory allocated per CUDA block.
DSMem: Dynamic shared memory allocated per CUDA block.
SrcMemType: The type of source memory accessed by memory operation/copy
DstMemType: The type of destination memory accessed by memory operation/copy
