Architecture:          x86_64
CPU op-mode(s):        32-bit, 64-bit
Byte Order:            Little Endian
CPU(s):                40
On-line CPU(s) list:   0-39
Thread(s) per core:    1
Core(s) per socket:    20
Socket(s):             2
NUMA node(s):          2
Vendor ID:             GenuineIntel
CPU family:            6
Model:                 85
Model name:            Intel(R) Xeon(R) Gold 6138 CPU @ 2.00GHz
Stepping:              4
CPU MHz:               2667.846
CPU max MHz:           3700,0000
CPU min MHz:           1000,0000
BogoMIPS:              4000.00
Virtualization:        VT-x
L1d cache:             32K
L1i cache:             32K
L2 cache:              1024K
L3 cache:              28160K
NUMA node0 CPU(s):     0-19
NUMA node1 CPU(s):     20-39
Flags:                 fpu vme de pse tsc msr pae mce cx8 apic sep mtrr pge mca cmov pat pse36 clflush dts acpi mmx fxsr sse sse2 ss ht tm pbe syscall nx pdpe1gb rdtscp lm constant_tsc art arch_perfmon pebs bts rep_good nopl xtopology nonstop_tsc aperfmperf eagerfpu pni pclmulqdq dtes64 monitor ds_cpl vmx smx est tm2 ssse3 sdbg fma cx16 xtpr pdcm pcid dca sse4_1 sse4_2 x2apic movbe popcnt tsc_deadline_timer aes xsave avx f16c rdrand lahf_lm abm 3dnowprefetch epb cat_l3 cdp_l3 intel_ppin intel_pt ssbd mba ibrs ibpb stibp tpr_shadow vnmi flexpriority ept vpid fsgsbase tsc_adjust bmi1 hle avx2 smep bmi2 erms invpcid rtm cqm mpx rdt_a avx512f avx512dq rdseed adx smap clflushopt clwb avx512cd avx512bw avx512vl xsaveopt xsavec xgetbv1 cqm_llc cqm_occup_llc cqm_mbm_total cqm_mbm_local dtherm ida arat pln pts hwp hwp_act_window hwp_pkg_req pku ospke spec_ctrl intel_stibp flush_l1d
Sun Jul 12 11:45:16 2020       
+-----------------------------------------------------------------------------+
| NVIDIA-SMI 396.44                 Driver Version: 396.44                    |
|-------------------------------+----------------------+----------------------+
| GPU  Name        Persistence-M| Bus-Id        Disp.A | Volatile Uncorr. ECC |
| Fan  Temp  Perf  Pwr:Usage/Cap|         Memory-Usage | GPU-Util  Compute M. |
|===============================+======================+======================|
|   0  Tesla P100-PCIE...  Off  | 00000000:37:00.0 Off |                    0 |
| N/A   38C    P0    27W / 250W |      0MiB / 12198MiB |      0%      Default |
+-------------------------------+----------------------+----------------------+
                                                                               
+-----------------------------------------------------------------------------+
| Processes:                                                       GPU Memory |
|  GPU       PID   Type   Process name                             Usage      |
|=============================================================================|
|  No running processes found                                                 |
+-----------------------------------------------------------------------------+
nvcc main.cpp dgemm.cu dtrsm.cu -o labgpu20.x -O3 -L/usr/X11R6/lib -lm -lpthread -lX11 -lcublas -arch=sm_60
==23771== NVPROF is profiling process 23771, command: ./labgpu20.x 6 4096 512 --benchmark -numdevices=1
==23771== Profiling application: ./labgpu20.x 6 4096 512 --benchmark -numdevices=1
==23771== Profiling result:
   Start  Duration            Grid Size      Block Size     Regs*    SSMem*    DSMem*      Size  Throughput  SrcMemType  DstMemType           Device   Context    Stream  Name
1.01319s  1.3440us                    -               -         -         -         -      112B  79.473MB/s    Pageable      Device  Tesla P100-PCIE         1         7  [CUDA memcpy HtoD]
1.01408s  32.243ms                    -               -         -         -         -  128.00MB  3.8768GB/s    Pageable      Device  Tesla P100-PCIE         1         7  [CUDA memcpy HtoD]
1.04658s  3.8232ms                    -               -         -         -         -  16.000MB  4.0869GB/s    Pageable      Device  Tesla P100-PCIE         1         7  [CUDA memcpy HtoD]
1.05041s  165.28us             (64 1 1)        (32 8 1)        32  8.2500KB        0B         -           -           -           -  Tesla P100-PCIE         1         7  void kernel_trsm_l_mul32<double, int=8, bool=0, bool=0, bool=0, bool=0>(int, int, double const *, double const *, int, double*, int, double, int) [246]
1.05058s  59.296us             (8 16 1)         (8 8 1)        72  4.2500KB        0B         -           -           -           -  Tesla P100-PCIE         1         7  void magma_lds128_dgemm_kernel<bool=0, bool=0, int=5, int=5, int=3, int=3, int=3>(int, int, int, double const *, int, double const *, int, double*, int, int, int, double const *, double const *, double, double, int) [267]
1.05064s  153.38us             (64 1 1)        (32 8 1)        32  8.2500KB        0B         -           -           -           -  Tesla P100-PCIE         1         7  void kernel_trsm_l_mul32<double, int=8, bool=0, bool=0, bool=0, bool=0>(int, int, double const *, double const *, int, double*, int, double, int) [281]
1.05080s  122.34us            (16 16 1)         (8 8 1)        72  4.2500KB        0B         -           -           -           -  Tesla P100-PCIE         1         7  void magma_lds128_dgemm_kernel<bool=0, bool=0, int=5, int=5, int=3, int=3, int=3>(int, int, int, double const *, int, double const *, int, double*, int, int, int, double const *, double const *, double, double, int) [302]
1.05092s  161.31us             (64 1 1)        (32 8 1)        32  8.2500KB        0B         -           -           -           -  Tesla P100-PCIE         1         7  void kernel_trsm_l_mul32<double, int=8, bool=0, bool=0, bool=0, bool=0>(int, int, double const *, double const *, int, double*, int, double, int) [316]
1.05108s  57.152us             (8 16 1)         (8 8 1)        72  4.2500KB        0B         -           -           -           -  Tesla P100-PCIE         1         7  void magma_lds128_dgemm_kernel<bool=0, bool=0, int=5, int=5, int=3, int=3, int=3>(int, int, int, double const *, int, double const *, int, double*, int, int, int, double const *, double const *, double, double, int) [337]
1.05114s  155.23us             (64 1 1)        (32 8 1)        32  8.2500KB        0B         -           -           -           -  Tesla P100-PCIE         1         7  void kernel_trsm_l_mul32<double, int=8, bool=0, bool=0, bool=0, bool=0>(int, int, double const *, double const *, int, double*, int, double, int) [351]
1.05130s     928ns                    -               -         -         -         -      512B  526.17MB/s      Device           -  Tesla P100-PCIE         1         7  [CUDA memset]
1.05131s  383.10us             (16 8 2)        (64 1 1)       240  16.500KB        0B         -           -           -           -  Tesla P100-PCIE         1         7  maxwell_dgemm_64x64_nn [380]
1.05169s  162.53us             (64 1 1)        (32 8 1)        32  8.2500KB        0B         -           -           -           -  Tesla P100-PCIE         1         7  void kernel_trsm_l_mul32<double, int=8, bool=0, bool=0, bool=0, bool=0>(int, int, double const *, double const *, int, double*, int, double, int) [393]
1.05186s  58.912us             (8 16 1)         (8 8 1)        72  4.2500KB        0B         -           -           -           -  Tesla P100-PCIE         1         7  void magma_lds128_dgemm_kernel<bool=0, bool=0, int=5, int=5, int=3, int=3, int=3>(int, int, int, double const *, int, double const *, int, double*, int, int, int, double const *, double const *, double, double, int) [414]
1.05192s  157.54us             (64 1 1)        (32 8 1)        32  8.2500KB        0B         -           -           -           -  Tesla P100-PCIE         1         7  void kernel_trsm_l_mul32<double, int=8, bool=0, bool=0, bool=0, bool=0>(int, int, double const *, double const *, int, double*, int, double, int) [428]
1.05208s  122.46us            (16 16 1)         (8 8 1)        72  4.2500KB        0B         -           -           -           -  Tesla P100-PCIE         1         7  void magma_lds128_dgemm_kernel<bool=0, bool=0, int=5, int=5, int=3, int=3, int=3>(int, int, int, double const *, int, double const *, int, double*, int, int, int, double const *, double const *, double, double, int) [449]
1.05220s  160.99us             (64 1 1)        (32 8 1)        32  8.2500KB        0B         -           -           -           -  Tesla P100-PCIE         1         7  void kernel_trsm_l_mul32<double, int=8, bool=0, bool=0, bool=0, bool=0>(int, int, double const *, double const *, int, double*, int, double, int) [463]
1.05236s  58.208us             (8 16 1)         (8 8 1)        72  4.2500KB        0B         -           -           -           -  Tesla P100-PCIE         1         7  void magma_lds128_dgemm_kernel<bool=0, bool=0, int=5, int=5, int=3, int=3, int=3>(int, int, int, double const *, int, double const *, int, double*, int, int, int, double const *, double const *, double, double, int) [484]
1.05242s  156.38us             (64 1 1)        (32 8 1)        32  8.2500KB        0B         -           -           -           -  Tesla P100-PCIE         1         7  void kernel_trsm_l_mul32<double, int=8, bool=0, bool=0, bool=0, bool=0>(int, int, double const *, double const *, int, double*, int, double, int) [498]
1.05258s     928ns                    -               -         -         -         -  1.0000KB  1.0277GB/s      Device           -  Tesla P100-PCIE         1         7  [CUDA memset]
1.05259s  1.2453ms             (32 8 4)        (64 1 1)       240  16.500KB        0B         -           -           -           -  Tesla P100-PCIE         1         7  maxwell_dgemm_64x64_nn [527]
1.05384s  163.26us             (64 1 1)        (32 8 1)        32  8.2500KB        0B         -           -           -           -  Tesla P100-PCIE         1         7  void kernel_trsm_l_mul32<double, int=8, bool=0, bool=0, bool=0, bool=0>(int, int, double const *, double const *, int, double*, int, double, int) [540]
1.05400s  59.840us             (8 16 1)         (8 8 1)        72  4.2500KB        0B         -           -           -           -  Tesla P100-PCIE         1         7  void magma_lds128_dgemm_kernel<bool=0, bool=0, int=5, int=5, int=3, int=3, int=3>(int, int, int, double const *, int, double const *, int, double*, int, int, int, double const *, double const *, double, double, int) [561]
1.05406s  156.77us             (64 1 1)        (32 8 1)        32  8.2500KB        0B         -           -           -           -  Tesla P100-PCIE         1         7  void kernel_trsm_l_mul32<double, int=8, bool=0, bool=0, bool=0, bool=0>(int, int, double const *, double const *, int, double*, int, double, int) [575]
1.05422s  124.86us            (16 16 1)         (8 8 1)        72  4.2500KB        0B         -           -           -           -  Tesla P100-PCIE         1         7  void magma_lds128_dgemm_kernel<bool=0, bool=0, int=5, int=5, int=3, int=3, int=3>(int, int, int, double const *, int, double const *, int, double*, int, int, int, double const *, double const *, double, double, int) [596]
1.05435s  160.96us             (64 1 1)        (32 8 1)        32  8.2500KB        0B         -           -           -           -  Tesla P100-PCIE         1         7  void kernel_trsm_l_mul32<double, int=8, bool=0, bool=0, bool=0, bool=0>(int, int, double const *, double const *, int, double*, int, double, int) [610]
1.05451s  58.432us             (8 16 1)         (8 8 1)        72  4.2500KB        0B         -           -           -           -  Tesla P100-PCIE         1         7  void magma_lds128_dgemm_kernel<bool=0, bool=0, int=5, int=5, int=3, int=3, int=3>(int, int, int, double const *, int, double const *, int, double*, int, int, int, double const *, double const *, double, double, int) [631]
1.05457s  178.56us             (64 1 1)        (32 8 1)        32  8.2500KB        0B         -           -           -           -  Tesla P100-PCIE         1         7  void kernel_trsm_l_mul32<double, int=8, bool=0, bool=0, bool=0, bool=0>(int, int, double const *, double const *, int, double*, int, double, int) [645]
1.05475s     896ns                    -               -         -         -         -      512B  544.96MB/s      Device           -  Tesla P100-PCIE         1         7  [CUDA memset]
1.05476s  389.12us             (16 8 2)        (64 1 1)       240  16.500KB        0B         -           -           -           -  Tesla P100-PCIE         1         7  maxwell_dgemm_64x64_nn [674]
1.05515s  261.50us             (64 1 1)        (32 8 1)        32  8.2500KB        0B         -           -           -           -  Tesla P100-PCIE         1         7  void kernel_trsm_l_mul32<double, int=8, bool=0, bool=0, bool=0, bool=0>(int, int, double const *, double const *, int, double*, int, double, int) [687]
1.05542s  60.191us             (8 16 1)         (8 8 1)        72  4.2500KB        0B         -           -           -           -  Tesla P100-PCIE         1         7  void magma_lds128_dgemm_kernel<bool=0, bool=0, int=5, int=5, int=3, int=3, int=3>(int, int, int, double const *, int, double const *, int, double*, int, int, int, double const *, double const *, double, double, int) [708]
1.05548s  259.04us             (64 1 1)        (32 8 1)        32  8.2500KB        0B         -           -           -           -  Tesla P100-PCIE         1         7  void kernel_trsm_l_mul32<double, int=8, bool=0, bool=0, bool=0, bool=0>(int, int, double const *, double const *, int, double*, int, double, int) [722]
1.05574s  122.66us            (16 16 1)         (8 8 1)        72  4.2500KB        0B         -           -           -           -  Tesla P100-PCIE         1         7  void magma_lds128_dgemm_kernel<bool=0, bool=0, int=5, int=5, int=3, int=3, int=3>(int, int, int, double const *, int, double const *, int, double*, int, int, int, double const *, double const *, double, double, int) [743]
1.05586s  257.60us             (64 1 1)        (32 8 1)        32  8.2500KB        0B         -           -           -           -  Tesla P100-PCIE         1         7  void kernel_trsm_l_mul32<double, int=8, bool=0, bool=0, bool=0, bool=0>(int, int, double const *, double const *, int, double*, int, double, int) [757]
1.05612s  58.271us             (8 16 1)         (8 8 1)        72  4.2500KB        0B         -           -           -           -  Tesla P100-PCIE         1         7  void magma_lds128_dgemm_kernel<bool=0, bool=0, int=5, int=5, int=3, int=3, int=3>(int, int, int, double const *, int, double const *, int, double*, int, int, int, double const *, double const *, double, double, int) [778]
1.05618s  258.50us             (64 1 1)        (32 8 1)        32  8.2500KB        0B         -           -           -           -  Tesla P100-PCIE         1         7  void kernel_trsm_l_mul32<double, int=8, bool=0, bool=0, bool=0, bool=0>(int, int, double const *, double const *, int, double*, int, double, int) [792]
1.05644s  2.8818ms                    -               -         -         -         -  16.000MB  5.4219GB/s      Device    Pageable  Tesla P100-PCIE         1         7  [CUDA memcpy DtoH]

Regs: Number of registers used per CUDA thread. This number includes registers used internally by the CUDA driver and/or tools and can be more than what the compiler shows.
SSMem: Static shared memory allocated per CUDA block.
DSMem: Dynamic shared memory allocated per CUDA block.
SrcMemType: The type of source memory accessed by memory operation/copy
DstMemType: The type of destination memory accessed by memory operation/copy
