/var/spool/slurm/d/job879137/slurm_script: line 12: module: command not found
Architecture:          x86_64
CPU op-mode(s):        32-bit, 64-bit
Byte Order:            Little Endian
CPU(s):                40
On-line CPU(s) list:   0-39
Thread(s) per core:    1
Core(s) per socket:    20
Socket(s):             2
NUMA node(s):          2
Vendor ID:             GenuineIntel
CPU family:            6
Model:                 85
Model name:            Intel(R) Xeon(R) Gold 6138 CPU @ 2.00GHz
Stepping:              4
CPU MHz:               2656.005
CPU max MHz:           3700,0000
CPU min MHz:           1000,0000
BogoMIPS:              4000.00
Virtualization:        VT-x
L1d cache:             32K
L1i cache:             32K
L2 cache:              1024K
L3 cache:              28160K
NUMA node0 CPU(s):     0-19
NUMA node1 CPU(s):     20-39
Flags:                 fpu vme de pse tsc msr pae mce cx8 apic sep mtrr pge mca cmov pat pse36 clflush dts acpi mmx fxsr sse sse2 ss ht tm pbe syscall nx pdpe1gb rdtscp lm constant_tsc art arch_perfmon pebs bts rep_good nopl xtopology nonstop_tsc aperfmperf eagerfpu pni pclmulqdq dtes64 monitor ds_cpl vmx smx est tm2 ssse3 sdbg fma cx16 xtpr pdcm pcid dca sse4_1 sse4_2 x2apic movbe popcnt tsc_deadline_timer aes xsave avx f16c rdrand lahf_lm abm 3dnowprefetch epb cat_l3 cdp_l3 intel_ppin intel_pt ssbd mba ibrs ibpb stibp tpr_shadow vnmi flexpriority ept vpid fsgsbase tsc_adjust bmi1 hle avx2 smep bmi2 erms invpcid rtm cqm mpx rdt_a avx512f avx512dq rdseed adx smap clflushopt clwb avx512cd avx512bw avx512vl xsaveopt xsavec xgetbv1 cqm_llc cqm_occup_llc cqm_mbm_total cqm_mbm_local dtherm ida arat pln pts hwp hwp_act_window hwp_pkg_req pku ospke spec_ctrl intel_stibp flush_l1d
Sun Jul 12 18:17:45 2020       
+-----------------------------------------------------------------------------+
| NVIDIA-SMI 396.44                 Driver Version: 396.44                    |
|-------------------------------+----------------------+----------------------+
| GPU  Name        Persistence-M| Bus-Id        Disp.A | Volatile Uncorr. ECC |
| Fan  Temp  Perf  Pwr:Usage/Cap|         Memory-Usage | GPU-Util  Compute M. |
|===============================+======================+======================|
|   0  Tesla P100-PCIE...  Off  | 00000000:37:00.0 Off |                    0 |
| N/A   37C    P0    28W / 250W |      0MiB / 12198MiB |      4%      Default |
+-------------------------------+----------------------+----------------------+
                                                                               
+-----------------------------------------------------------------------------+
| Processes:                                                       GPU Memory |
|  GPU       PID   Type   Process name                             Usage      |
|=============================================================================|
|  No running processes found                                                 |
+-----------------------------------------------------------------------------+
nvcc main.cpp dgemm.cu dtrsm.cu -o labgpu20.x -O3 -L/usr/X11R6/lib -lm -lpthread -lX11 -lcublas -arch=sm_60
==29780== NVPROF is profiling process 29780, command: ./labgpu20.x 5 4096 512 --benchmark -numdevices=1
==29780== Profiling application: ./labgpu20.x 5 4096 512 --benchmark -numdevices=1
==29780== Profiling result:
   Start  Duration            Grid Size      Block Size     Regs*    SSMem*    DSMem*      Size  Throughput  SrcMemType  DstMemType           Device   Context    Stream  Name
366.34ms  42.136ms                    -               -         -         -         -  128.00MB  2.9666GB/s    Pageable      Device  Tesla P100-PCIE         1         7  [CUDA memcpy HtoD]
408.84ms  3.9300ms                    -               -         -         -         -  16.000MB  3.9758GB/s    Pageable      Device  Tesla P100-PCIE         1         7  [CUDA memcpy HtoD]
412.84ms  29.440us             (1 16 1)       (32 32 1)        29  16.000KB        0B         -           -           -           -  Tesla P100-PCIE         1         7  dtrsm_32_shared_kernel(double, double*, int, double*, int, int, int) [114]
412.87ms  6.6560us             (16 1 1)       (32 32 1)        32  16.000KB        0B         -           -           -           -  Tesla P100-PCIE         1         7  dgemm_shared_kernel(int, double, double*, int, double*, int, double, double*, int, int, int, int) [128]
412.89ms  26.912us             (1 16 1)       (32 32 1)        29  16.000KB        0B         -           -           -           -  Tesla P100-PCIE         1         7  dtrsm_32_shared_kernel(double, double*, int, double*, int, int, int) [137]
412.91ms  12.192us             (16 2 1)       (32 32 1)        32  16.000KB        0B         -           -           -           -  Tesla P100-PCIE         1         7  dgemm_shared_kernel(int, double, double*, int, double*, int, double, double*, int, int, int, int) [151]
412.93ms  26.656us             (1 16 1)       (32 32 1)        29  16.000KB        0B         -           -           -           -  Tesla P100-PCIE         1         7  dtrsm_32_shared_kernel(double, double*, int, double*, int, int, int) [160]
412.96ms  6.0800us             (16 1 1)       (32 32 1)        32  16.000KB        0B         -           -           -           -  Tesla P100-PCIE         1         7  dgemm_shared_kernel(int, double, double*, int, double*, int, double, double*, int, int, int, int) [174]
412.96ms  26.624us             (1 16 1)       (32 32 1)        29  16.000KB        0B         -           -           -           -  Tesla P100-PCIE         1         7  dtrsm_32_shared_kernel(double, double*, int, double*, int, int, int) [183]
412.99ms  31.488us             (16 4 1)       (32 32 1)        32  16.000KB        0B         -           -           -           -  Tesla P100-PCIE         1         7  dgemm_shared_kernel(int, double, double*, int, double*, int, double, double*, int, int, int, int) [197]
413.02ms  26.688us             (1 16 1)       (32 32 1)        29  16.000KB        0B         -           -           -           -  Tesla P100-PCIE         1         7  dtrsm_32_shared_kernel(double, double*, int, double*, int, int, int) [206]
413.05ms  6.0160us             (16 1 1)       (32 32 1)        32  16.000KB        0B         -           -           -           -  Tesla P100-PCIE         1         7  dgemm_shared_kernel(int, double, double*, int, double*, int, double, double*, int, int, int, int) [220]
413.06ms  26.560us             (1 16 1)       (32 32 1)        29  16.000KB        0B         -           -           -           -  Tesla P100-PCIE         1         7  dtrsm_32_shared_kernel(double, double*, int, double*, int, int, int) [229]
413.08ms  10.368us             (16 2 1)       (32 32 1)        32  16.000KB        0B         -           -           -           -  Tesla P100-PCIE         1         7  dgemm_shared_kernel(int, double, double*, int, double*, int, double, double*, int, int, int, int) [243]
413.10ms  26.624us             (1 16 1)       (32 32 1)        29  16.000KB        0B         -           -           -           -  Tesla P100-PCIE         1         7  dtrsm_32_shared_kernel(double, double*, int, double*, int, int, int) [252]
413.12ms  6.0160us             (16 1 1)       (32 32 1)        32  16.000KB        0B         -           -           -           -  Tesla P100-PCIE         1         7  dgemm_shared_kernel(int, double, double*, int, double*, int, double, double*, int, int, int, int) [266]
413.13ms  26.687us             (1 16 1)       (32 32 1)        29  16.000KB        0B         -           -           -           -  Tesla P100-PCIE         1         7  dtrsm_32_shared_kernel(double, double*, int, double*, int, int, int) [275]
413.16ms  88.640us             (16 8 1)       (32 32 1)        32  16.000KB        0B         -           -           -           -  Tesla P100-PCIE         1         7  dgemm_shared_kernel(int, double, double*, int, double*, int, double, double*, int, int, int, int) [289]
413.25ms  26.656us             (1 16 1)       (32 32 1)        29  16.000KB        0B         -           -           -           -  Tesla P100-PCIE         1         7  dtrsm_32_shared_kernel(double, double*, int, double*, int, int, int) [298]
413.27ms  5.8880us             (16 1 1)       (32 32 1)        32  16.000KB        0B         -           -           -           -  Tesla P100-PCIE         1         7  dgemm_shared_kernel(int, double, double*, int, double*, int, double, double*, int, int, int, int) [312]
413.28ms  26.592us             (1 16 1)       (32 32 1)        29  16.000KB        0B         -           -           -           -  Tesla P100-PCIE         1         7  dtrsm_32_shared_kernel(double, double*, int, double*, int, int, int) [321]
413.31ms  10.496us             (16 2 1)       (32 32 1)        32  16.000KB        0B         -           -           -           -  Tesla P100-PCIE         1         7  dgemm_shared_kernel(int, double, double*, int, double*, int, double, double*, int, int, int, int) [335]
413.32ms  26.784us             (1 16 1)       (32 32 1)        29  16.000KB        0B         -           -           -           -  Tesla P100-PCIE         1         7  dtrsm_32_shared_kernel(double, double*, int, double*, int, int, int) [344]
413.35ms  5.9200us             (16 1 1)       (32 32 1)        32  16.000KB        0B         -           -           -           -  Tesla P100-PCIE         1         7  dgemm_shared_kernel(int, double, double*, int, double*, int, double, double*, int, int, int, int) [358]
413.35ms  26.560us             (1 16 1)       (32 32 1)        29  16.000KB        0B         -           -           -           -  Tesla P100-PCIE         1         7  dtrsm_32_shared_kernel(double, double*, int, double*, int, int, int) [367]
413.38ms  30.784us             (16 4 1)       (32 32 1)        32  16.000KB        0B         -           -           -           -  Tesla P100-PCIE         1         7  dgemm_shared_kernel(int, double, double*, int, double*, int, double, double*, int, int, int, int) [381]
413.41ms  26.592us             (1 16 1)       (32 32 1)        29  16.000KB        0B         -           -           -           -  Tesla P100-PCIE         1         7  dtrsm_32_shared_kernel(double, double*, int, double*, int, int, int) [390]
413.44ms  5.8240us             (16 1 1)       (32 32 1)        32  16.000KB        0B         -           -           -           -  Tesla P100-PCIE         1         7  dgemm_shared_kernel(int, double, double*, int, double*, int, double, double*, int, int, int, int) [404]
413.45ms  26.816us             (1 16 1)       (32 32 1)        29  16.000KB        0B         -           -           -           -  Tesla P100-PCIE         1         7  dtrsm_32_shared_kernel(double, double*, int, double*, int, int, int) [413]
413.47ms  10.304us             (16 2 1)       (32 32 1)        32  16.000KB        0B         -           -           -           -  Tesla P100-PCIE         1         7  dgemm_shared_kernel(int, double, double*, int, double*, int, double, double*, int, int, int, int) [427]
413.49ms  26.528us             (1 16 1)       (32 32 1)        29  16.000KB        0B         -           -           -           -  Tesla P100-PCIE         1         7  dtrsm_32_shared_kernel(double, double*, int, double*, int, int, int) [436]
413.51ms  5.8880us             (16 1 1)       (32 32 1)        32  16.000KB        0B         -           -           -           -  Tesla P100-PCIE         1         7  dgemm_shared_kernel(int, double, double*, int, double*, int, double, double*, int, int, int, int) [450]
413.52ms  26.656us             (1 16 1)       (32 32 1)        29  16.000KB        0B         -           -           -           -  Tesla P100-PCIE         1         7  dtrsm_32_shared_kernel(double, double*, int, double*, int, int, int) [459]
413.55ms  278.91us            (16 16 1)       (32 32 1)        32  16.000KB        0B         -           -           -           -  Tesla P100-PCIE         1         7  dgemm_shared_kernel(int, double, double*, int, double*, int, double, double*, int, int, int, int) [473]
413.83ms  27.072us             (1 16 1)       (32 32 1)        29  16.000KB        0B         -           -           -           -  Tesla P100-PCIE         1         7  dtrsm_32_shared_kernel(double, double*, int, double*, int, int, int) [482]
413.85ms  6.5920us             (16 1 1)       (32 32 1)        32  16.000KB        0B         -           -           -           -  Tesla P100-PCIE         1         7  dgemm_shared_kernel(int, double, double*, int, double*, int, double, double*, int, int, int, int) [496]
413.86ms  26.656us             (1 16 1)       (32 32 1)        29  16.000KB        0B         -           -           -           -  Tesla P100-PCIE         1         7  dtrsm_32_shared_kernel(double, double*, int, double*, int, int, int) [505]
413.89ms  11.200us             (16 2 1)       (32 32 1)        32  16.000KB        0B         -           -           -           -  Tesla P100-PCIE         1         7  dgemm_shared_kernel(int, double, double*, int, double*, int, double, double*, int, int, int, int) [519]
413.90ms  26.528us             (1 16 1)       (32 32 1)        29  16.000KB        0B         -           -           -           -  Tesla P100-PCIE         1         7  dtrsm_32_shared_kernel(double, double*, int, double*, int, int, int) [528]
413.93ms  5.9200us             (16 1 1)       (32 32 1)        32  16.000KB        0B         -           -           -           -  Tesla P100-PCIE         1         7  dgemm_shared_kernel(int, double, double*, int, double*, int, double, double*, int, int, int, int) [542]
413.94ms  26.656us             (1 16 1)       (32 32 1)        29  16.000KB        0B         -           -           -           -  Tesla P100-PCIE         1         7  dtrsm_32_shared_kernel(double, double*, int, double*, int, int, int) [551]
413.96ms  31.200us             (16 4 1)       (32 32 1)        32  16.000KB        0B         -           -           -           -  Tesla P100-PCIE         1         7  dgemm_shared_kernel(int, double, double*, int, double*, int, double, double*, int, int, int, int) [565]
414.00ms  26.624us             (1 16 1)       (32 32 1)        29  16.000KB        0B         -           -           -           -  Tesla P100-PCIE         1         7  dtrsm_32_shared_kernel(double, double*, int, double*, int, int, int) [574]
414.02ms  5.8560us             (16 1 1)       (32 32 1)        32  16.000KB        0B         -           -           -           -  Tesla P100-PCIE         1         7  dgemm_shared_kernel(int, double, double*, int, double*, int, double, double*, int, int, int, int) [588]
414.03ms  26.720us             (1 16 1)       (32 32 1)        29  16.000KB        0B         -           -           -           -  Tesla P100-PCIE         1         7  dtrsm_32_shared_kernel(double, double*, int, double*, int, int, int) [597]
414.06ms  10.464us             (16 2 1)       (32 32 1)        32  16.000KB        0B         -           -           -           -  Tesla P100-PCIE         1         7  dgemm_shared_kernel(int, double, double*, int, double*, int, double, double*, int, int, int, int) [611]
414.07ms  26.496us             (1 16 1)       (32 32 1)        29  16.000KB        0B         -           -           -           -  Tesla P100-PCIE         1         7  dtrsm_32_shared_kernel(double, double*, int, double*, int, int, int) [620]
414.10ms  6.1120us             (16 1 1)       (32 32 1)        32  16.000KB        0B         -           -           -           -  Tesla P100-PCIE         1         7  dgemm_shared_kernel(int, double, double*, int, double*, int, double, double*, int, int, int, int) [634]
414.10ms  26.656us             (1 16 1)       (32 32 1)        29  16.000KB        0B         -           -           -           -  Tesla P100-PCIE         1         7  dtrsm_32_shared_kernel(double, double*, int, double*, int, int, int) [643]
414.13ms  89.472us             (16 8 1)       (32 32 1)        32  16.000KB        0B         -           -           -           -  Tesla P100-PCIE         1         7  dgemm_shared_kernel(int, double, double*, int, double*, int, double, double*, int, int, int, int) [657]
414.22ms  26.560us             (1 16 1)       (32 32 1)        29  16.000KB        0B         -           -           -           -  Tesla P100-PCIE         1         7  dtrsm_32_shared_kernel(double, double*, int, double*, int, int, int) [666]
414.25ms  6.0800us             (16 1 1)       (32 32 1)        32  16.000KB        0B         -           -           -           -  Tesla P100-PCIE         1         7  dgemm_shared_kernel(int, double, double*, int, double*, int, double, double*, int, int, int, int) [680]
414.25ms  26.528us             (1 16 1)       (32 32 1)        29  16.000KB        0B         -           -           -           -  Tesla P100-PCIE         1         7  dtrsm_32_shared_kernel(double, double*, int, double*, int, int, int) [689]
414.28ms  10.368us             (16 2 1)       (32 32 1)        32  16.000KB        0B         -           -           -           -  Tesla P100-PCIE         1         7  dgemm_shared_kernel(int, double, double*, int, double*, int, double, double*, int, int, int, int) [703]
414.29ms  26.592us             (1 16 1)       (32 32 1)        29  16.000KB        0B         -           -           -           -  Tesla P100-PCIE         1         7  dtrsm_32_shared_kernel(double, double*, int, double*, int, int, int) [712]
414.32ms  5.8870us             (16 1 1)       (32 32 1)        32  16.000KB        0B         -           -           -           -  Tesla P100-PCIE         1         7  dgemm_shared_kernel(int, double, double*, int, double*, int, double, double*, int, int, int, int) [726]
414.33ms  26.656us             (1 16 1)       (32 32 1)        29  16.000KB        0B         -           -           -           -  Tesla P100-PCIE         1         7  dtrsm_32_shared_kernel(double, double*, int, double*, int, int, int) [735]
414.35ms  31.072us             (16 4 1)       (32 32 1)        32  16.000KB        0B         -           -           -           -  Tesla P100-PCIE         1         7  dgemm_shared_kernel(int, double, double*, int, double*, int, double, double*, int, int, int, int) [749]
414.39ms  26.816us             (1 16 1)       (32 32 1)        29  16.000KB        0B         -           -           -           -  Tesla P100-PCIE         1         7  dtrsm_32_shared_kernel(double, double*, int, double*, int, int, int) [758]
414.41ms  5.9520us             (16 1 1)       (32 32 1)        32  16.000KB        0B         -           -           -           -  Tesla P100-PCIE         1         7  dgemm_shared_kernel(int, double, double*, int, double*, int, double, double*, int, int, int, int) [772]
414.42ms  26.720us             (1 16 1)       (32 32 1)        29  16.000KB        0B         -           -           -           -  Tesla P100-PCIE         1         7  dtrsm_32_shared_kernel(double, double*, int, double*, int, int, int) [781]
414.45ms  10.272us             (16 2 1)       (32 32 1)        32  16.000KB        0B         -           -           -           -  Tesla P100-PCIE         1         7  dgemm_shared_kernel(int, double, double*, int, double*, int, double, double*, int, int, int, int) [795]
414.46ms  26.784us             (1 16 1)       (32 32 1)        29  16.000KB        0B         -           -           -           -  Tesla P100-PCIE         1         7  dtrsm_32_shared_kernel(double, double*, int, double*, int, int, int) [804]
414.49ms  5.8560us             (16 1 1)       (32 32 1)        32  16.000KB        0B         -           -           -           -  Tesla P100-PCIE         1         7  dgemm_shared_kernel(int, double, double*, int, double*, int, double, double*, int, int, int, int) [818]
414.49ms  26.656us             (1 16 1)       (32 32 1)        29  16.000KB        0B         -           -           -           -  Tesla P100-PCIE         1         7  dtrsm_32_shared_kernel(double, double*, int, double*, int, int, int) [827]
414.52ms  1.0537ms            (16 32 1)       (32 32 1)        32  16.000KB        0B         -           -           -           -  Tesla P100-PCIE         1         7  dgemm_shared_kernel(int, double, double*, int, double*, int, double, double*, int, int, int, int) [841]
415.58ms  26.912us             (1 16 1)       (32 32 1)        29  16.000KB        0B         -           -           -           -  Tesla P100-PCIE         1         7  dtrsm_32_shared_kernel(double, double*, int, double*, int, int, int) [850]
415.60ms  6.4000us             (16 1 1)       (32 32 1)        32  16.000KB        0B         -           -           -           -  Tesla P100-PCIE         1         7  dgemm_shared_kernel(int, double, double*, int, double*, int, double, double*, int, int, int, int) [864]
415.61ms  26.592us             (1 16 1)       (32 32 1)        29  16.000KB        0B         -           -           -           -  Tesla P100-PCIE         1         7  dtrsm_32_shared_kernel(double, double*, int, double*, int, int, int) [873]
415.64ms  10.912us             (16 2 1)       (32 32 1)        32  16.000KB        0B         -           -           -           -  Tesla P100-PCIE         1         7  dgemm_shared_kernel(int, double, double*, int, double*, int, double, double*, int, int, int, int) [887]
415.65ms  26.720us             (1 16 1)       (32 32 1)        29  16.000KB        0B         -           -           -           -  Tesla P100-PCIE         1         7  dtrsm_32_shared_kernel(double, double*, int, double*, int, int, int) [896]
415.68ms  5.8560us             (16 1 1)       (32 32 1)        32  16.000KB        0B         -           -           -           -  Tesla P100-PCIE         1         7  dgemm_shared_kernel(int, double, double*, int, double*, int, double, double*, int, int, int, int) [910]
415.68ms  26.560us             (1 16 1)       (32 32 1)        29  16.000KB        0B         -           -           -           -  Tesla P100-PCIE         1         7  dtrsm_32_shared_kernel(double, double*, int, double*, int, int, int) [919]
415.71ms  31.232us             (16 4 1)       (32 32 1)        32  16.000KB        0B         -           -           -           -  Tesla P100-PCIE         1         7  dgemm_shared_kernel(int, double, double*, int, double*, int, double, double*, int, int, int, int) [933]
415.74ms  26.624us             (1 16 1)       (32 32 1)        29  16.000KB        0B         -           -           -           -  Tesla P100-PCIE         1         7  dtrsm_32_shared_kernel(double, double*, int, double*, int, int, int) [942]
415.77ms  6.1760us             (16 1 1)       (32 32 1)        32  16.000KB        0B         -           -           -           -  Tesla P100-PCIE         1         7  dgemm_shared_kernel(int, double, double*, int, double*, int, double, double*, int, int, int, int) [956]
415.78ms  26.656us             (1 16 1)       (32 32 1)        29  16.000KB        0B         -           -           -           -  Tesla P100-PCIE         1         7  dtrsm_32_shared_kernel(double, double*, int, double*, int, int, int) [965]
415.81ms  10.560us             (16 2 1)       (32 32 1)        32  16.000KB        0B         -           -           -           -  Tesla P100-PCIE         1         7  dgemm_shared_kernel(int, double, double*, int, double*, int, double, double*, int, int, int, int) [979]
415.82ms  26.656us             (1 16 1)       (32 32 1)        29  16.000KB        0B         -           -           -           -  Tesla P100-PCIE         1         7  dtrsm_32_shared_kernel(double, double*, int, double*, int, int, int) [988]
415.84ms  5.9520us             (16 1 1)       (32 32 1)        32  16.000KB        0B         -           -           -           -  Tesla P100-PCIE         1         7  dgemm_shared_kernel(int, double, double*, int, double*, int, double, double*, int, int, int, int) [1002]
415.85ms  26.624us             (1 16 1)       (32 32 1)        29  16.000KB        0B         -           -           -           -  Tesla P100-PCIE         1         7  dtrsm_32_shared_kernel(double, double*, int, double*, int, int, int) [1011]
415.88ms  90.016us             (16 8 1)       (32 32 1)        32  16.000KB        0B         -           -           -           -  Tesla P100-PCIE         1         7  dgemm_shared_kernel(int, double, double*, int, double*, int, double, double*, int, int, int, int) [1025]
415.97ms  26.816us             (1 16 1)       (32 32 1)        29  16.000KB        0B         -           -           -           -  Tesla P100-PCIE         1         7  dtrsm_32_shared_kernel(double, double*, int, double*, int, int, int) [1034]
416.00ms  5.8240us             (16 1 1)       (32 32 1)        32  16.000KB        0B         -           -           -           -  Tesla P100-PCIE         1         7  dgemm_shared_kernel(int, double, double*, int, double*, int, double, double*, int, int, int, int) [1048]
416.00ms  26.528us             (1 16 1)       (32 32 1)        29  16.000KB        0B         -           -           -           -  Tesla P100-PCIE         1         7  dtrsm_32_shared_kernel(double, double*, int, double*, int, int, int) [1057]
416.03ms  10.560us             (16 2 1)       (32 32 1)        32  16.000KB        0B         -           -           -           -  Tesla P100-PCIE         1         7  dgemm_shared_kernel(int, double, double*, int, double*, int, double, double*, int, int, int, int) [1071]
416.04ms  26.592us             (1 16 1)       (32 32 1)        29  16.000KB        0B         -           -           -           -  Tesla P100-PCIE         1         7  dtrsm_32_shared_kernel(double, double*, int, double*, int, int, int) [1080]
416.07ms  5.9190us             (16 1 1)       (32 32 1)        32  16.000KB        0B         -           -           -           -  Tesla P100-PCIE         1         7  dgemm_shared_kernel(int, double, double*, int, double*, int, double, double*, int, int, int, int) [1094]
416.08ms  26.624us             (1 16 1)       (32 32 1)        29  16.000KB        0B         -           -           -           -  Tesla P100-PCIE         1         7  dtrsm_32_shared_kernel(double, double*, int, double*, int, int, int) [1103]
416.10ms  30.688us             (16 4 1)       (32 32 1)        32  16.000KB        0B         -           -           -           -  Tesla P100-PCIE         1         7  dgemm_shared_kernel(int, double, double*, int, double*, int, double, double*, int, int, int, int) [1117]
416.14ms  26.720us             (1 16 1)       (32 32 1)        29  16.000KB        0B         -           -           -           -  Tesla P100-PCIE         1         7  dtrsm_32_shared_kernel(double, double*, int, double*, int, int, int) [1126]
416.16ms  5.8880us             (16 1 1)       (32 32 1)        32  16.000KB        0B         -           -           -           -  Tesla P100-PCIE         1         7  dgemm_shared_kernel(int, double, double*, int, double*, int, double, double*, int, int, int, int) [1140]
416.17ms  26.528us             (1 16 1)       (32 32 1)        29  16.000KB        0B         -           -           -           -  Tesla P100-PCIE         1         7  dtrsm_32_shared_kernel(double, double*, int, double*, int, int, int) [1149]
416.20ms  10.496us             (16 2 1)       (32 32 1)        32  16.000KB        0B         -           -           -           -  Tesla P100-PCIE         1         7  dgemm_shared_kernel(int, double, double*, int, double*, int, double, double*, int, int, int, int) [1163]
416.21ms  26.720us             (1 16 1)       (32 32 1)        29  16.000KB        0B         -           -           -           -  Tesla P100-PCIE         1         7  dtrsm_32_shared_kernel(double, double*, int, double*, int, int, int) [1172]
416.24ms  5.8560us             (16 1 1)       (32 32 1)        32  16.000KB        0B         -           -           -           -  Tesla P100-PCIE         1         7  dgemm_shared_kernel(int, double, double*, int, double*, int, double, double*, int, int, int, int) [1186]
416.24ms  26.720us             (1 16 1)       (32 32 1)        29  16.000KB        0B         -           -           -           -  Tesla P100-PCIE         1         7  dtrsm_32_shared_kernel(double, double*, int, double*, int, int, int) [1195]
416.27ms  320.03us            (16 16 1)       (32 32 1)        32  16.000KB        0B         -           -           -           -  Tesla P100-PCIE         1         7  dgemm_shared_kernel(int, double, double*, int, double*, int, double, double*, int, int, int, int) [1209]
416.59ms  27.072us             (1 16 1)       (32 32 1)        29  16.000KB        0B         -           -           -           -  Tesla P100-PCIE         1         7  dtrsm_32_shared_kernel(double, double*, int, double*, int, int, int) [1218]
416.62ms  6.3360us             (16 1 1)       (32 32 1)        32  16.000KB        0B         -           -           -           -  Tesla P100-PCIE         1         7  dgemm_shared_kernel(int, double, double*, int, double*, int, double, double*, int, int, int, int) [1232]
416.63ms  26.752us             (1 16 1)       (32 32 1)        29  16.000KB        0B         -           -           -           -  Tesla P100-PCIE         1         7  dtrsm_32_shared_kernel(double, double*, int, double*, int, int, int) [1241]
416.65ms  10.944us             (16 2 1)       (32 32 1)        32  16.000KB        0B         -           -           -           -  Tesla P100-PCIE         1         7  dgemm_shared_kernel(int, double, double*, int, double*, int, double, double*, int, int, int, int) [1255]
416.67ms  26.496us             (1 16 1)       (32 32 1)        29  16.000KB        0B         -           -           -           -  Tesla P100-PCIE         1         7  dtrsm_32_shared_kernel(double, double*, int, double*, int, int, int) [1264]
416.69ms  5.8880us             (16 1 1)       (32 32 1)        32  16.000KB        0B         -           -           -           -  Tesla P100-PCIE         1         7  dgemm_shared_kernel(int, double, double*, int, double*, int, double, double*, int, int, int, int) [1278]
416.70ms  26.752us             (1 16 1)       (32 32 1)        29  16.000KB        0B         -           -           -           -  Tesla P100-PCIE         1         7  dtrsm_32_shared_kernel(double, double*, int, double*, int, int, int) [1287]
416.73ms  31.232us             (16 4 1)       (32 32 1)        32  16.000KB        0B         -           -           -           -  Tesla P100-PCIE         1         7  dgemm_shared_kernel(int, double, double*, int, double*, int, double, double*, int, int, int, int) [1301]
416.76ms  26.624us             (1 16 1)       (32 32 1)        29  16.000KB        0B         -           -           -           -  Tesla P100-PCIE         1         7  dtrsm_32_shared_kernel(double, double*, int, double*, int, int, int) [1310]
416.79ms  5.8880us             (16 1 1)       (32 32 1)        32  16.000KB        0B         -           -           -           -  Tesla P100-PCIE         1         7  dgemm_shared_kernel(int, double, double*, int, double*, int, double, double*, int, int, int, int) [1324]
416.79ms  26.816us             (1 16 1)       (32 32 1)        29  16.000KB        0B         -           -           -           -  Tesla P100-PCIE         1         7  dtrsm_32_shared_kernel(double, double*, int, double*, int, int, int) [1333]
416.82ms  10.208us             (16 2 1)       (32 32 1)        32  16.000KB        0B         -           -           -           -  Tesla P100-PCIE         1         7  dgemm_shared_kernel(int, double, double*, int, double*, int, double, double*, int, int, int, int) [1347]
416.83ms  26.720us             (1 16 1)       (32 32 1)        29  16.000KB        0B         -           -           -           -  Tesla P100-PCIE         1         7  dtrsm_32_shared_kernel(double, double*, int, double*, int, int, int) [1356]
416.86ms  5.8880us             (16 1 1)       (32 32 1)        32  16.000KB        0B         -           -           -           -  Tesla P100-PCIE         1         7  dgemm_shared_kernel(int, double, double*, int, double*, int, double, double*, int, int, int, int) [1370]
416.87ms  26.784us             (1 16 1)       (32 32 1)        29  16.000KB        0B         -           -           -           -  Tesla P100-PCIE         1         7  dtrsm_32_shared_kernel(double, double*, int, double*, int, int, int) [1379]
416.89ms  85.536us             (16 8 1)       (32 32 1)        32  16.000KB        0B         -           -           -           -  Tesla P100-PCIE         1         7  dgemm_shared_kernel(int, double, double*, int, double*, int, double, double*, int, int, int, int) [1393]
416.98ms  26.784us             (1 16 1)       (32 32 1)        29  16.000KB        0B         -           -           -           -  Tesla P100-PCIE         1         7  dtrsm_32_shared_kernel(double, double*, int, double*, int, int, int) [1402]
417.01ms  5.9200us             (16 1 1)       (32 32 1)        32  16.000KB        0B         -           -           -           -  Tesla P100-PCIE         1         7  dgemm_shared_kernel(int, double, double*, int, double*, int, double, double*, int, int, int, int) [1416]
417.02ms  26.720us             (1 16 1)       (32 32 1)        29  16.000KB        0B         -           -           -           -  Tesla P100-PCIE         1         7  dtrsm_32_shared_kernel(double, double*, int, double*, int, int, int) [1425]
417.04ms  10.432us             (16 2 1)       (32 32 1)        32  16.000KB        0B         -           -           -           -  Tesla P100-PCIE         1         7  dgemm_shared_kernel(int, double, double*, int, double*, int, double, double*, int, int, int, int) [1439]
417.05ms  26.560us             (1 16 1)       (32 32 1)        29  16.000KB        0B         -           -           -           -  Tesla P100-PCIE         1         7  dtrsm_32_shared_kernel(double, double*, int, double*, int, int, int) [1448]
417.08ms  5.8560us             (16 1 1)       (32 32 1)        32  16.000KB        0B         -           -           -           -  Tesla P100-PCIE         1         7  dgemm_shared_kernel(int, double, double*, int, double*, int, double, double*, int, int, int, int) [1462]
417.09ms  26.624us             (1 16 1)       (32 32 1)        29  16.000KB        0B         -           -           -           -  Tesla P100-PCIE         1         7  dtrsm_32_shared_kernel(double, double*, int, double*, int, int, int) [1471]
417.12ms  31.456us             (16 4 1)       (32 32 1)        32  16.000KB        0B         -           -           -           -  Tesla P100-PCIE         1         7  dgemm_shared_kernel(int, double, double*, int, double*, int, double, double*, int, int, int, int) [1485]
417.15ms  26.752us             (1 16 1)       (32 32 1)        29  16.000KB        0B         -           -           -           -  Tesla P100-PCIE         1         7  dtrsm_32_shared_kernel(double, double*, int, double*, int, int, int) [1494]
417.18ms  5.8880us             (16 1 1)       (32 32 1)        32  16.000KB        0B         -           -           -           -  Tesla P100-PCIE         1         7  dgemm_shared_kernel(int, double, double*, int, double*, int, double, double*, int, int, int, int) [1508]
417.18ms  26.592us             (1 16 1)       (32 32 1)        29  16.000KB        0B         -           -           -           -  Tesla P100-PCIE         1         7  dtrsm_32_shared_kernel(double, double*, int, double*, int, int, int) [1517]
417.21ms  10.624us             (16 2 1)       (32 32 1)        32  16.000KB        0B         -           -           -           -  Tesla P100-PCIE         1         7  dgemm_shared_kernel(int, double, double*, int, double*, int, double, double*, int, int, int, int) [1531]
417.22ms  26.559us             (1 16 1)       (32 32 1)        29  16.000KB        0B         -           -           -           -  Tesla P100-PCIE         1         7  dtrsm_32_shared_kernel(double, double*, int, double*, int, int, int) [1540]
417.25ms  5.8880us             (16 1 1)       (32 32 1)        32  16.000KB        0B         -           -           -           -  Tesla P100-PCIE         1         7  dgemm_shared_kernel(int, double, double*, int, double*, int, double, double*, int, int, int, int) [1554]
417.26ms  26.560us             (1 16 1)       (32 32 1)        29  16.000KB        0B         -           -           -           -  Tesla P100-PCIE         1         7  dtrsm_32_shared_kernel(double, double*, int, double*, int, int, int) [1563]
417.28ms  4.0037ms            (16 64 1)       (32 32 1)        32  16.000KB        0B         -           -           -           -  Tesla P100-PCIE         1         7  dgemm_shared_kernel(int, double, double*, int, double*, int, double, double*, int, int, int, int) [1577]
421.29ms  26.848us             (1 16 1)       (32 32 1)        29  16.000KB        0B         -           -           -           -  Tesla P100-PCIE         1         7  dtrsm_32_shared_kernel(double, double*, int, double*, int, int, int) [1586]
421.32ms  6.1430us             (16 1 1)       (32 32 1)        32  16.000KB        0B         -           -           -           -  Tesla P100-PCIE         1         7  dgemm_shared_kernel(int, double, double*, int, double*, int, double, double*, int, int, int, int) [1600]
421.32ms  26.880us             (1 16 1)       (32 32 1)        29  16.000KB        0B         -           -           -           -  Tesla P100-PCIE         1         7  dtrsm_32_shared_kernel(double, double*, int, double*, int, int, int) [1609]
421.35ms  10.848us             (16 2 1)       (32 32 1)        32  16.000KB        0B         -           -           -           -  Tesla P100-PCIE         1         7  dgemm_shared_kernel(int, double, double*, int, double*, int, double, double*, int, int, int, int) [1623]
421.36ms  26.560us             (1 16 1)       (32 32 1)        29  16.000KB        0B         -           -           -           -  Tesla P100-PCIE         1         7  dtrsm_32_shared_kernel(double, double*, int, double*, int, int, int) [1632]
421.39ms  6.0480us             (16 1 1)       (32 32 1)        32  16.000KB        0B         -           -           -           -  Tesla P100-PCIE         1         7  dgemm_shared_kernel(int, double, double*, int, double*, int, double, double*, int, int, int, int) [1646]
421.40ms  26.560us             (1 16 1)       (32 32 1)        29  16.000KB        0B         -           -           -           -  Tesla P100-PCIE         1         7  dtrsm_32_shared_kernel(double, double*, int, double*, int, int, int) [1655]
421.42ms  31.808us             (16 4 1)       (32 32 1)        32  16.000KB        0B         -           -           -           -  Tesla P100-PCIE         1         7  dgemm_shared_kernel(int, double, double*, int, double*, int, double, double*, int, int, int, int) [1669]
421.46ms  26.752us             (1 16 1)       (32 32 1)        29  16.000KB        0B         -           -           -           -  Tesla P100-PCIE         1         7  dtrsm_32_shared_kernel(double, double*, int, double*, int, int, int) [1678]
421.48ms  6.0480us             (16 1 1)       (32 32 1)        32  16.000KB        0B         -           -           -           -  Tesla P100-PCIE         1         7  dgemm_shared_kernel(int, double, double*, int, double*, int, double, double*, int, int, int, int) [1692]
421.49ms  26.560us             (1 16 1)       (32 32 1)        29  16.000KB        0B         -           -           -           -  Tesla P100-PCIE         1         7  dtrsm_32_shared_kernel(double, double*, int, double*, int, int, int) [1701]
421.52ms  10.432us             (16 2 1)       (32 32 1)        32  16.000KB        0B         -           -           -           -  Tesla P100-PCIE         1         7  dgemm_shared_kernel(int, double, double*, int, double*, int, double, double*, int, int, int, int) [1715]
421.53ms  26.496us             (1 16 1)       (32 32 1)        29  16.000KB        0B         -           -           -           -  Tesla P100-PCIE         1         7  dtrsm_32_shared_kernel(double, double*, int, double*, int, int, int) [1724]
421.56ms  5.9840us             (16 1 1)       (32 32 1)        32  16.000KB        0B         -           -           -           -  Tesla P100-PCIE         1         7  dgemm_shared_kernel(int, double, double*, int, double*, int, double, double*, int, int, int, int) [1738]
421.56ms  26.560us             (1 16 1)       (32 32 1)        29  16.000KB        0B         -           -           -           -  Tesla P100-PCIE         1         7  dtrsm_32_shared_kernel(double, double*, int, double*, int, int, int) [1747]
421.59ms  88.384us             (16 8 1)       (32 32 1)        32  16.000KB        0B         -           -           -           -  Tesla P100-PCIE         1         7  dgemm_shared_kernel(int, double, double*, int, double*, int, double, double*, int, int, int, int) [1761]
421.68ms  26.944us             (1 16 1)       (32 32 1)        29  16.000KB        0B         -           -           -           -  Tesla P100-PCIE         1         7  dtrsm_32_shared_kernel(double, double*, int, double*, int, int, int) [1770]
421.71ms  5.9520us             (16 1 1)       (32 32 1)        32  16.000KB        0B         -           -           -           -  Tesla P100-PCIE         1         7  dgemm_shared_kernel(int, double, double*, int, double*, int, double, double*, int, int, int, int) [1784]
421.71ms  26.688us             (1 16 1)       (32 32 1)        29  16.000KB        0B         -           -           -           -  Tesla P100-PCIE         1         7  dtrsm_32_shared_kernel(double, double*, int, double*, int, int, int) [1793]
421.74ms  10.496us             (16 2 1)       (32 32 1)        32  16.000KB        0B         -           -           -           -  Tesla P100-PCIE         1         7  dgemm_shared_kernel(int, double, double*, int, double*, int, double, double*, int, int, int, int) [1807]
421.75ms  26.720us             (1 16 1)       (32 32 1)        29  16.000KB        0B         -           -           -           -  Tesla P100-PCIE         1         7  dtrsm_32_shared_kernel(double, double*, int, double*, int, int, int) [1816]
421.78ms  5.8560us             (16 1 1)       (32 32 1)        32  16.000KB        0B         -           -           -           -  Tesla P100-PCIE         1         7  dgemm_shared_kernel(int, double, double*, int, double*, int, double, double*, int, int, int, int) [1830]
421.79ms  26.912us             (1 16 1)       (32 32 1)        29  16.000KB        0B         -           -           -           -  Tesla P100-PCIE         1         7  dtrsm_32_shared_kernel(double, double*, int, double*, int, int, int) [1839]
421.82ms  30.560us             (16 4 1)       (32 32 1)        32  16.000KB        0B         -           -           -           -  Tesla P100-PCIE         1         7  dgemm_shared_kernel(int, double, double*, int, double*, int, double, double*, int, int, int, int) [1853]
421.85ms  26.528us             (1 16 1)       (32 32 1)        29  16.000KB        0B         -           -           -           -  Tesla P100-PCIE         1         7  dtrsm_32_shared_kernel(double, double*, int, double*, int, int, int) [1862]
421.87ms  5.9200us             (16 1 1)       (32 32 1)        32  16.000KB        0B         -           -           -           -  Tesla P100-PCIE         1         7  dgemm_shared_kernel(int, double, double*, int, double*, int, double, double*, int, int, int, int) [1876]
421.88ms  26.623us             (1 16 1)       (32 32 1)        29  16.000KB        0B         -           -           -           -  Tesla P100-PCIE         1         7  dtrsm_32_shared_kernel(double, double*, int, double*, int, int, int) [1885]
421.91ms  10.592us             (16 2 1)       (32 32 1)        32  16.000KB        0B         -           -           -           -  Tesla P100-PCIE         1         7  dgemm_shared_kernel(int, double, double*, int, double*, int, double, double*, int, int, int, int) [1899]
421.92ms  26.688us             (1 16 1)       (32 32 1)        29  16.000KB        0B         -           -           -           -  Tesla P100-PCIE         1         7  dtrsm_32_shared_kernel(double, double*, int, double*, int, int, int) [1908]
421.95ms  5.8880us             (16 1 1)       (32 32 1)        32  16.000KB        0B         -           -           -           -  Tesla P100-PCIE         1         7  dgemm_shared_kernel(int, double, double*, int, double*, int, double, double*, int, int, int, int) [1922]
421.95ms  26.560us             (1 16 1)       (32 32 1)        29  16.000KB        0B         -           -           -           -  Tesla P100-PCIE         1         7  dtrsm_32_shared_kernel(double, double*, int, double*, int, int, int) [1931]
421.98ms  280.03us            (16 16 1)       (32 32 1)        32  16.000KB        0B         -           -           -           -  Tesla P100-PCIE         1         7  dgemm_shared_kernel(int, double, double*, int, double*, int, double, double*, int, int, int, int) [1945]
422.26ms  27.168us             (1 16 1)       (32 32 1)        29  16.000KB        0B         -           -           -           -  Tesla P100-PCIE         1         7  dtrsm_32_shared_kernel(double, double*, int, double*, int, int, int) [1954]
422.29ms  6.4960us             (16 1 1)       (32 32 1)        32  16.000KB        0B         -           -           -           -  Tesla P100-PCIE         1         7  dgemm_shared_kernel(int, double, double*, int, double*, int, double, double*, int, int, int, int) [1968]
422.30ms  26.528us             (1 16 1)       (32 32 1)        29  16.000KB        0B         -           -           -           -  Tesla P100-PCIE         1         7  dtrsm_32_shared_kernel(double, double*, int, double*, int, int, int) [1977]
422.33ms  11.008us             (16 2 1)       (32 32 1)        32  16.000KB        0B         -           -           -           -  Tesla P100-PCIE         1         7  dgemm_shared_kernel(int, double, double*, int, double*, int, double, double*, int, int, int, int) [1991]
422.34ms  26.720us             (1 16 1)       (32 32 1)        29  16.000KB        0B         -           -           -           -  Tesla P100-PCIE         1         7  dtrsm_32_shared_kernel(double, double*, int, double*, int, int, int) [2000]
422.36ms  5.9520us             (16 1 1)       (32 32 1)        32  16.000KB        0B         -           -           -           -  Tesla P100-PCIE         1         7  dgemm_shared_kernel(int, double, double*, int, double*, int, double, double*, int, int, int, int) [2014]
422.37ms  26.976us             (1 16 1)       (32 32 1)        29  16.000KB        0B         -           -           -           -  Tesla P100-PCIE         1         7  dtrsm_32_shared_kernel(double, double*, int, double*, int, int, int) [2023]
422.40ms  31.776us             (16 4 1)       (32 32 1)        32  16.000KB        0B         -           -           -           -  Tesla P100-PCIE         1         7  dgemm_shared_kernel(int, double, double*, int, double*, int, double, double*, int, int, int, int) [2037]
422.43ms  26.688us             (1 16 1)       (32 32 1)        29  16.000KB        0B         -           -           -           -  Tesla P100-PCIE         1         7  dtrsm_32_shared_kernel(double, double*, int, double*, int, int, int) [2046]
422.46ms  6.0160us             (16 1 1)       (32 32 1)        32  16.000KB        0B         -           -           -           -  Tesla P100-PCIE         1         7  dgemm_shared_kernel(int, double, double*, int, double*, int, double, double*, int, int, int, int) [2060]
422.47ms  26.495us             (1 16 1)       (32 32 1)        29  16.000KB        0B         -           -           -           -  Tesla P100-PCIE         1         7  dtrsm_32_shared_kernel(double, double*, int, double*, int, int, int) [2069]
422.49ms  10.496us             (16 2 1)       (32 32 1)        32  16.000KB        0B         -           -           -           -  Tesla P100-PCIE         1         7  dgemm_shared_kernel(int, double, double*, int, double*, int, double, double*, int, int, int, int) [2083]
422.51ms  26.528us             (1 16 1)       (32 32 1)        29  16.000KB        0B         -           -           -           -  Tesla P100-PCIE         1         7  dtrsm_32_shared_kernel(double, double*, int, double*, int, int, int) [2092]
422.53ms  5.9840us             (16 1 1)       (32 32 1)        32  16.000KB        0B         -           -           -           -  Tesla P100-PCIE         1         7  dgemm_shared_kernel(int, double, double*, int, double*, int, double, double*, int, int, int, int) [2106]
422.54ms  26.688us             (1 16 1)       (32 32 1)        29  16.000KB        0B         -           -           -           -  Tesla P100-PCIE         1         7  dtrsm_32_shared_kernel(double, double*, int, double*, int, int, int) [2115]
422.57ms  87.424us             (16 8 1)       (32 32 1)        32  16.000KB        0B         -           -           -           -  Tesla P100-PCIE         1         7  dgemm_shared_kernel(int, double, double*, int, double*, int, double, double*, int, int, int, int) [2129]
422.66ms  26.656us             (1 16 1)       (32 32 1)        29  16.000KB        0B         -           -           -           -  Tesla P100-PCIE         1         7  dtrsm_32_shared_kernel(double, double*, int, double*, int, int, int) [2138]
422.68ms  5.8560us             (16 1 1)       (32 32 1)        32  16.000KB        0B         -           -           -           -  Tesla P100-PCIE         1         7  dgemm_shared_kernel(int, double, double*, int, double*, int, double, double*, int, int, int, int) [2152]
422.69ms  26.624us             (1 16 1)       (32 32 1)        29  16.000KB        0B         -           -           -           -  Tesla P100-PCIE         1         7  dtrsm_32_shared_kernel(double, double*, int, double*, int, int, int) [2161]
422.72ms  10.272us             (16 2 1)       (32 32 1)        32  16.000KB        0B         -           -           -           -  Tesla P100-PCIE         1         7  dgemm_shared_kernel(int, double, double*, int, double*, int, double, double*, int, int, int, int) [2175]
422.73ms  26.688us             (1 16 1)       (32 32 1)        29  16.000KB        0B         -           -           -           -  Tesla P100-PCIE         1         7  dtrsm_32_shared_kernel(double, double*, int, double*, int, int, int) [2184]
422.76ms  5.9200us             (16 1 1)       (32 32 1)        32  16.000KB        0B         -           -           -           -  Tesla P100-PCIE         1         7  dgemm_shared_kernel(int, double, double*, int, double*, int, double, double*, int, int, int, int) [2198]
422.76ms  26.848us             (1 16 1)       (32 32 1)        29  16.000KB        0B         -           -           -           -  Tesla P100-PCIE         1         7  dtrsm_32_shared_kernel(double, double*, int, double*, int, int, int) [2207]
422.79ms  31.584us             (16 4 1)       (32 32 1)        32  16.000KB        0B         -           -           -           -  Tesla P100-PCIE         1         7  dgemm_shared_kernel(int, double, double*, int, double*, int, double, double*, int, int, int, int) [2221]
422.82ms  26.560us             (1 16 1)       (32 32 1)        29  16.000KB        0B         -           -           -           -  Tesla P100-PCIE         1         7  dtrsm_32_shared_kernel(double, double*, int, double*, int, int, int) [2230]
422.85ms  5.9200us             (16 1 1)       (32 32 1)        32  16.000KB        0B         -           -           -           -  Tesla P100-PCIE         1         7  dgemm_shared_kernel(int, double, double*, int, double*, int, double, double*, int, int, int, int) [2244]
422.86ms  26.816us             (1 16 1)       (32 32 1)        29  16.000KB        0B         -           -           -           -  Tesla P100-PCIE         1         7  dtrsm_32_shared_kernel(double, double*, int, double*, int, int, int) [2253]
422.88ms  10.272us             (16 2 1)       (32 32 1)        32  16.000KB        0B         -           -           -           -  Tesla P100-PCIE         1         7  dgemm_shared_kernel(int, double, double*, int, double*, int, double, double*, int, int, int, int) [2267]
422.90ms  39.680us             (1 16 1)       (32 32 1)        29  16.000KB        0B         -           -           -           -  Tesla P100-PCIE         1         7  dtrsm_32_shared_kernel(double, double*, int, double*, int, int, int) [2276]
422.94ms  5.8560us             (16 1 1)       (32 32 1)        32  16.000KB        0B         -           -           -           -  Tesla P100-PCIE         1         7  dgemm_shared_kernel(int, double, double*, int, double*, int, double, double*, int, int, int, int) [2290]
422.94ms  48.640us             (1 16 1)       (32 32 1)        29  16.000KB        0B         -           -           -           -  Tesla P100-PCIE         1         7  dtrsm_32_shared_kernel(double, double*, int, double*, int, int, int) [2299]
422.99ms  1.0551ms            (16 32 1)       (32 32 1)        32  16.000KB        0B         -           -           -           -  Tesla P100-PCIE         1         7  dgemm_shared_kernel(int, double, double*, int, double*, int, double, double*, int, int, int, int) [2313]
424.05ms  49.088us             (1 16 1)       (32 32 1)        29  16.000KB        0B         -           -           -           -  Tesla P100-PCIE         1         7  dtrsm_32_shared_kernel(double, double*, int, double*, int, int, int) [2322]
424.10ms  6.2080us             (16 1 1)       (32 32 1)        32  16.000KB        0B         -           -           -           -  Tesla P100-PCIE         1         7  dgemm_shared_kernel(int, double, double*, int, double*, int, double, double*, int, int, int, int) [2336]
424.11ms  48.896us             (1 16 1)       (32 32 1)        29  16.000KB        0B         -           -           -           -  Tesla P100-PCIE         1         7  dtrsm_32_shared_kernel(double, double*, int, double*, int, int, int) [2345]
424.15ms  10.912us             (16 2 1)       (32 32 1)        32  16.000KB        0B         -           -           -           -  Tesla P100-PCIE         1         7  dgemm_shared_kernel(int, double, double*, int, double*, int, double, double*, int, int, int, int) [2359]
424.17ms  48.864us             (1 16 1)       (32 32 1)        29  16.000KB        0B         -           -           -           -  Tesla P100-PCIE         1         7  dtrsm_32_shared_kernel(double, double*, int, double*, int, int, int) [2368]
424.22ms  6.0160us             (16 1 1)       (32 32 1)        32  16.000KB        0B         -           -           -           -  Tesla P100-PCIE         1         7  dgemm_shared_kernel(int, double, double*, int, double*, int, double, double*, int, int, int, int) [2382]
424.22ms  48.575us             (1 16 1)       (32 32 1)        29  16.000KB        0B         -           -           -           -  Tesla P100-PCIE         1         7  dtrsm_32_shared_kernel(double, double*, int, double*, int, int, int) [2391]
424.27ms  30.816us             (16 4 1)       (32 32 1)        32  16.000KB        0B         -           -           -           -  Tesla P100-PCIE         1         7  dgemm_shared_kernel(int, double, double*, int, double*, int, double, double*, int, int, int, int) [2405]
424.30ms  48.896us             (1 16 1)       (32 32 1)        29  16.000KB        0B         -           -           -           -  Tesla P100-PCIE         1         7  dtrsm_32_shared_kernel(double, double*, int, double*, int, int, int) [2414]
424.35ms  5.8880us             (16 1 1)       (32 32 1)        32  16.000KB        0B         -           -           -           -  Tesla P100-PCIE         1         7  dgemm_shared_kernel(int, double, double*, int, double*, int, double, double*, int, int, int, int) [2428]
424.36ms  48.928us             (1 16 1)       (32 32 1)        29  16.000KB        0B         -           -           -           -  Tesla P100-PCIE         1         7  dtrsm_32_shared_kernel(double, double*, int, double*, int, int, int) [2437]
424.41ms  10.368us             (16 2 1)       (32 32 1)        32  16.000KB        0B         -           -           -           -  Tesla P100-PCIE         1         7  dgemm_shared_kernel(int, double, double*, int, double*, int, double, double*, int, int, int, int) [2451]
424.42ms  48.768us             (1 16 1)       (32 32 1)        29  16.000KB        0B         -           -           -           -  Tesla P100-PCIE         1         7  dtrsm_32_shared_kernel(double, double*, int, double*, int, int, int) [2460]
424.47ms  5.8560us             (16 1 1)       (32 32 1)        32  16.000KB        0B         -           -           -           -  Tesla P100-PCIE         1         7  dgemm_shared_kernel(int, double, double*, int, double*, int, double, double*, int, int, int, int) [2474]
424.48ms  48.864us             (1 16 1)       (32 32 1)        29  16.000KB        0B         -           -           -           -  Tesla P100-PCIE         1         7  dtrsm_32_shared_kernel(double, double*, int, double*, int, int, int) [2483]
424.53ms  85.504us             (16 8 1)       (32 32 1)        32  16.000KB        0B         -           -           -           -  Tesla P100-PCIE         1         7  dgemm_shared_kernel(int, double, double*, int, double*, int, double, double*, int, int, int, int) [2497]
424.61ms  48.640us             (1 16 1)       (32 32 1)        29  16.000KB        0B         -           -           -           -  Tesla P100-PCIE         1         7  dtrsm_32_shared_kernel(double, double*, int, double*, int, int, int) [2506]
424.66ms  5.9200us             (16 1 1)       (32 32 1)        32  16.000KB        0B         -           -           -           -  Tesla P100-PCIE         1         7  dgemm_shared_kernel(int, double, double*, int, double*, int, double, double*, int, int, int, int) [2520]
424.67ms  48.768us             (1 16 1)       (32 32 1)        29  16.000KB        0B         -           -           -           -  Tesla P100-PCIE         1         7  dtrsm_32_shared_kernel(double, double*, int, double*, int, int, int) [2529]
424.72ms  10.336us             (16 2 1)       (32 32 1)        32  16.000KB        0B         -           -           -           -  Tesla P100-PCIE         1         7  dgemm_shared_kernel(int, double, double*, int, double*, int, double, double*, int, int, int, int) [2543]
424.73ms  48.800us             (1 16 1)       (32 32 1)        29  16.000KB        0B         -           -           -           -  Tesla P100-PCIE         1         7  dtrsm_32_shared_kernel(double, double*, int, double*, int, int, int) [2552]
424.78ms  5.8880us             (16 1 1)       (32 32 1)        32  16.000KB        0B         -           -           -           -  Tesla P100-PCIE         1         7  dgemm_shared_kernel(int, double, double*, int, double*, int, double, double*, int, int, int, int) [2566]
424.79ms  48.863us             (1 16 1)       (32 32 1)        29  16.000KB        0B         -           -           -           -  Tesla P100-PCIE         1         7  dtrsm_32_shared_kernel(double, double*, int, double*, int, int, int) [2575]
424.84ms  31.264us             (16 4 1)       (32 32 1)        32  16.000KB        0B         -           -           -           -  Tesla P100-PCIE         1         7  dgemm_shared_kernel(int, double, double*, int, double*, int, double, double*, int, int, int, int) [2589]
424.87ms  48.832us             (1 16 1)       (32 32 1)        29  16.000KB        0B         -           -           -           -  Tesla P100-PCIE         1         7  dtrsm_32_shared_kernel(double, double*, int, double*, int, int, int) [2598]
424.92ms  6.0800us             (16 1 1)       (32 32 1)        32  16.000KB        0B         -           -           -           -  Tesla P100-PCIE         1         7  dgemm_shared_kernel(int, double, double*, int, double*, int, double, double*, int, int, int, int) [2612]
424.93ms  48.896us             (1 16 1)       (32 32 1)        29  16.000KB        0B         -           -           -           -  Tesla P100-PCIE         1         7  dtrsm_32_shared_kernel(double, double*, int, double*, int, int, int) [2621]
424.98ms  10.208us             (16 2 1)       (32 32 1)        32  16.000KB        0B         -           -           -           -  Tesla P100-PCIE         1         7  dgemm_shared_kernel(int, double, double*, int, double*, int, double, double*, int, int, int, int) [2635]
424.99ms  48.864us             (1 16 1)       (32 32 1)        29  16.000KB        0B         -           -           -           -  Tesla P100-PCIE         1         7  dtrsm_32_shared_kernel(double, double*, int, double*, int, int, int) [2644]
425.04ms  6.0800us             (16 1 1)       (32 32 1)        32  16.000KB        0B         -           -           -           -  Tesla P100-PCIE         1         7  dgemm_shared_kernel(int, double, double*, int, double*, int, double, double*, int, int, int, int) [2658]
425.04ms  48.704us             (1 16 1)       (32 32 1)        29  16.000KB        0B         -           -           -           -  Tesla P100-PCIE         1         7  dtrsm_32_shared_kernel(double, double*, int, double*, int, int, int) [2667]
425.09ms  280.19us            (16 16 1)       (32 32 1)        32  16.000KB        0B         -           -           -           -  Tesla P100-PCIE         1         7  dgemm_shared_kernel(int, double, double*, int, double*, int, double, double*, int, int, int, int) [2681]
425.37ms  49.279us             (1 16 1)       (32 32 1)        29  16.000KB        0B         -           -           -           -  Tesla P100-PCIE         1         7  dtrsm_32_shared_kernel(double, double*, int, double*, int, int, int) [2690]
425.42ms  6.3360us             (16 1 1)       (32 32 1)        32  16.000KB        0B         -           -           -           -  Tesla P100-PCIE         1         7  dgemm_shared_kernel(int, double, double*, int, double*, int, double, double*, int, int, int, int) [2704]
425.43ms  48.928us             (1 16 1)       (32 32 1)        29  16.000KB        0B         -           -           -           -  Tesla P100-PCIE         1         7  dtrsm_32_shared_kernel(double, double*, int, double*, int, int, int) [2713]
425.48ms  10.976us             (16 2 1)       (32 32 1)        32  16.000KB        0B         -           -           -           -  Tesla P100-PCIE         1         7  dgemm_shared_kernel(int, double, double*, int, double*, int, double, double*, int, int, int, int) [2727]
425.49ms  48.864us             (1 16 1)       (32 32 1)        29  16.000KB        0B         -           -           -           -  Tesla P100-PCIE         1         7  dtrsm_32_shared_kernel(double, double*, int, double*, int, int, int) [2736]
425.54ms  5.8560us             (16 1 1)       (32 32 1)        32  16.000KB        0B         -           -           -           -  Tesla P100-PCIE         1         7  dgemm_shared_kernel(int, double, double*, int, double*, int, double, double*, int, int, int, int) [2750]
425.55ms  49.088us             (1 16 1)       (32 32 1)        29  16.000KB        0B         -           -           -           -  Tesla P100-PCIE         1         7  dtrsm_32_shared_kernel(double, double*, int, double*, int, int, int) [2759]
425.60ms  31.360us             (16 4 1)       (32 32 1)        32  16.000KB        0B         -           -           -           -  Tesla P100-PCIE         1         7  dgemm_shared_kernel(int, double, double*, int, double*, int, double, double*, int, int, int, int) [2773]
425.63ms  48.928us             (1 16 1)       (32 32 1)        29  16.000KB        0B         -           -           -           -  Tesla P100-PCIE         1         7  dtrsm_32_shared_kernel(double, double*, int, double*, int, int, int) [2782]
425.68ms  5.8880us             (16 1 1)       (32 32 1)        32  16.000KB        0B         -           -           -           -  Tesla P100-PCIE         1         7  dgemm_shared_kernel(int, double, double*, int, double*, int, double, double*, int, int, int, int) [2796]
425.69ms  49.088us             (1 16 1)       (32 32 1)        29  16.000KB        0B         -           -           -           -  Tesla P100-PCIE         1         7  dtrsm_32_shared_kernel(double, double*, int, double*, int, int, int) [2805]
425.74ms  10.464us             (16 2 1)       (32 32 1)        32  16.000KB        0B         -           -           -           -  Tesla P100-PCIE         1         7  dgemm_shared_kernel(int, double, double*, int, double*, int, double, double*, int, int, int, int) [2819]
425.75ms  48.704us             (1 16 1)       (32 32 1)        29  16.000KB        0B         -           -           -           -  Tesla P100-PCIE         1         7  dtrsm_32_shared_kernel(double, double*, int, double*, int, int, int) [2828]
425.80ms  5.8560us             (16 1 1)       (32 32 1)        32  16.000KB        0B         -           -           -           -  Tesla P100-PCIE         1         7  dgemm_shared_kernel(int, double, double*, int, double*, int, double, double*, int, int, int, int) [2842]
425.81ms  49.120us             (1 16 1)       (32 32 1)        29  16.000KB        0B         -           -           -           -  Tesla P100-PCIE         1         7  dtrsm_32_shared_kernel(double, double*, int, double*, int, int, int) [2851]
425.86ms  87.584us             (16 8 1)       (32 32 1)        32  16.000KB        0B         -           -           -           -  Tesla P100-PCIE         1         7  dgemm_shared_kernel(int, double, double*, int, double*, int, double, double*, int, int, int, int) [2865]
425.94ms  48.895us             (1 16 1)       (32 32 1)        29  16.000KB        0B         -           -           -           -  Tesla P100-PCIE         1         7  dtrsm_32_shared_kernel(double, double*, int, double*, int, int, int) [2874]
425.99ms  6.0800us             (16 1 1)       (32 32 1)        32  16.000KB        0B         -           -           -           -  Tesla P100-PCIE         1         7  dgemm_shared_kernel(int, double, double*, int, double*, int, double, double*, int, int, int, int) [2888]
426.00ms  48.672us             (1 16 1)       (32 32 1)        29  16.000KB        0B         -           -           -           -  Tesla P100-PCIE         1         7  dtrsm_32_shared_kernel(double, double*, int, double*, int, int, int) [2897]
426.05ms  10.304us             (16 2 1)       (32 32 1)        32  16.000KB        0B         -           -           -           -  Tesla P100-PCIE         1         7  dgemm_shared_kernel(int, double, double*, int, double*, int, double, double*, int, int, int, int) [2911]
426.06ms  48.832us             (1 16 1)       (32 32 1)        29  16.000KB        0B         -           -           -           -  Tesla P100-PCIE         1         7  dtrsm_32_shared_kernel(double, double*, int, double*, int, int, int) [2920]
426.11ms  6.0480us             (16 1 1)       (32 32 1)        32  16.000KB        0B         -           -           -           -  Tesla P100-PCIE         1         7  dgemm_shared_kernel(int, double, double*, int, double*, int, double, double*, int, int, int, int) [2934]
426.12ms  48.672us             (1 16 1)       (32 32 1)        29  16.000KB        0B         -           -           -           -  Tesla P100-PCIE         1         7  dtrsm_32_shared_kernel(double, double*, int, double*, int, int, int) [2943]
426.17ms  30.752us             (16 4 1)       (32 32 1)        32  16.000KB        0B         -           -           -           -  Tesla P100-PCIE         1         7  dgemm_shared_kernel(int, double, double*, int, double*, int, double, double*, int, int, int, int) [2957]
426.20ms  48.672us             (1 16 1)       (32 32 1)        29  16.000KB        0B         -           -           -           -  Tesla P100-PCIE         1         7  dtrsm_32_shared_kernel(double, double*, int, double*, int, int, int) [2966]
426.25ms  5.8240us             (16 1 1)       (32 32 1)        32  16.000KB        0B         -           -           -           -  Tesla P100-PCIE         1         7  dgemm_shared_kernel(int, double, double*, int, double*, int, double, double*, int, int, int, int) [2980]
426.26ms  48.960us             (1 16 1)       (32 32 1)        29  16.000KB        0B         -           -           -           -  Tesla P100-PCIE         1         7  dtrsm_32_shared_kernel(double, double*, int, double*, int, int, int) [2989]
426.31ms  10.592us             (16 2 1)       (32 32 1)        32  16.000KB        0B         -           -           -           -  Tesla P100-PCIE         1         7  dgemm_shared_kernel(int, double, double*, int, double*, int, double, double*, int, int, int, int) [3003]
426.32ms  48.832us             (1 16 1)       (32 32 1)        29  16.000KB        0B         -           -           -           -  Tesla P100-PCIE         1         7  dtrsm_32_shared_kernel(double, double*, int, double*, int, int, int) [3012]
426.37ms  5.9200us             (16 1 1)       (32 32 1)        32  16.000KB        0B         -           -           -           -  Tesla P100-PCIE         1         7  dgemm_shared_kernel(int, double, double*, int, double*, int, double, double*, int, int, int, int) [3026]
426.37ms  48.832us             (1 16 1)       (32 32 1)        29  16.000KB        0B         -           -           -           -  Tesla P100-PCIE         1         7  dtrsm_32_shared_kernel(double, double*, int, double*, int, int, int) [3035]
426.47ms  5.2584ms                    -               -         -         -         -  16.000MB  2.9715GB/s      Device    Pageable  Tesla P100-PCIE         1         7  [CUDA memcpy DtoH]

Regs: Number of registers used per CUDA thread. This number includes registers used internally by the CUDA driver and/or tools and can be more than what the compiler shows.
SSMem: Static shared memory allocated per CUDA block.
DSMem: Dynamic shared memory allocated per CUDA block.
SrcMemType: The type of source memory accessed by memory operation/copy
DstMemType: The type of destination memory accessed by memory operation/copy
