/var/spool/slurm/d/job879136/slurm_script: line 12: module: command not found
Architecture:          x86_64
CPU op-mode(s):        32-bit, 64-bit
Byte Order:            Little Endian
CPU(s):                40
On-line CPU(s) list:   0-39
Thread(s) per core:    1
Core(s) per socket:    20
Socket(s):             2
NUMA node(s):          2
Vendor ID:             GenuineIntel
CPU family:            6
Model:                 85
Model name:            Intel(R) Xeon(R) Gold 6138 CPU @ 2.00GHz
Stepping:              4
CPU MHz:               2654.907
CPU max MHz:           3700,0000
CPU min MHz:           1000,0000
BogoMIPS:              4000.00
Virtualization:        VT-x
L1d cache:             32K
L1i cache:             32K
L2 cache:              1024K
L3 cache:              28160K
NUMA node0 CPU(s):     0-19
NUMA node1 CPU(s):     20-39
Flags:                 fpu vme de pse tsc msr pae mce cx8 apic sep mtrr pge mca cmov pat pse36 clflush dts acpi mmx fxsr sse sse2 ss ht tm pbe syscall nx pdpe1gb rdtscp lm constant_tsc art arch_perfmon pebs bts rep_good nopl xtopology nonstop_tsc aperfmperf eagerfpu pni pclmulqdq dtes64 monitor ds_cpl vmx smx est tm2 ssse3 sdbg fma cx16 xtpr pdcm pcid dca sse4_1 sse4_2 x2apic movbe popcnt tsc_deadline_timer aes xsave avx f16c rdrand lahf_lm abm 3dnowprefetch epb cat_l3 cdp_l3 intel_ppin intel_pt ssbd mba ibrs ibpb stibp tpr_shadow vnmi flexpriority ept vpid fsgsbase tsc_adjust bmi1 hle avx2 smep bmi2 erms invpcid rtm cqm mpx rdt_a avx512f avx512dq rdseed adx smap clflushopt clwb avx512cd avx512bw avx512vl xsaveopt xsavec xgetbv1 cqm_llc cqm_occup_llc cqm_mbm_total cqm_mbm_local dtherm ida arat pln pts hwp hwp_act_window hwp_pkg_req pku ospke spec_ctrl intel_stibp flush_l1d
Sun Jul 12 18:17:33 2020       
+-----------------------------------------------------------------------------+
| NVIDIA-SMI 396.44                 Driver Version: 396.44                    |
|-------------------------------+----------------------+----------------------+
| GPU  Name        Persistence-M| Bus-Id        Disp.A | Volatile Uncorr. ECC |
| Fan  Temp  Perf  Pwr:Usage/Cap|         Memory-Usage | GPU-Util  Compute M. |
|===============================+======================+======================|
|   0  Tesla P100-PCIE...  Off  | 00000000:37:00.0 Off |                    0 |
| N/A   37C    P0    31W / 250W |      0MiB / 12198MiB |      2%      Default |
+-------------------------------+----------------------+----------------------+
                                                                               
+-----------------------------------------------------------------------------+
| Processes:                                                       GPU Memory |
|  GPU       PID   Type   Process name                             Usage      |
|=============================================================================|
|  No running processes found                                                 |
+-----------------------------------------------------------------------------+
nvcc main.cpp dgemm.cu dtrsm.cu -o labgpu20.x -O3 -L/usr/X11R6/lib -lm -lpthread -lX11 -lcublas -arch=sm_60
==29659== NVPROF is profiling process 29659, command: ./labgpu20.x 5 4096 4096 --benchmark -numdevices=1
==29659== Profiling application: ./labgpu20.x 5 4096 4096 --benchmark -numdevices=1
==29659== Profiling result:
   Start  Duration            Grid Size      Block Size     Regs*    SSMem*    DSMem*      Size  Throughput  SrcMemType  DstMemType           Device   Context    Stream  Name
379.82ms  42.186ms                    -               -         -         -         -  128.00MB  2.9630GB/s    Pageable      Device  Tesla P100-PCIE         1         7  [CUDA memcpy HtoD]
422.47ms  47.367ms                    -               -         -         -         -  128.00MB  2.6390GB/s    Pageable      Device  Tesla P100-PCIE         1         7  [CUDA memcpy HtoD]
469.90ms  77.312us            (1 128 1)       (32 32 1)        29  16.000KB        0B         -           -           -           -  Tesla P100-PCIE         1         7  dtrsm_32_shared_kernel(double, double*, int, double*, int, int, int) [114]
469.98ms  17.152us            (128 1 1)       (32 32 1)        32  16.000KB        0B         -           -           -           -  Tesla P100-PCIE         1         7  dgemm_shared_kernel(int, double, double*, int, double*, int, double, double*, int, int, int, int) [128]
470.00ms  72.192us            (1 128 1)       (32 32 1)        29  16.000KB        0B         -           -           -           -  Tesla P100-PCIE         1         7  dtrsm_32_shared_kernel(double, double*, int, double*, int, int, int) [137]
470.07ms  44.256us            (128 2 1)       (32 32 1)        32  16.000KB        0B         -           -           -           -  Tesla P100-PCIE         1         7  dgemm_shared_kernel(int, double, double*, int, double*, int, double, double*, int, int, int, int) [151]
470.12ms  74.016us            (1 128 1)       (32 32 1)        29  16.000KB        0B         -           -           -           -  Tesla P100-PCIE         1         7  dtrsm_32_shared_kernel(double, double*, int, double*, int, int, int) [160]
470.19ms  14.976us            (128 1 1)       (32 32 1)        32  16.000KB        0B         -           -           -           -  Tesla P100-PCIE         1         7  dgemm_shared_kernel(int, double, double*, int, double*, int, double, double*, int, int, int, int) [174]
470.21ms  73.151us            (1 128 1)       (32 32 1)        29  16.000KB        0B         -           -           -           -  Tesla P100-PCIE         1         7  dtrsm_32_shared_kernel(double, double*, int, double*, int, int, int) [183]
470.28ms  151.46us            (128 4 1)       (32 32 1)        32  16.000KB        0B         -           -           -           -  Tesla P100-PCIE         1         7  dgemm_shared_kernel(int, double, double*, int, double*, int, double, double*, int, int, int, int) [197]
470.43ms  74.240us            (1 128 1)       (32 32 1)        29  16.000KB        0B         -           -           -           -  Tesla P100-PCIE         1         7  dtrsm_32_shared_kernel(double, double*, int, double*, int, int, int) [206]
470.51ms  16.864us            (128 1 1)       (32 32 1)        32  16.000KB        0B         -           -           -           -  Tesla P100-PCIE         1         7  dgemm_shared_kernel(int, double, double*, int, double*, int, double, double*, int, int, int, int) [220]
470.53ms  73.408us            (1 128 1)       (32 32 1)        29  16.000KB        0B         -           -           -           -  Tesla P100-PCIE         1         7  dtrsm_32_shared_kernel(double, double*, int, double*, int, int, int) [229]
470.60ms  44.448us            (128 2 1)       (32 32 1)        32  16.000KB        0B         -           -           -           -  Tesla P100-PCIE         1         7  dgemm_shared_kernel(int, double, double*, int, double*, int, double, double*, int, int, int, int) [243]
470.65ms  74.111us            (1 128 1)       (32 32 1)        29  16.000KB        0B         -           -           -           -  Tesla P100-PCIE         1         7  dtrsm_32_shared_kernel(double, double*, int, double*, int, int, int) [252]
470.72ms  15.040us            (128 1 1)       (32 32 1)        32  16.000KB        0B         -           -           -           -  Tesla P100-PCIE         1         7  dgemm_shared_kernel(int, double, double*, int, double*, int, double, double*, int, int, int, int) [266]
470.74ms  73.280us            (1 128 1)       (32 32 1)        29  16.000KB        0B         -           -           -           -  Tesla P100-PCIE         1         7  dtrsm_32_shared_kernel(double, double*, int, double*, int, int, int) [275]
470.81ms  524.38us            (128 8 1)       (32 32 1)        32  16.000KB        0B         -           -           -           -  Tesla P100-PCIE         1         7  dgemm_shared_kernel(int, double, double*, int, double*, int, double, double*, int, int, int, int) [289]
471.34ms  74.528us            (1 128 1)       (32 32 1)        29  16.000KB        0B         -           -           -           -  Tesla P100-PCIE         1         7  dtrsm_32_shared_kernel(double, double*, int, double*, int, int, int) [298]
471.41ms  16.576us            (128 1 1)       (32 32 1)        32  16.000KB        0B         -           -           -           -  Tesla P100-PCIE         1         7  dgemm_shared_kernel(int, double, double*, int, double*, int, double, double*, int, int, int, int) [312]
471.43ms  73.120us            (1 128 1)       (32 32 1)        29  16.000KB        0B         -           -           -           -  Tesla P100-PCIE         1         7  dtrsm_32_shared_kernel(double, double*, int, double*, int, int, int) [321]
471.50ms  43.744us            (128 2 1)       (32 32 1)        32  16.000KB        0B         -           -           -           -  Tesla P100-PCIE         1         7  dgemm_shared_kernel(int, double, double*, int, double*, int, double, double*, int, int, int, int) [335]
471.55ms  74.847us            (1 128 1)       (32 32 1)        29  16.000KB        0B         -           -           -           -  Tesla P100-PCIE         1         7  dtrsm_32_shared_kernel(double, double*, int, double*, int, int, int) [344]
471.62ms  15.328us            (128 1 1)       (32 32 1)        32  16.000KB        0B         -           -           -           -  Tesla P100-PCIE         1         7  dgemm_shared_kernel(int, double, double*, int, double*, int, double, double*, int, int, int, int) [358]
471.64ms  72.384us            (1 128 1)       (32 32 1)        29  16.000KB        0B         -           -           -           -  Tesla P100-PCIE         1         7  dtrsm_32_shared_kernel(double, double*, int, double*, int, int, int) [367]
471.71ms  150.14us            (128 4 1)       (32 32 1)        32  16.000KB        0B         -           -           -           -  Tesla P100-PCIE         1         7  dgemm_shared_kernel(int, double, double*, int, double*, int, double, double*, int, int, int, int) [381]
471.86ms  74.176us            (1 128 1)       (32 32 1)        29  16.000KB        0B         -           -           -           -  Tesla P100-PCIE         1         7  dtrsm_32_shared_kernel(double, double*, int, double*, int, int, int) [390]
471.94ms  16.800us            (128 1 1)       (32 32 1)        32  16.000KB        0B         -           -           -           -  Tesla P100-PCIE         1         7  dgemm_shared_kernel(int, double, double*, int, double*, int, double, double*, int, int, int, int) [404]
471.96ms  72.960us            (1 128 1)       (32 32 1)        29  16.000KB        0B         -           -           -           -  Tesla P100-PCIE         1         7  dtrsm_32_shared_kernel(double, double*, int, double*, int, int, int) [413]
472.03ms  44.767us            (128 2 1)       (32 32 1)        32  16.000KB        0B         -           -           -           -  Tesla P100-PCIE         1         7  dgemm_shared_kernel(int, double, double*, int, double*, int, double, double*, int, int, int, int) [427]
472.08ms  74.656us            (1 128 1)       (32 32 1)        29  16.000KB        0B         -           -           -           -  Tesla P100-PCIE         1         7  dtrsm_32_shared_kernel(double, double*, int, double*, int, int, int) [436]
472.15ms  15.200us            (128 1 1)       (32 32 1)        32  16.000KB        0B         -           -           -           -  Tesla P100-PCIE         1         7  dgemm_shared_kernel(int, double, double*, int, double*, int, double, double*, int, int, int, int) [450]
472.17ms  73.184us            (1 128 1)       (32 32 1)        29  16.000KB        0B         -           -           -           -  Tesla P100-PCIE         1         7  dtrsm_32_shared_kernel(double, double*, int, double*, int, int, int) [459]
472.24ms  2.0030ms           (128 16 1)       (32 32 1)        32  16.000KB        0B         -           -           -           -  Tesla P100-PCIE         1         7  dgemm_shared_kernel(int, double, double*, int, double*, int, double, double*, int, int, int, int) [473]
474.25ms  73.920us            (1 128 1)       (32 32 1)        29  16.000KB        0B         -           -           -           -  Tesla P100-PCIE         1         7  dtrsm_32_shared_kernel(double, double*, int, double*, int, int, int) [482]
474.32ms  16.800us            (128 1 1)       (32 32 1)        32  16.000KB        0B         -           -           -           -  Tesla P100-PCIE         1         7  dgemm_shared_kernel(int, double, double*, int, double*, int, double, double*, int, int, int, int) [496]
474.34ms  73.759us            (1 128 1)       (32 32 1)        29  16.000KB        0B         -           -           -           -  Tesla P100-PCIE         1         7  dtrsm_32_shared_kernel(double, double*, int, double*, int, int, int) [505]
474.41ms  44.224us            (128 2 1)       (32 32 1)        32  16.000KB        0B         -           -           -           -  Tesla P100-PCIE         1         7  dgemm_shared_kernel(int, double, double*, int, double*, int, double, double*, int, int, int, int) [519]
474.46ms  74.656us            (1 128 1)       (32 32 1)        29  16.000KB        0B         -           -           -           -  Tesla P100-PCIE         1         7  dtrsm_32_shared_kernel(double, double*, int, double*, int, int, int) [528]
474.53ms  14.976us            (128 1 1)       (32 32 1)        32  16.000KB        0B         -           -           -           -  Tesla P100-PCIE         1         7  dgemm_shared_kernel(int, double, double*, int, double*, int, double, double*, int, int, int, int) [542]
474.55ms  73.408us            (1 128 1)       (32 32 1)        29  16.000KB        0B         -           -           -           -  Tesla P100-PCIE         1         7  dtrsm_32_shared_kernel(double, double*, int, double*, int, int, int) [551]
474.62ms  152.67us            (128 4 1)       (32 32 1)        32  16.000KB        0B         -           -           -           -  Tesla P100-PCIE         1         7  dgemm_shared_kernel(int, double, double*, int, double*, int, double, double*, int, int, int, int) [565]
474.78ms  74.943us            (1 128 1)       (32 32 1)        29  16.000KB        0B         -           -           -           -  Tesla P100-PCIE         1         7  dtrsm_32_shared_kernel(double, double*, int, double*, int, int, int) [574]
474.85ms  16.768us            (128 1 1)       (32 32 1)        32  16.000KB        0B         -           -           -           -  Tesla P100-PCIE         1         7  dgemm_shared_kernel(int, double, double*, int, double*, int, double, double*, int, int, int, int) [588]
474.87ms  73.088us            (1 128 1)       (32 32 1)        29  16.000KB        0B         -           -           -           -  Tesla P100-PCIE         1         7  dtrsm_32_shared_kernel(double, double*, int, double*, int, int, int) [597]
474.95ms  43.296us            (128 2 1)       (32 32 1)        32  16.000KB        0B         -           -           -           -  Tesla P100-PCIE         1         7  dgemm_shared_kernel(int, double, double*, int, double*, int, double, double*, int, int, int, int) [611]
474.99ms  74.784us            (1 128 1)       (32 32 1)        29  16.000KB        0B         -           -           -           -  Tesla P100-PCIE         1         7  dtrsm_32_shared_kernel(double, double*, int, double*, int, int, int) [620]
475.06ms  15.040us            (128 1 1)       (32 32 1)        32  16.000KB        0B         -           -           -           -  Tesla P100-PCIE         1         7  dgemm_shared_kernel(int, double, double*, int, double*, int, double, double*, int, int, int, int) [634]
475.08ms  72.704us            (1 128 1)       (32 32 1)        29  16.000KB        0B         -           -           -           -  Tesla P100-PCIE         1         7  dtrsm_32_shared_kernel(double, double*, int, double*, int, int, int) [643]
475.15ms  530.11us            (128 8 1)       (32 32 1)        32  16.000KB        0B         -           -           -           -  Tesla P100-PCIE         1         7  dgemm_shared_kernel(int, double, double*, int, double*, int, double, double*, int, int, int, int) [657]
475.69ms  74.143us            (1 128 1)       (32 32 1)        29  16.000KB        0B         -           -           -           -  Tesla P100-PCIE         1         7  dtrsm_32_shared_kernel(double, double*, int, double*, int, int, int) [666]
475.76ms  16.704us            (128 1 1)       (32 32 1)        32  16.000KB        0B         -           -           -           -  Tesla P100-PCIE         1         7  dgemm_shared_kernel(int, double, double*, int, double*, int, double, double*, int, int, int, int) [680]
475.78ms  72.416us            (1 128 1)       (32 32 1)        29  16.000KB        0B         -           -           -           -  Tesla P100-PCIE         1         7  dtrsm_32_shared_kernel(double, double*, int, double*, int, int, int) [689]
475.85ms  44.800us            (128 2 1)       (32 32 1)        32  16.000KB        0B         -           -           -           -  Tesla P100-PCIE         1         7  dgemm_shared_kernel(int, double, double*, int, double*, int, double, double*, int, int, int, int) [703]
475.90ms  74.144us            (1 128 1)       (32 32 1)        29  16.000KB        0B         -           -           -           -  Tesla P100-PCIE         1         7  dtrsm_32_shared_kernel(double, double*, int, double*, int, int, int) [712]
475.97ms  14.976us            (128 1 1)       (32 32 1)        32  16.000KB        0B         -           -           -           -  Tesla P100-PCIE         1         7  dgemm_shared_kernel(int, double, double*, int, double*, int, double, double*, int, int, int, int) [726]
475.99ms  72.544us            (1 128 1)       (32 32 1)        29  16.000KB        0B         -           -           -           -  Tesla P100-PCIE         1         7  dtrsm_32_shared_kernel(double, double*, int, double*, int, int, int) [735]
476.06ms  147.94us            (128 4 1)       (32 32 1)        32  16.000KB        0B         -           -           -           -  Tesla P100-PCIE         1         7  dgemm_shared_kernel(int, double, double*, int, double*, int, double, double*, int, int, int, int) [749]
476.21ms  74.464us            (1 128 1)       (32 32 1)        29  16.000KB        0B         -           -           -           -  Tesla P100-PCIE         1         7  dtrsm_32_shared_kernel(double, double*, int, double*, int, int, int) [758]
476.29ms  16.672us            (128 1 1)       (32 32 1)        32  16.000KB        0B         -           -           -           -  Tesla P100-PCIE         1         7  dgemm_shared_kernel(int, double, double*, int, double*, int, double, double*, int, int, int, int) [772]
476.30ms  73.312us            (1 128 1)       (32 32 1)        29  16.000KB        0B         -           -           -           -  Tesla P100-PCIE         1         7  dtrsm_32_shared_kernel(double, double*, int, double*, int, int, int) [781]
476.38ms  44.000us            (128 2 1)       (32 32 1)        32  16.000KB        0B         -           -           -           -  Tesla P100-PCIE         1         7  dgemm_shared_kernel(int, double, double*, int, double*, int, double, double*, int, int, int, int) [795]
476.42ms  74.688us            (1 128 1)       (32 32 1)        29  16.000KB        0B         -           -           -           -  Tesla P100-PCIE         1         7  dtrsm_32_shared_kernel(double, double*, int, double*, int, int, int) [804]
476.50ms  14.912us            (128 1 1)       (32 32 1)        32  16.000KB        0B         -           -           -           -  Tesla P100-PCIE         1         7  dgemm_shared_kernel(int, double, double*, int, double*, int, double, double*, int, int, int, int) [818]
476.51ms  72.960us            (1 128 1)       (32 32 1)        29  16.000KB        0B         -           -           -           -  Tesla P100-PCIE         1         7  dtrsm_32_shared_kernel(double, double*, int, double*, int, int, int) [827]
476.59ms  7.8158ms           (128 32 1)       (32 32 1)        32  16.000KB        0B         -           -           -           -  Tesla P100-PCIE         1         7  dgemm_shared_kernel(int, double, double*, int, double*, int, double, double*, int, int, int, int) [841]
484.40ms  73.759us            (1 128 1)       (32 32 1)        29  16.000KB        0B         -           -           -           -  Tesla P100-PCIE         1         7  dtrsm_32_shared_kernel(double, double*, int, double*, int, int, int) [850]
484.48ms  17.056us            (128 1 1)       (32 32 1)        32  16.000KB        0B         -           -           -           -  Tesla P100-PCIE         1         7  dgemm_shared_kernel(int, double, double*, int, double*, int, double, double*, int, int, int, int) [864]
484.50ms  72.928us            (1 128 1)       (32 32 1)        29  16.000KB        0B         -           -           -           -  Tesla P100-PCIE         1         7  dtrsm_32_shared_kernel(double, double*, int, double*, int, int, int) [873]
484.57ms  44.288us            (128 2 1)       (32 32 1)        32  16.000KB        0B         -           -           -           -  Tesla P100-PCIE         1         7  dgemm_shared_kernel(int, double, double*, int, double*, int, double, double*, int, int, int, int) [887]
484.61ms  73.920us            (1 128 1)       (32 32 1)        29  16.000KB        0B         -           -           -           -  Tesla P100-PCIE         1         7  dtrsm_32_shared_kernel(double, double*, int, double*, int, int, int) [896]
484.69ms  15.040us            (128 1 1)       (32 32 1)        32  16.000KB        0B         -           -           -           -  Tesla P100-PCIE         1         7  dgemm_shared_kernel(int, double, double*, int, double*, int, double, double*, int, int, int, int) [910]
484.71ms  74.208us            (1 128 1)       (32 32 1)        29  16.000KB        0B         -           -           -           -  Tesla P100-PCIE         1         7  dtrsm_32_shared_kernel(double, double*, int, double*, int, int, int) [919]
484.78ms  148.48us            (128 4 1)       (32 32 1)        32  16.000KB        0B         -           -           -           -  Tesla P100-PCIE         1         7  dgemm_shared_kernel(int, double, double*, int, double*, int, double, double*, int, int, int, int) [933]
484.93ms  75.264us            (1 128 1)       (32 32 1)        29  16.000KB        0B         -           -           -           -  Tesla P100-PCIE         1         7  dtrsm_32_shared_kernel(double, double*, int, double*, int, int, int) [942]
485.01ms  16.448us            (128 1 1)       (32 32 1)        32  16.000KB        0B         -           -           -           -  Tesla P100-PCIE         1         7  dgemm_shared_kernel(int, double, double*, int, double*, int, double, double*, int, int, int, int) [956]
485.02ms  74.080us            (1 128 1)       (32 32 1)        29  16.000KB        0B         -           -           -           -  Tesla P100-PCIE         1         7  dtrsm_32_shared_kernel(double, double*, int, double*, int, int, int) [965]
485.10ms  44.416us            (128 2 1)       (32 32 1)        32  16.000KB        0B         -           -           -           -  Tesla P100-PCIE         1         7  dgemm_shared_kernel(int, double, double*, int, double*, int, double, double*, int, int, int, int) [979]
485.14ms  74.560us            (1 128 1)       (32 32 1)        29  16.000KB        0B         -           -           -           -  Tesla P100-PCIE         1         7  dtrsm_32_shared_kernel(double, double*, int, double*, int, int, int) [988]
485.22ms  15.008us            (128 1 1)       (32 32 1)        32  16.000KB        0B         -           -           -           -  Tesla P100-PCIE         1         7  dgemm_shared_kernel(int, double, double*, int, double*, int, double, double*, int, int, int, int) [1002]
485.23ms  73.568us            (1 128 1)       (32 32 1)        29  16.000KB        0B         -           -           -           -  Tesla P100-PCIE         1         7  dtrsm_32_shared_kernel(double, double*, int, double*, int, int, int) [1011]
485.31ms  528.32us            (128 8 1)       (32 32 1)        32  16.000KB        0B         -           -           -           -  Tesla P100-PCIE         1         7  dgemm_shared_kernel(int, double, double*, int, double*, int, double, double*, int, int, int, int) [1025]
485.84ms  74.624us            (1 128 1)       (32 32 1)        29  16.000KB        0B         -           -           -           -  Tesla P100-PCIE         1         7  dtrsm_32_shared_kernel(double, double*, int, double*, int, int, int) [1034]
485.91ms  16.928us            (128 1 1)       (32 32 1)        32  16.000KB        0B         -           -           -           -  Tesla P100-PCIE         1         7  dgemm_shared_kernel(int, double, double*, int, double*, int, double, double*, int, int, int, int) [1048]
485.93ms  72.960us            (1 128 1)       (32 32 1)        29  16.000KB        0B         -           -           -           -  Tesla P100-PCIE         1         7  dtrsm_32_shared_kernel(double, double*, int, double*, int, int, int) [1057]
486.01ms  44.160us            (128 2 1)       (32 32 1)        32  16.000KB        0B         -           -           -           -  Tesla P100-PCIE         1         7  dgemm_shared_kernel(int, double, double*, int, double*, int, double, double*, int, int, int, int) [1071]
486.05ms  74.944us            (1 128 1)       (32 32 1)        29  16.000KB        0B         -           -           -           -  Tesla P100-PCIE         1         7  dtrsm_32_shared_kernel(double, double*, int, double*, int, int, int) [1080]
486.13ms  15.008us            (128 1 1)       (32 32 1)        32  16.000KB        0B         -           -           -           -  Tesla P100-PCIE         1         7  dgemm_shared_kernel(int, double, double*, int, double*, int, double, double*, int, int, int, int) [1094]
486.14ms  72.512us            (1 128 1)       (32 32 1)        29  16.000KB        0B         -           -           -           -  Tesla P100-PCIE         1         7  dtrsm_32_shared_kernel(double, double*, int, double*, int, int, int) [1103]
486.22ms  149.92us            (128 4 1)       (32 32 1)        32  16.000KB        0B         -           -           -           -  Tesla P100-PCIE         1         7  dgemm_shared_kernel(int, double, double*, int, double*, int, double, double*, int, int, int, int) [1117]
486.37ms  74.240us            (1 128 1)       (32 32 1)        29  16.000KB        0B         -           -           -           -  Tesla P100-PCIE         1         7  dtrsm_32_shared_kernel(double, double*, int, double*, int, int, int) [1126]
486.44ms  16.896us            (128 1 1)       (32 32 1)        32  16.000KB        0B         -           -           -           -  Tesla P100-PCIE         1         7  dgemm_shared_kernel(int, double, double*, int, double*, int, double, double*, int, int, int, int) [1140]
486.46ms  72.448us            (1 128 1)       (32 32 1)        29  16.000KB        0B         -           -           -           -  Tesla P100-PCIE         1         7  dtrsm_32_shared_kernel(double, double*, int, double*, int, int, int) [1149]
486.53ms  45.376us            (128 2 1)       (32 32 1)        32  16.000KB        0B         -           -           -           -  Tesla P100-PCIE         1         7  dgemm_shared_kernel(int, double, double*, int, double*, int, double, double*, int, int, int, int) [1163]
486.58ms  74.048us            (1 128 1)       (32 32 1)        29  16.000KB        0B         -           -           -           -  Tesla P100-PCIE         1         7  dtrsm_32_shared_kernel(double, double*, int, double*, int, int, int) [1172]
486.65ms  14.848us            (128 1 1)       (32 32 1)        32  16.000KB        0B         -           -           -           -  Tesla P100-PCIE         1         7  dgemm_shared_kernel(int, double, double*, int, double*, int, double, double*, int, int, int, int) [1186]
486.67ms  73.215us            (1 128 1)       (32 32 1)        29  16.000KB        0B         -           -           -           -  Tesla P100-PCIE         1         7  dtrsm_32_shared_kernel(double, double*, int, double*, int, int, int) [1195]
486.74ms  2.0291ms           (128 16 1)       (32 32 1)        32  16.000KB        0B         -           -           -           -  Tesla P100-PCIE         1         7  dgemm_shared_kernel(int, double, double*, int, double*, int, double, double*, int, int, int, int) [1209]
488.77ms  74.016us            (1 128 1)       (32 32 1)        29  16.000KB        0B         -           -           -           -  Tesla P100-PCIE         1         7  dtrsm_32_shared_kernel(double, double*, int, double*, int, int, int) [1218]
488.85ms  16.800us            (128 1 1)       (32 32 1)        32  16.000KB        0B         -           -           -           -  Tesla P100-PCIE         1         7  dgemm_shared_kernel(int, double, double*, int, double*, int, double, double*, int, int, int, int) [1232]
488.87ms  72.704us            (1 128 1)       (32 32 1)        29  16.000KB        0B         -           -           -           -  Tesla P100-PCIE         1         7  dtrsm_32_shared_kernel(double, double*, int, double*, int, int, int) [1241]
488.94ms  44.160us            (128 2 1)       (32 32 1)        32  16.000KB        0B         -           -           -           -  Tesla P100-PCIE         1         7  dgemm_shared_kernel(int, double, double*, int, double*, int, double, double*, int, int, int, int) [1255]
488.98ms  74.239us            (1 128 1)       (32 32 1)        29  16.000KB        0B         -           -           -           -  Tesla P100-PCIE         1         7  dtrsm_32_shared_kernel(double, double*, int, double*, int, int, int) [1264]
489.06ms  14.784us            (128 1 1)       (32 32 1)        32  16.000KB        0B         -           -           -           -  Tesla P100-PCIE         1         7  dgemm_shared_kernel(int, double, double*, int, double*, int, double, double*, int, int, int, int) [1278]
489.08ms  73.152us            (1 128 1)       (32 32 1)        29  16.000KB        0B         -           -           -           -  Tesla P100-PCIE         1         7  dtrsm_32_shared_kernel(double, double*, int, double*, int, int, int) [1287]
489.15ms  149.66us            (128 4 1)       (32 32 1)        32  16.000KB        0B         -           -           -           -  Tesla P100-PCIE         1         7  dgemm_shared_kernel(int, double, double*, int, double*, int, double, double*, int, int, int, int) [1301]
489.30ms  74.304us            (1 128 1)       (32 32 1)        29  16.000KB        0B         -           -           -           -  Tesla P100-PCIE         1         7  dtrsm_32_shared_kernel(double, double*, int, double*, int, int, int) [1310]
489.37ms  16.640us            (128 1 1)       (32 32 1)        32  16.000KB        0B         -           -           -           -  Tesla P100-PCIE         1         7  dgemm_shared_kernel(int, double, double*, int, double*, int, double, double*, int, int, int, int) [1324]
489.39ms  74.047us            (1 128 1)       (32 32 1)        29  16.000KB        0B         -           -           -           -  Tesla P100-PCIE         1         7  dtrsm_32_shared_kernel(double, double*, int, double*, int, int, int) [1333]
489.47ms  44.224us            (128 2 1)       (32 32 1)        32  16.000KB        0B         -           -           -           -  Tesla P100-PCIE         1         7  dgemm_shared_kernel(int, double, double*, int, double*, int, double, double*, int, int, int, int) [1347]
489.51ms  74.528us            (1 128 1)       (32 32 1)        29  16.000KB        0B         -           -           -           -  Tesla P100-PCIE         1         7  dtrsm_32_shared_kernel(double, double*, int, double*, int, int, int) [1356]
489.59ms  14.944us            (128 1 1)       (32 32 1)        32  16.000KB        0B         -           -           -           -  Tesla P100-PCIE         1         7  dgemm_shared_kernel(int, double, double*, int, double*, int, double, double*, int, int, int, int) [1370]
489.60ms  72.736us            (1 128 1)       (32 32 1)        29  16.000KB        0B         -           -           -           -  Tesla P100-PCIE         1         7  dtrsm_32_shared_kernel(double, double*, int, double*, int, int, int) [1379]
489.68ms  527.23us            (128 8 1)       (32 32 1)        32  16.000KB        0B         -           -           -           -  Tesla P100-PCIE         1         7  dgemm_shared_kernel(int, double, double*, int, double*, int, double, double*, int, int, int, int) [1393]
490.20ms  74.784us            (1 128 1)       (32 32 1)        29  16.000KB        0B         -           -           -           -  Tesla P100-PCIE         1         7  dtrsm_32_shared_kernel(double, double*, int, double*, int, int, int) [1402]
490.28ms  16.960us            (128 1 1)       (32 32 1)        32  16.000KB        0B         -           -           -           -  Tesla P100-PCIE         1         7  dgemm_shared_kernel(int, double, double*, int, double*, int, double, double*, int, int, int, int) [1416]
490.30ms  72.543us            (1 128 1)       (32 32 1)        29  16.000KB        0B         -           -           -           -  Tesla P100-PCIE         1         7  dtrsm_32_shared_kernel(double, double*, int, double*, int, int, int) [1425]
490.37ms  44.416us            (128 2 1)       (32 32 1)        32  16.000KB        0B         -           -           -           -  Tesla P100-PCIE         1         7  dgemm_shared_kernel(int, double, double*, int, double*, int, double, double*, int, int, int, int) [1439]
490.42ms  75.360us            (1 128 1)       (32 32 1)        29  16.000KB        0B         -           -           -           -  Tesla P100-PCIE         1         7  dtrsm_32_shared_kernel(double, double*, int, double*, int, int, int) [1448]
490.49ms  15.040us            (128 1 1)       (32 32 1)        32  16.000KB        0B         -           -           -           -  Tesla P100-PCIE         1         7  dgemm_shared_kernel(int, double, double*, int, double*, int, double, double*, int, int, int, int) [1462]
490.51ms  72.672us            (1 128 1)       (32 32 1)        29  16.000KB        0B         -           -           -           -  Tesla P100-PCIE         1         7  dtrsm_32_shared_kernel(double, double*, int, double*, int, int, int) [1471]
490.58ms  148.90us            (128 4 1)       (32 32 1)        32  16.000KB        0B         -           -           -           -  Tesla P100-PCIE         1         7  dgemm_shared_kernel(int, double, double*, int, double*, int, double, double*, int, int, int, int) [1485]
490.73ms  74.176us            (1 128 1)       (32 32 1)        29  16.000KB        0B         -           -           -           -  Tesla P100-PCIE         1         7  dtrsm_32_shared_kernel(double, double*, int, double*, int, int, int) [1494]
490.81ms  16.704us            (128 1 1)       (32 32 1)        32  16.000KB        0B         -           -           -           -  Tesla P100-PCIE         1         7  dgemm_shared_kernel(int, double, double*, int, double*, int, double, double*, int, int, int, int) [1508]
490.83ms  73.023us            (1 128 1)       (32 32 1)        29  16.000KB        0B         -           -           -           -  Tesla P100-PCIE         1         7  dtrsm_32_shared_kernel(double, double*, int, double*, int, int, int) [1517]
490.90ms  44.384us            (128 2 1)       (32 32 1)        32  16.000KB        0B         -           -           -           -  Tesla P100-PCIE         1         7  dgemm_shared_kernel(int, double, double*, int, double*, int, double, double*, int, int, int, int) [1531]
490.94ms  74.240us            (1 128 1)       (32 32 1)        29  16.000KB        0B         -           -           -           -  Tesla P100-PCIE         1         7  dtrsm_32_shared_kernel(double, double*, int, double*, int, int, int) [1540]
491.02ms  14.592us            (128 1 1)       (32 32 1)        32  16.000KB        0B         -           -           -           -  Tesla P100-PCIE         1         7  dgemm_shared_kernel(int, double, double*, int, double*, int, double, double*, int, int, int, int) [1554]
491.03ms  72.896us            (1 128 1)       (32 32 1)        29  16.000KB        0B         -           -           -           -  Tesla P100-PCIE         1         7  dtrsm_32_shared_kernel(double, double*, int, double*, int, int, int) [1563]
491.11ms  31.513ms           (128 64 1)       (32 32 1)        32  16.000KB        0B         -           -           -           -  Tesla P100-PCIE         1         7  dgemm_shared_kernel(int, double, double*, int, double*, int, double, double*, int, int, int, int) [1577]
522.62ms  81.024us            (1 128 1)       (32 32 1)        29  16.000KB        0B         -           -           -           -  Tesla P100-PCIE         1         7  dtrsm_32_shared_kernel(double, double*, int, double*, int, int, int) [1586]
522.70ms  18.080us            (128 1 1)       (32 32 1)        32  16.000KB        0B         -           -           -           -  Tesla P100-PCIE         1         7  dgemm_shared_kernel(int, double, double*, int, double*, int, double, double*, int, int, int, int) [1600]
522.72ms  79.360us            (1 128 1)       (32 32 1)        29  16.000KB        0B         -           -           -           -  Tesla P100-PCIE         1         7  dtrsm_32_shared_kernel(double, double*, int, double*, int, int, int) [1609]
522.80ms  47.935us            (128 2 1)       (32 32 1)        32  16.000KB        0B         -           -           -           -  Tesla P100-PCIE         1         7  dgemm_shared_kernel(int, double, double*, int, double*, int, double, double*, int, int, int, int) [1623]
522.85ms  81.280us            (1 128 1)       (32 32 1)        29  16.000KB        0B         -           -           -           -  Tesla P100-PCIE         1         7  dtrsm_32_shared_kernel(double, double*, int, double*, int, int, int) [1632]
522.93ms  16.320us            (128 1 1)       (32 32 1)        32  16.000KB        0B         -           -           -           -  Tesla P100-PCIE         1         7  dgemm_shared_kernel(int, double, double*, int, double*, int, double, double*, int, int, int, int) [1646]
522.95ms  80.896us            (1 128 1)       (32 32 1)        29  16.000KB        0B         -           -           -           -  Tesla P100-PCIE         1         7  dtrsm_32_shared_kernel(double, double*, int, double*, int, int, int) [1655]
523.03ms  162.88us            (128 4 1)       (32 32 1)        32  16.000KB        0B         -           -           -           -  Tesla P100-PCIE         1         7  dgemm_shared_kernel(int, double, double*, int, double*, int, double, double*, int, int, int, int) [1669]
523.20ms  81.344us            (1 128 1)       (32 32 1)        29  16.000KB        0B         -           -           -           -  Tesla P100-PCIE         1         7  dtrsm_32_shared_kernel(double, double*, int, double*, int, int, int) [1678]
523.28ms  17.984us            (128 1 1)       (32 32 1)        32  16.000KB        0B         -           -           -           -  Tesla P100-PCIE         1         7  dgemm_shared_kernel(int, double, double*, int, double*, int, double, double*, int, int, int, int) [1692]
523.30ms  81.247us            (1 128 1)       (32 32 1)        29  16.000KB        0B         -           -           -           -  Tesla P100-PCIE         1         7  dtrsm_32_shared_kernel(double, double*, int, double*, int, int, int) [1701]
523.38ms  47.744us            (128 2 1)       (32 32 1)        32  16.000KB        0B         -           -           -           -  Tesla P100-PCIE         1         7  dgemm_shared_kernel(int, double, double*, int, double*, int, double, double*, int, int, int, int) [1715]
523.43ms  81.600us            (1 128 1)       (32 32 1)        29  16.000KB        0B         -           -           -           -  Tesla P100-PCIE         1         7  dtrsm_32_shared_kernel(double, double*, int, double*, int, int, int) [1724]
523.51ms  16.256us            (128 1 1)       (32 32 1)        32  16.000KB        0B         -           -           -           -  Tesla P100-PCIE         1         7  dgemm_shared_kernel(int, double, double*, int, double*, int, double, double*, int, int, int, int) [1738]
523.53ms  80.128us            (1 128 1)       (32 32 1)        29  16.000KB        0B         -           -           -           -  Tesla P100-PCIE         1         7  dtrsm_32_shared_kernel(double, double*, int, double*, int, int, int) [1747]
523.61ms  577.86us            (128 8 1)       (32 32 1)        32  16.000KB        0B         -           -           -           -  Tesla P100-PCIE         1         7  dgemm_shared_kernel(int, double, double*, int, double*, int, double, double*, int, int, int, int) [1761]
524.19ms  81.343us            (1 128 1)       (32 32 1)        29  16.000KB        0B         -           -           -           -  Tesla P100-PCIE         1         7  dtrsm_32_shared_kernel(double, double*, int, double*, int, int, int) [1770]
524.27ms  18.144us            (128 1 1)       (32 32 1)        32  16.000KB        0B         -           -           -           -  Tesla P100-PCIE         1         7  dgemm_shared_kernel(int, double, double*, int, double*, int, double, double*, int, int, int, int) [1784]
524.29ms  80.320us            (1 128 1)       (32 32 1)        29  16.000KB        0B         -           -           -           -  Tesla P100-PCIE         1         7  dtrsm_32_shared_kernel(double, double*, int, double*, int, int, int) [1793]
524.37ms  47.488us            (128 2 1)       (32 32 1)        32  16.000KB        0B         -           -           -           -  Tesla P100-PCIE         1         7  dgemm_shared_kernel(int, double, double*, int, double*, int, double, double*, int, int, int, int) [1807]
524.42ms  81.216us            (1 128 1)       (32 32 1)        29  16.000KB        0B         -           -           -           -  Tesla P100-PCIE         1         7  dtrsm_32_shared_kernel(double, double*, int, double*, int, int, int) [1816]
524.50ms  16.352us            (128 1 1)       (32 32 1)        32  16.000KB        0B         -           -           -           -  Tesla P100-PCIE         1         7  dgemm_shared_kernel(int, double, double*, int, double*, int, double, double*, int, int, int, int) [1830]
524.52ms  80.064us            (1 128 1)       (32 32 1)        29  16.000KB        0B         -           -           -           -  Tesla P100-PCIE         1         7  dtrsm_32_shared_kernel(double, double*, int, double*, int, int, int) [1839]
524.60ms  160.74us            (128 4 1)       (32 32 1)        32  16.000KB        0B         -           -           -           -  Tesla P100-PCIE         1         7  dgemm_shared_kernel(int, double, double*, int, double*, int, double, double*, int, int, int, int) [1853]
524.76ms  81.888us            (1 128 1)       (32 32 1)        29  16.000KB        0B         -           -           -           -  Tesla P100-PCIE         1         7  dtrsm_32_shared_kernel(double, double*, int, double*, int, int, int) [1862]
524.85ms  17.920us            (128 1 1)       (32 32 1)        32  16.000KB        0B         -           -           -           -  Tesla P100-PCIE         1         7  dgemm_shared_kernel(int, double, double*, int, double*, int, double, double*, int, int, int, int) [1876]
524.86ms  79.328us            (1 128 1)       (32 32 1)        29  16.000KB        0B         -           -           -           -  Tesla P100-PCIE         1         7  dtrsm_32_shared_kernel(double, double*, int, double*, int, int, int) [1885]
524.94ms  48.800us            (128 2 1)       (32 32 1)        32  16.000KB        0B         -           -           -           -  Tesla P100-PCIE         1         7  dgemm_shared_kernel(int, double, double*, int, double*, int, double, double*, int, int, int, int) [1899]
524.99ms  81.216us            (1 128 1)       (32 32 1)        29  16.000KB        0B         -           -           -           -  Tesla P100-PCIE         1         7  dtrsm_32_shared_kernel(double, double*, int, double*, int, int, int) [1908]
525.08ms  16.224us            (128 1 1)       (32 32 1)        32  16.000KB        0B         -           -           -           -  Tesla P100-PCIE         1         7  dgemm_shared_kernel(int, double, double*, int, double*, int, double, double*, int, int, int, int) [1922]
525.09ms  79.999us            (1 128 1)       (32 32 1)        29  16.000KB        0B         -           -           -           -  Tesla P100-PCIE         1         7  dtrsm_32_shared_kernel(double, double*, int, double*, int, int, int) [1931]
525.17ms  2.1904ms           (128 16 1)       (32 32 1)        32  16.000KB        0B         -           -           -           -  Tesla P100-PCIE         1         7  dgemm_shared_kernel(int, double, double*, int, double*, int, double, double*, int, int, int, int) [1945]
527.37ms  81.151us            (1 128 1)       (32 32 1)        29  16.000KB        0B         -           -           -           -  Tesla P100-PCIE         1         7  dtrsm_32_shared_kernel(double, double*, int, double*, int, int, int) [1954]
527.45ms  18.208us            (128 1 1)       (32 32 1)        32  16.000KB        0B         -           -           -           -  Tesla P100-PCIE         1         7  dgemm_shared_kernel(int, double, double*, int, double*, int, double, double*, int, int, int, int) [1968]
527.47ms  80.160us            (1 128 1)       (32 32 1)        29  16.000KB        0B         -           -           -           -  Tesla P100-PCIE         1         7  dtrsm_32_shared_kernel(double, double*, int, double*, int, int, int) [1977]
527.55ms  47.936us            (128 2 1)       (32 32 1)        32  16.000KB        0B         -           -           -           -  Tesla P100-PCIE         1         7  dgemm_shared_kernel(int, double, double*, int, double*, int, double, double*, int, int, int, int) [1991]
527.60ms  81.632us            (1 128 1)       (32 32 1)        29  16.000KB        0B         -           -           -           -  Tesla P100-PCIE         1         7  dtrsm_32_shared_kernel(double, double*, int, double*, int, int, int) [2000]
527.68ms  16.352us            (128 1 1)       (32 32 1)        32  16.000KB        0B         -           -           -           -  Tesla P100-PCIE         1         7  dgemm_shared_kernel(int, double, double*, int, double*, int, double, double*, int, int, int, int) [2014]
527.70ms  81.376us            (1 128 1)       (32 32 1)        29  16.000KB        0B         -           -           -           -  Tesla P100-PCIE         1         7  dtrsm_32_shared_kernel(double, double*, int, double*, int, int, int) [2023]
527.78ms  164.19us            (128 4 1)       (32 32 1)        32  16.000KB        0B         -           -           -           -  Tesla P100-PCIE         1         7  dgemm_shared_kernel(int, double, double*, int, double*, int, double, double*, int, int, int, int) [2037]
527.94ms  81.472us            (1 128 1)       (32 32 1)        29  16.000KB        0B         -           -           -           -  Tesla P100-PCIE         1         7  dtrsm_32_shared_kernel(double, double*, int, double*, int, int, int) [2046]
528.03ms  17.984us            (128 1 1)       (32 32 1)        32  16.000KB        0B         -           -           -           -  Tesla P100-PCIE         1         7  dgemm_shared_kernel(int, double, double*, int, double*, int, double, double*, int, int, int, int) [2060]
528.05ms  81.216us            (1 128 1)       (32 32 1)        29  16.000KB        0B         -           -           -           -  Tesla P100-PCIE         1         7  dtrsm_32_shared_kernel(double, double*, int, double*, int, int, int) [2069]
528.13ms  47.488us            (128 2 1)       (32 32 1)        32  16.000KB        0B         -           -           -           -  Tesla P100-PCIE         1         7  dgemm_shared_kernel(int, double, double*, int, double*, int, double, double*, int, int, int, int) [2083]
528.18ms  81.728us            (1 128 1)       (32 32 1)        29  16.000KB        0B         -           -           -           -  Tesla P100-PCIE         1         7  dtrsm_32_shared_kernel(double, double*, int, double*, int, int, int) [2092]
528.26ms  16.288us            (128 1 1)       (32 32 1)        32  16.000KB        0B         -           -           -           -  Tesla P100-PCIE         1         7  dgemm_shared_kernel(int, double, double*, int, double*, int, double, double*, int, int, int, int) [2106]
528.28ms  79.967us            (1 128 1)       (32 32 1)        29  16.000KB        0B         -           -           -           -  Tesla P100-PCIE         1         7  dtrsm_32_shared_kernel(double, double*, int, double*, int, int, int) [2115]
528.36ms  578.24us            (128 8 1)       (32 32 1)        32  16.000KB        0B         -           -           -           -  Tesla P100-PCIE         1         7  dgemm_shared_kernel(int, double, double*, int, double*, int, double, double*, int, int, int, int) [2129]
528.94ms  82.048us            (1 128 1)       (32 32 1)        29  16.000KB        0B         -           -           -           -  Tesla P100-PCIE         1         7  dtrsm_32_shared_kernel(double, double*, int, double*, int, int, int) [2138]
529.02ms  18.240us            (128 1 1)       (32 32 1)        32  16.000KB        0B         -           -           -           -  Tesla P100-PCIE         1         7  dgemm_shared_kernel(int, double, double*, int, double*, int, double, double*, int, int, int, int) [2152]
529.04ms  79.840us            (1 128 1)       (32 32 1)        29  16.000KB        0B         -           -           -           -  Tesla P100-PCIE         1         7  dtrsm_32_shared_kernel(double, double*, int, double*, int, int, int) [2161]
529.12ms  47.584us            (128 2 1)       (32 32 1)        32  16.000KB        0B         -           -           -           -  Tesla P100-PCIE         1         7  dgemm_shared_kernel(int, double, double*, int, double*, int, double, double*, int, int, int, int) [2175]
529.17ms  81.312us            (1 128 1)       (32 32 1)        29  16.000KB        0B         -           -           -           -  Tesla P100-PCIE         1         7  dtrsm_32_shared_kernel(double, double*, int, double*, int, int, int) [2184]
529.25ms  16.159us            (128 1 1)       (32 32 1)        32  16.000KB        0B         -           -           -           -  Tesla P100-PCIE         1         7  dgemm_shared_kernel(int, double, double*, int, double*, int, double, double*, int, int, int, int) [2198]
529.27ms  80.320us            (1 128 1)       (32 32 1)        29  16.000KB        0B         -           -           -           -  Tesla P100-PCIE         1         7  dtrsm_32_shared_kernel(double, double*, int, double*, int, int, int) [2207]
529.35ms  162.30us            (128 4 1)       (32 32 1)        32  16.000KB        0B         -           -           -           -  Tesla P100-PCIE         1         7  dgemm_shared_kernel(int, double, double*, int, double*, int, double, double*, int, int, int, int) [2221]
529.51ms  80.736us            (1 128 1)       (32 32 1)        29  16.000KB        0B         -           -           -           -  Tesla P100-PCIE         1         7  dtrsm_32_shared_kernel(double, double*, int, double*, int, int, int) [2230]
529.59ms  18.080us            (128 1 1)       (32 32 1)        32  16.000KB        0B         -           -           -           -  Tesla P100-PCIE         1         7  dgemm_shared_kernel(int, double, double*, int, double*, int, double, double*, int, int, int, int) [2244]
529.61ms  80.608us            (1 128 1)       (32 32 1)        29  16.000KB        0B         -           -           -           -  Tesla P100-PCIE         1         7  dtrsm_32_shared_kernel(double, double*, int, double*, int, int, int) [2253]
529.69ms  47.999us            (128 2 1)       (32 32 1)        32  16.000KB        0B         -           -           -           -  Tesla P100-PCIE         1         7  dgemm_shared_kernel(int, double, double*, int, double*, int, double, double*, int, int, int, int) [2267]
529.74ms  119.17us            (1 128 1)       (32 32 1)        29  16.000KB        0B         -           -           -           -  Tesla P100-PCIE         1         7  dtrsm_32_shared_kernel(double, double*, int, double*, int, int, int) [2276]
529.86ms  16.640us            (128 1 1)       (32 32 1)        32  16.000KB        0B         -           -           -           -  Tesla P100-PCIE         1         7  dgemm_shared_kernel(int, double, double*, int, double*, int, double, double*, int, int, int, int) [2290]
529.88ms  152.86us            (1 128 1)       (32 32 1)        29  16.000KB        0B         -           -           -           -  Tesla P100-PCIE         1         7  dtrsm_32_shared_kernel(double, double*, int, double*, int, int, int) [2299]
530.03ms  8.6148ms           (128 32 1)       (32 32 1)        32  16.000KB        0B         -           -           -           -  Tesla P100-PCIE         1         7  dgemm_shared_kernel(int, double, double*, int, double*, int, double, double*, int, int, int, int) [2313]
538.65ms  158.11us            (1 128 1)       (32 32 1)        29  16.000KB        0B         -           -           -           -  Tesla P100-PCIE         1         7  dtrsm_32_shared_kernel(double, double*, int, double*, int, int, int) [2322]
538.81ms  18.240us            (128 1 1)       (32 32 1)        32  16.000KB        0B         -           -           -           -  Tesla P100-PCIE         1         7  dgemm_shared_kernel(int, double, double*, int, double*, int, double, double*, int, int, int, int) [2336]
538.83ms  155.04us            (1 128 1)       (32 32 1)        29  16.000KB        0B         -           -           -           -  Tesla P100-PCIE         1         7  dtrsm_32_shared_kernel(double, double*, int, double*, int, int, int) [2345]
538.98ms  48.448us            (128 2 1)       (32 32 1)        32  16.000KB        0B         -           -           -           -  Tesla P100-PCIE         1         7  dgemm_shared_kernel(int, double, double*, int, double*, int, double, double*, int, int, int, int) [2359]
539.03ms  158.24us            (1 128 1)       (32 32 1)        29  16.000KB        0B         -           -           -           -  Tesla P100-PCIE         1         7  dtrsm_32_shared_kernel(double, double*, int, double*, int, int, int) [2368]
539.19ms  16.512us            (128 1 1)       (32 32 1)        32  16.000KB        0B         -           -           -           -  Tesla P100-PCIE         1         7  dgemm_shared_kernel(int, double, double*, int, double*, int, double, double*, int, int, int, int) [2382]
539.21ms  156.61us            (1 128 1)       (32 32 1)        29  16.000KB        0B         -           -           -           -  Tesla P100-PCIE         1         7  dtrsm_32_shared_kernel(double, double*, int, double*, int, int, int) [2391]
539.37ms  167.23us            (128 4 1)       (32 32 1)        32  16.000KB        0B         -           -           -           -  Tesla P100-PCIE         1         7  dgemm_shared_kernel(int, double, double*, int, double*, int, double, double*, int, int, int, int) [2405]
539.54ms  158.11us            (1 128 1)       (32 32 1)        29  16.000KB        0B         -           -           -           -  Tesla P100-PCIE         1         7  dtrsm_32_shared_kernel(double, double*, int, double*, int, int, int) [2414]
539.70ms  18.176us            (128 1 1)       (32 32 1)        32  16.000KB        0B         -           -           -           -  Tesla P100-PCIE         1         7  dgemm_shared_kernel(int, double, double*, int, double*, int, double, double*, int, int, int, int) [2428]
539.71ms  156.58us            (1 128 1)       (32 32 1)        29  16.000KB        0B         -           -           -           -  Tesla P100-PCIE         1         7  dtrsm_32_shared_kernel(double, double*, int, double*, int, int, int) [2437]
539.87ms  49.024us            (128 2 1)       (32 32 1)        32  16.000KB        0B         -           -           -           -  Tesla P100-PCIE         1         7  dgemm_shared_kernel(int, double, double*, int, double*, int, double, double*, int, int, int, int) [2451]
539.92ms  156.45us            (1 128 1)       (32 32 1)        29  16.000KB        0B         -           -           -           -  Tesla P100-PCIE         1         7  dtrsm_32_shared_kernel(double, double*, int, double*, int, int, int) [2460]
540.08ms  16.192us            (128 1 1)       (32 32 1)        32  16.000KB        0B         -           -           -           -  Tesla P100-PCIE         1         7  dgemm_shared_kernel(int, double, double*, int, double*, int, double, double*, int, int, int, int) [2474]
540.10ms  153.31us            (1 128 1)       (32 32 1)        29  16.000KB        0B         -           -           -           -  Tesla P100-PCIE         1         7  dtrsm_32_shared_kernel(double, double*, int, double*, int, int, int) [2483]
540.25ms  591.94us            (128 8 1)       (32 32 1)        32  16.000KB        0B         -           -           -           -  Tesla P100-PCIE         1         7  dgemm_shared_kernel(int, double, double*, int, double*, int, double, double*, int, int, int, int) [2497]
540.84ms  158.82us            (1 128 1)       (32 32 1)        29  16.000KB        0B         -           -           -           -  Tesla P100-PCIE         1         7  dtrsm_32_shared_kernel(double, double*, int, double*, int, int, int) [2506]
541.00ms  18.496us            (128 1 1)       (32 32 1)        32  16.000KB        0B         -           -           -           -  Tesla P100-PCIE         1         7  dgemm_shared_kernel(int, double, double*, int, double*, int, double, double*, int, int, int, int) [2520]
541.02ms  157.57us            (1 128 1)       (32 32 1)        29  16.000KB        0B         -           -           -           -  Tesla P100-PCIE         1         7  dtrsm_32_shared_kernel(double, double*, int, double*, int, int, int) [2529]
541.18ms  47.296us            (128 2 1)       (32 32 1)        32  16.000KB        0B         -           -           -           -  Tesla P100-PCIE         1         7  dgemm_shared_kernel(int, double, double*, int, double*, int, double, double*, int, int, int, int) [2543]
541.23ms  155.20us            (1 128 1)       (32 32 1)        29  16.000KB        0B         -           -           -           -  Tesla P100-PCIE         1         7  dtrsm_32_shared_kernel(double, double*, int, double*, int, int, int) [2552]
541.39ms  16.416us            (128 1 1)       (32 32 1)        32  16.000KB        0B         -           -           -           -  Tesla P100-PCIE         1         7  dgemm_shared_kernel(int, double, double*, int, double*, int, double, double*, int, int, int, int) [2566]
541.40ms  157.09us            (1 128 1)       (32 32 1)        29  16.000KB        0B         -           -           -           -  Tesla P100-PCIE         1         7  dtrsm_32_shared_kernel(double, double*, int, double*, int, int, int) [2575]
541.56ms  164.26us            (128 4 1)       (32 32 1)        32  16.000KB        0B         -           -           -           -  Tesla P100-PCIE         1         7  dgemm_shared_kernel(int, double, double*, int, double*, int, double, double*, int, int, int, int) [2589]
541.73ms  155.23us            (1 128 1)       (32 32 1)        29  16.000KB        0B         -           -           -           -  Tesla P100-PCIE         1         7  dtrsm_32_shared_kernel(double, double*, int, double*, int, int, int) [2598]
541.88ms  18.048us            (128 1 1)       (32 32 1)        32  16.000KB        0B         -           -           -           -  Tesla P100-PCIE         1         7  dgemm_shared_kernel(int, double, double*, int, double*, int, double, double*, int, int, int, int) [2612]
541.90ms  153.89us            (1 128 1)       (32 32 1)        29  16.000KB        0B         -           -           -           -  Tesla P100-PCIE         1         7  dtrsm_32_shared_kernel(double, double*, int, double*, int, int, int) [2621]
542.06ms  48.895us            (128 2 1)       (32 32 1)        32  16.000KB        0B         -           -           -           -  Tesla P100-PCIE         1         7  dgemm_shared_kernel(int, double, double*, int, double*, int, double, double*, int, int, int, int) [2635]
542.11ms  158.05us            (1 128 1)       (32 32 1)        29  16.000KB        0B         -           -           -           -  Tesla P100-PCIE         1         7  dtrsm_32_shared_kernel(double, double*, int, double*, int, int, int) [2644]
542.27ms  16.416us            (128 1 1)       (32 32 1)        32  16.000KB        0B         -           -           -           -  Tesla P100-PCIE         1         7  dgemm_shared_kernel(int, double, double*, int, double*, int, double, double*, int, int, int, int) [2658]
542.28ms  156.51us            (1 128 1)       (32 32 1)        29  16.000KB        0B         -           -           -           -  Tesla P100-PCIE         1         7  dtrsm_32_shared_kernel(double, double*, int, double*, int, int, int) [2667]
542.44ms  2.2366ms           (128 16 1)       (32 32 1)        32  16.000KB        0B         -           -           -           -  Tesla P100-PCIE         1         7  dgemm_shared_kernel(int, double, double*, int, double*, int, double, double*, int, int, int, int) [2681]
544.68ms  155.30us            (1 128 1)       (32 32 1)        29  16.000KB        0B         -           -           -           -  Tesla P100-PCIE         1         7  dtrsm_32_shared_kernel(double, double*, int, double*, int, int, int) [2690]
544.83ms  18.048us            (128 1 1)       (32 32 1)        32  16.000KB        0B         -           -           -           -  Tesla P100-PCIE         1         7  dgemm_shared_kernel(int, double, double*, int, double*, int, double, double*, int, int, int, int) [2704]
544.85ms  156.80us            (1 128 1)       (32 32 1)        29  16.000KB        0B         -           -           -           -  Tesla P100-PCIE         1         7  dtrsm_32_shared_kernel(double, double*, int, double*, int, int, int) [2713]
545.01ms  48.224us            (128 2 1)       (32 32 1)        32  16.000KB        0B         -           -           -           -  Tesla P100-PCIE         1         7  dgemm_shared_kernel(int, double, double*, int, double*, int, double, double*, int, int, int, int) [2727]
545.06ms  158.08us            (1 128 1)       (32 32 1)        29  16.000KB        0B         -           -           -           -  Tesla P100-PCIE         1         7  dtrsm_32_shared_kernel(double, double*, int, double*, int, int, int) [2736]
545.22ms  16.352us            (128 1 1)       (32 32 1)        32  16.000KB        0B         -           -           -           -  Tesla P100-PCIE         1         7  dgemm_shared_kernel(int, double, double*, int, double*, int, double, double*, int, int, int, int) [2750]
545.24ms  154.37us            (1 128 1)       (32 32 1)        29  16.000KB        0B         -           -           -           -  Tesla P100-PCIE         1         7  dtrsm_32_shared_kernel(double, double*, int, double*, int, int, int) [2759]
545.39ms  165.76us            (128 4 1)       (32 32 1)        32  16.000KB        0B         -           -           -           -  Tesla P100-PCIE         1         7  dgemm_shared_kernel(int, double, double*, int, double*, int, double, double*, int, int, int, int) [2773]
545.56ms  156.51us            (1 128 1)       (32 32 1)        29  16.000KB        0B         -           -           -           -  Tesla P100-PCIE         1         7  dtrsm_32_shared_kernel(double, double*, int, double*, int, int, int) [2782]
545.72ms  18.015us            (128 1 1)       (32 32 1)        32  16.000KB        0B         -           -           -           -  Tesla P100-PCIE         1         7  dgemm_shared_kernel(int, double, double*, int, double*, int, double, double*, int, int, int, int) [2796]
545.73ms  154.85us            (1 128 1)       (32 32 1)        29  16.000KB        0B         -           -           -           -  Tesla P100-PCIE         1         7  dtrsm_32_shared_kernel(double, double*, int, double*, int, int, int) [2805]
545.89ms  48.224us            (128 2 1)       (32 32 1)        32  16.000KB        0B         -           -           -           -  Tesla P100-PCIE         1         7  dgemm_shared_kernel(int, double, double*, int, double*, int, double, double*, int, int, int, int) [2819]
545.94ms  158.08us            (1 128 1)       (32 32 1)        29  16.000KB        0B         -           -           -           -  Tesla P100-PCIE         1         7  dtrsm_32_shared_kernel(double, double*, int, double*, int, int, int) [2828]
546.10ms  16.384us            (128 1 1)       (32 32 1)        32  16.000KB        0B         -           -           -           -  Tesla P100-PCIE         1         7  dgemm_shared_kernel(int, double, double*, int, double*, int, double, double*, int, int, int, int) [2842]
546.12ms  154.88us            (1 128 1)       (32 32 1)        29  16.000KB        0B         -           -           -           -  Tesla P100-PCIE         1         7  dtrsm_32_shared_kernel(double, double*, int, double*, int, int, int) [2851]
546.27ms  590.11us            (128 8 1)       (32 32 1)        32  16.000KB        0B         -           -           -           -  Tesla P100-PCIE         1         7  dgemm_shared_kernel(int, double, double*, int, double*, int, double, double*, int, int, int, int) [2865]
546.86ms  157.57us            (1 128 1)       (32 32 1)        29  16.000KB        0B         -           -           -           -  Tesla P100-PCIE         1         7  dtrsm_32_shared_kernel(double, double*, int, double*, int, int, int) [2874]
547.02ms  18.496us            (128 1 1)       (32 32 1)        32  16.000KB        0B         -           -           -           -  Tesla P100-PCIE         1         7  dgemm_shared_kernel(int, double, double*, int, double*, int, double, double*, int, int, int, int) [2888]
547.04ms  156.45us            (1 128 1)       (32 32 1)        29  16.000KB        0B         -           -           -           -  Tesla P100-PCIE         1         7  dtrsm_32_shared_kernel(double, double*, int, double*, int, int, int) [2897]
547.20ms  48.608us            (128 2 1)       (32 32 1)        32  16.000KB        0B         -           -           -           -  Tesla P100-PCIE         1         7  dgemm_shared_kernel(int, double, double*, int, double*, int, double, double*, int, int, int, int) [2911]
547.25ms  155.10us            (1 128 1)       (32 32 1)        29  16.000KB        0B         -           -           -           -  Tesla P100-PCIE         1         7  dtrsm_32_shared_kernel(double, double*, int, double*, int, int, int) [2920]
547.40ms  16.512us            (128 1 1)       (32 32 1)        32  16.000KB        0B         -           -           -           -  Tesla P100-PCIE         1         7  dgemm_shared_kernel(int, double, double*, int, double*, int, double, double*, int, int, int, int) [2934]
547.42ms  156.99us            (1 128 1)       (32 32 1)        29  16.000KB        0B         -           -           -           -  Tesla P100-PCIE         1         7  dtrsm_32_shared_kernel(double, double*, int, double*, int, int, int) [2943]
547.58ms  165.44us            (128 4 1)       (32 32 1)        32  16.000KB        0B         -           -           -           -  Tesla P100-PCIE         1         7  dgemm_shared_kernel(int, double, double*, int, double*, int, double, double*, int, int, int, int) [2957]
547.75ms  155.30us            (1 128 1)       (32 32 1)        29  16.000KB        0B         -           -           -           -  Tesla P100-PCIE         1         7  dtrsm_32_shared_kernel(double, double*, int, double*, int, int, int) [2966]
547.90ms  18.048us            (128 1 1)       (32 32 1)        32  16.000KB        0B         -           -           -           -  Tesla P100-PCIE         1         7  dgemm_shared_kernel(int, double, double*, int, double*, int, double, double*, int, int, int, int) [2980]
547.92ms  157.02us            (1 128 1)       (32 32 1)        29  16.000KB        0B         -           -           -           -  Tesla P100-PCIE         1         7  dtrsm_32_shared_kernel(double, double*, int, double*, int, int, int) [2989]
548.08ms  48.864us            (128 2 1)       (32 32 1)        32  16.000KB        0B         -           -           -           -  Tesla P100-PCIE         1         7  dgemm_shared_kernel(int, double, double*, int, double*, int, double, double*, int, int, int, int) [3003]
548.13ms  158.62us            (1 128 1)       (32 32 1)        29  16.000KB        0B         -           -           -           -  Tesla P100-PCIE         1         7  dtrsm_32_shared_kernel(double, double*, int, double*, int, int, int) [3012]
548.29ms  16.512us            (128 1 1)       (32 32 1)        32  16.000KB        0B         -           -           -           -  Tesla P100-PCIE         1         7  dgemm_shared_kernel(int, double, double*, int, double*, int, double, double*, int, int, int, int) [3026]
548.31ms  154.88us            (1 128 1)       (32 32 1)        29  16.000KB        0B         -           -           -           -  Tesla P100-PCIE         1         7  dtrsm_32_shared_kernel(double, double*, int, double*, int, int, int) [3035]
548.56ms  49.483ms                    -               -         -         -         -  128.00MB  2.5261GB/s      Device    Pageable  Tesla P100-PCIE         1         7  [CUDA memcpy DtoH]

Regs: Number of registers used per CUDA thread. This number includes registers used internally by the CUDA driver and/or tools and can be more than what the compiler shows.
SSMem: Static shared memory allocated per CUDA block.
DSMem: Dynamic shared memory allocated per CUDA block.
SrcMemType: The type of source memory accessed by memory operation/copy
DstMemType: The type of destination memory accessed by memory operation/copy
