Architecture:          x86_64
CPU op-mode(s):        32-bit, 64-bit
Byte Order:            Little Endian
CPU(s):                40
On-line CPU(s) list:   0-39
Thread(s) per core:    1
Core(s) per socket:    20
Socket(s):             2
NUMA node(s):          2
Vendor ID:             GenuineIntel
CPU family:            6
Model:                 85
Model name:            Intel(R) Xeon(R) Gold 6138 CPU @ 2.00GHz
Stepping:              4
CPU MHz:               1945.922
CPU max MHz:           3700,0000
CPU min MHz:           1000,0000
BogoMIPS:              4000.00
Virtualization:        VT-x
L1d cache:             32K
L1i cache:             32K
L2 cache:              1024K
L3 cache:              28160K
NUMA node0 CPU(s):     0-19
NUMA node1 CPU(s):     20-39
Flags:                 fpu vme de pse tsc msr pae mce cx8 apic sep mtrr pge mca cmov pat pse36 clflush dts acpi mmx fxsr sse sse2 ss ht tm pbe syscall nx pdpe1gb rdtscp lm constant_tsc art arch_perfmon pebs bts rep_good nopl xtopology nonstop_tsc aperfmperf eagerfpu pni pclmulqdq dtes64 monitor ds_cpl vmx smx est tm2 ssse3 sdbg fma cx16 xtpr pdcm pcid dca sse4_1 sse4_2 x2apic movbe popcnt tsc_deadline_timer aes xsave avx f16c rdrand lahf_lm abm 3dnowprefetch epb cat_l3 cdp_l3 intel_ppin intel_pt ssbd mba ibrs ibpb stibp tpr_shadow vnmi flexpriority ept vpid fsgsbase tsc_adjust bmi1 hle avx2 smep bmi2 erms invpcid rtm cqm mpx rdt_a avx512f avx512dq rdseed adx smap clflushopt clwb avx512cd avx512bw avx512vl xsaveopt xsavec xgetbv1 cqm_llc cqm_occup_llc cqm_mbm_total cqm_mbm_local dtherm ida arat pln pts hwp hwp_act_window hwp_pkg_req pku ospke spec_ctrl intel_stibp flush_l1d
Thu May  7 00:33:45 2020       
+-----------------------------------------------------------------------------+
| NVIDIA-SMI 396.44                 Driver Version: 396.44                    |
|-------------------------------+----------------------+----------------------+
| GPU  Name        Persistence-M| Bus-Id        Disp.A | Volatile Uncorr. ECC |
| Fan  Temp  Perf  Pwr:Usage/Cap|         Memory-Usage | GPU-Util  Compute M. |
|===============================+======================+======================|
|   0  Tesla P100-PCIE...  Off  | 00000000:37:00.0 Off |                    0 |
| N/A   44C    P0    33W / 250W |      0MiB / 12198MiB |      4%      Default |
+-------------------------------+----------------------+----------------------+
                                                                               
+-----------------------------------------------------------------------------+
| Processes:                                                       GPU Memory |
|  GPU       PID   Type   Process name                             Usage      |
|=============================================================================|
|  No running processes found                                                 |
+-----------------------------------------------------------------------------+
nvcc main.cpp blur.cu -o blur -O3 -L/usr/X11R6/lib -lm -lpthread -lX11
nvcc -Xptxas -dlcm=cg main.cpp blur.cu -o blur_no_cache_l1 -O3 -L/usr/X11R6/lib -lm -lpthread -lX11
Usando gettimeofday para medir el tiempo
Tiempo ajustar brillo CPU: 22.844971 ms

Usando CUDA EVENTS para medir el tiempo
Tiempo ajustar brillo GPU (Reserva de memoria): 0.542816 ms
Tiempo ajustar brillo GPU (Transferencia de datos (Host -> Device)): 1.058624 ms
Tiempo ajustar brillo GPU (Kernel): 0.100096 ms
Tiempo ajustar brillo GPU (Transferencia de datos (Host <- Device)): 1.192480 ms
Tiempo ajustar brillo GPU: 2.894016 ms

Usando CUDA EVENTS para medir el tiempo
Tiempo ajustar brillo GPU (Reserva de memoria): 1.183776 ms
Tiempo ajustar brillo GPU (Transferencia de datos (Host -> Device)): 1.437120 ms
Tiempo ajustar brillo GPU (Kernel): 0.172448 ms
Tiempo ajustar brillo GPU (Transferencia de datos (Host <- Device)): 1.345440 ms
Tiempo ajustar brillo GPU: 4.138784 ms

Usando gettimeofday para medir el tiempo
Tiempo filtro Gaussiano CPU: 66.392090 ms

Usando CUDA EVENTS para medir el tiempo
Tiempo filtro gaussiano GPU (Reserva de memoria): 1.549024 ms
Tiempo filtro gaussiano GPU (Transferencia de datos (Host -> Device)): 1.308224 ms
Tiempo filtro gaussiano GPU (Kernel): 0.270912 ms
Tiempo filtro gaussiano GPU (Transferencia de datos (Host <- Device)): 1.185632 ms
Tiempo filtro gaussiano GPU: 4.313792 ms

# Sin cache L1

Usando gettimeofday para medir el tiempo
Tiempo ajustar brillo CPU: 27.177979 ms

Usando CUDA EVENTS para medir el tiempo
Tiempo ajustar brillo GPU (Reserva de memoria): 0.553088 ms
Tiempo ajustar brillo GPU (Transferencia de datos (Host -> Device)): 0.937408 ms
Tiempo ajustar brillo GPU (Kernel): 0.100800 ms
Tiempo ajustar brillo GPU (Transferencia de datos (Host <- Device)): 0.930016 ms
Tiempo ajustar brillo GPU: 2.521312 ms

Usando CUDA EVENTS para medir el tiempo
Tiempo ajustar brillo GPU (Reserva de memoria): 1.097920 ms
Tiempo ajustar brillo GPU (Transferencia de datos (Host -> Device)): 1.199392 ms
Tiempo ajustar brillo GPU (Kernel): 0.206336 ms
Tiempo ajustar brillo GPU (Transferencia de datos (Host <- Device)): 1.175296 ms
Tiempo ajustar brillo GPU: 3.678944 ms

Usando gettimeofday para medir el tiempo
Tiempo filtro Gaussiano CPU: 66.741211 ms

Usando CUDA EVENTS para medir el tiempo
Tiempo filtro gaussiano GPU (Reserva de memoria): 1.617152 ms
Tiempo filtro gaussiano GPU (Transferencia de datos (Host -> Device)): 1.335488 ms
Tiempo filtro gaussiano GPU (Kernel): 1.018528 ms
Tiempo filtro gaussiano GPU (Transferencia de datos (Host <- Device)): 1.368480 ms
Tiempo filtro gaussiano GPU: 5.339648 ms

