nvcc main.cpp blur.cu -o blur -O3 -L/usr/X11R6/lib -lm -lpthread -lX11
nvcc -Xptxas -dlcm=cg main.cpp blur.cu -o blur_no_cache_l1 -O3 -L/usr/X11R6/lib -lm -lpthread -lX11
==15807== NVPROF is profiling process 15807, command: ./blur img/fing1_ruido.pgm
==15807== Some kernel(s) will be replayed on device 0 in order to collect all events/metrics.
==15807== Profiling application: ./blur img/fing1_ruido.pgm
Usando gettimeofday para medir el tiempo
Tiempo ajustar brillo CPU: 15.697021 ms

Usando CUDA EVENTS para medir el tiempo
Tiempo ajustar brillo GPU (Reserva de memoria): 0.408800 ms
Tiempo ajustar brillo GPU (Transferencia de datos (Host -> Device)): 1.198144 ms
Tiempo ajustar brillo GPU (Kernel): 78.253601 ms
Tiempo ajustar brillo GPU (Transferencia de datos (Host <- Device)): 1.264832 ms
Tiempo ajustar brillo GPU: 81.125374 ms

Usando CUDA EVENTS para medir el tiempo
Tiempo ajustar brillo GPU (Reserva de memoria): 1.025024 ms
Tiempo ajustar brillo GPU (Transferencia de datos (Host -> Device)): 1.552928 ms
Tiempo ajustar brillo GPU (Kernel): 65.422691 ms
Tiempo ajustar brillo GPU (Transferencia de datos (Host <- Device)): 1.274592 ms
Tiempo ajustar brillo GPU: 69.275230 ms

Usando gettimeofday para medir el tiempo
Tiempo filtro Gaussiano CPU: 53.438965 ms

Usando CUDA EVENTS para medir el tiempo
Tiempo filtro gaussiano GPU (Reserva de memoria): 1.381632 ms
Tiempo filtro gaussiano GPU (Transferencia de datos (Host -> Device)): 1.585504 ms
Tiempo filtro gaussiano GPU (Kernel): 79.110367 ms
Tiempo filtro gaussiano GPU (Transferencia de datos (Host <- Device)): 1.266368 ms
Tiempo filtro gaussiano GPU: 83.343864 ms

==15807== Profiling result:
==15807== Metric result:
Invocations                               Metric Name                        Metric Description         Min         Max         Avg
Device "Tesla P100-PCIE-12GB (0)"
    Kernel: ajustar_brillo_coalesced_kernel(float*, float*, int, int, float)
          1                            gld_efficiency             Global Memory Load Efficiency      50.00%      50.00%      50.00%
    Kernel: blur_kernel(float*, int, int, float*, float const *, int)
          1                            gld_efficiency             Global Memory Load Efficiency      30.35%      30.35%      30.35%
    Kernel: ajustar_brillo_no_coalesced_kernel(float*, float*, int, int, float)
          1                            gld_efficiency             Global Memory Load Efficiency      12.50%      12.50%      12.50%

# Sin cache L1

==15821== NVPROF is profiling process 15821, command: ./blur_no_cache_l1 img/fing1_ruido.pgm
==15821== Some kernel(s) will be replayed on device 0 in order to collect all events/metrics.
==15821== Profiling application: ./blur_no_cache_l1 img/fing1_ruido.pgm
==15821== Profiling result:
==15821== Metric result:
Invocations                               Metric Name                        Metric Description         Min         Max         Avg
Device "Tesla P100-PCIE-12GB (0)"
    Kernel: ajustar_brillo_coalesced_kernel(float*, float*, int, int, float)
          1                            gld_efficiency             Global Memory Load Efficiency     100.00%     100.00%     100.00%
    Kernel: blur_kernel(float*, int, int, float*, float const *, int)
          1                            gld_efficiency             Global Memory Load Efficiency      71.30%      71.30%      71.30%
    Kernel: ajustar_brillo_no_coalesced_kernel(float*, float*, int, int, float)
          1                            gld_efficiency             Global Memory Load Efficiency      12.50%      12.50%      12.50%
Usando gettimeofday para medir el tiempo
Tiempo ajustar brillo CPU: 17.854980 ms

Usando CUDA EVENTS para medir el tiempo
Tiempo ajustar brillo GPU (Reserva de memoria): 0.416608 ms
Tiempo ajustar brillo GPU (Transferencia de datos (Host -> Device)): 1.216032 ms
Tiempo ajustar brillo GPU (Kernel): 70.601501 ms
Tiempo ajustar brillo GPU (Transferencia de datos (Host <- Device)): 1.257120 ms
Tiempo ajustar brillo GPU: 73.491257 ms

Usando CUDA EVENTS para medir el tiempo
Tiempo ajustar brillo GPU (Reserva de memoria): 1.001344 ms
Tiempo ajustar brillo GPU (Transferencia de datos (Host -> Device)): 1.662400 ms
Tiempo ajustar brillo GPU (Kernel): 58.482208 ms
Tiempo ajustar brillo GPU (Transferencia de datos (Host <- Device)): 1.250528 ms
Tiempo ajustar brillo GPU: 62.396477 ms

Usando gettimeofday para medir el tiempo
Tiempo filtro Gaussiano CPU: 53.215820 ms

Usando CUDA EVENTS para medir el tiempo
Tiempo filtro gaussiano GPU (Reserva de memoria): 1.439872 ms
Tiempo filtro gaussiano GPU (Transferencia de datos (Host -> Device)): 1.571104 ms
Tiempo filtro gaussiano GPU (Kernel): 82.129280 ms
Tiempo filtro gaussiano GPU (Transferencia de datos (Host <- Device)): 1.259936 ms
Tiempo filtro gaussiano GPU: 86.400192 ms

